{"/home/rezi/svelte-gestures/src/shared.ts": {"path":"/home/rezi/svelte-gestures/src/shared.ts","all":false,"statementMap":{"0":{"start":{"line":1,"column":0},"end":{"line":1,"column":39}},"1":{"start":{"line":2,"column":0},"end":{"line":2,"column":44}},"2":{"start":{"line":3,"column":0},"end":{"line":3,"column":51}},"3":{"start":{"line":4,"column":0},"end":{"line":4,"column":43}},"66":{"start":{"line":67,"column":0},"end":{"line":67,"column":49}},"67":{"start":{"line":68,"column":0},"end":{"line":68,"column":33}},"68":{"start":{"line":69,"column":0},"end":{"line":69,"column":13}},"69":{"start":{"line":70,"column":0},"end":{"line":70,"column":1}},"71":{"start":{"line":72,"column":0},"end":{"line":72,"column":74}},"72":{"start":{"line":73,"column":0},"end":{"line":73,"column":11}},"73":{"start":{"line":74,"column":0},"end":{"line":74,"column":16}},"74":{"start":{"line":75,"column":0},"end":{"line":75,"column":37}},"75":{"start":{"line":76,"column":0},"end":{"line":76,"column":15}},"76":{"start":{"line":77,"column":0},"end":{"line":77,"column":64}},"77":{"start":{"line":78,"column":0},"end":{"line":78,"column":80}},"78":{"start":{"line":79,"column":0},"end":{"line":79,"column":1}},"80":{"start":{"line":81,"column":0},"end":{"line":81,"column":37}},"81":{"start":{"line":82,"column":0},"end":{"line":82,"column":20}},"82":{"start":{"line":83,"column":0},"end":{"line":83,"column":30}},"83":{"start":{"line":84,"column":0},"end":{"line":84,"column":10}},"84":{"start":{"line":85,"column":0},"end":{"line":85,"column":44}},"85":{"start":{"line":86,"column":0},"end":{"line":86,"column":80}},"86":{"start":{"line":87,"column":0},"end":{"line":87,"column":80}},"87":{"start":{"line":88,"column":0},"end":{"line":88,"column":74}},"88":{"start":{"line":89,"column":0},"end":{"line":89,"column":74}},"89":{"start":{"line":90,"column":0},"end":{"line":90,"column":39}},"90":{"start":{"line":91,"column":0},"end":{"line":91,"column":39}},"92":{"start":{"line":93,"column":0},"end":{"line":93,"column":44}},"93":{"start":{"line":94,"column":0},"end":{"line":94,"column":43}},"95":{"start":{"line":96,"column":0},"end":{"line":96,"column":18}},"96":{"start":{"line":97,"column":0},"end":{"line":97,"column":1}},"98":{"start":{"line":99,"column":0},"end":{"line":99,"column":28}},"99":{"start":{"line":100,"column":0},"end":{"line":100,"column":22}},"100":{"start":{"line":101,"column":0},"end":{"line":101,"column":30}},"101":{"start":{"line":102,"column":0},"end":{"line":102,"column":19}},"102":{"start":{"line":103,"column":0},"end":{"line":103,"column":61}},"103":{"start":{"line":104,"column":0},"end":{"line":104,"column":53}},"104":{"start":{"line":105,"column":0},"end":{"line":105,"column":5}},"105":{"start":{"line":106,"column":0},"end":{"line":106,"column":1}},"107":{"start":{"line":108,"column":0},"end":{"line":108,"column":38}},"108":{"start":{"line":109,"column":0},"end":{"line":109,"column":20}},"109":{"start":{"line":110,"column":0},"end":{"line":110,"column":21}},"110":{"start":{"line":111,"column":0},"end":{"line":111,"column":29}},"111":{"start":{"line":112,"column":0},"end":{"line":112,"column":44}},"112":{"start":{"line":113,"column":0},"end":{"line":113,"column":10}},"113":{"start":{"line":114,"column":0},"end":{"line":114,"column":45}},"114":{"start":{"line":115,"column":0},"end":{"line":115,"column":44}},"115":{"start":{"line":116,"column":0},"end":{"line":116,"column":4}},"116":{"start":{"line":117,"column":0},"end":{"line":117,"column":1}},"118":{"start":{"line":119,"column":0},"end":{"line":119,"column":37}},"119":{"start":{"line":120,"column":0},"end":{"line":120,"column":20}},"120":{"start":{"line":121,"column":0},"end":{"line":121,"column":22}},"121":{"start":{"line":122,"column":0},"end":{"line":122,"column":30}},"122":{"start":{"line":123,"column":0},"end":{"line":123,"column":18}},"123":{"start":{"line":124,"column":0},"end":{"line":124,"column":54}},"125":{"start":{"line":126,"column":0},"end":{"line":126,"column":36}},"126":{"start":{"line":127,"column":0},"end":{"line":127,"column":10}},"127":{"start":{"line":128,"column":0},"end":{"line":128,"column":39}},"128":{"start":{"line":129,"column":0},"end":{"line":129,"column":40}},"129":{"start":{"line":130,"column":0},"end":{"line":130,"column":6}},"130":{"start":{"line":131,"column":0},"end":{"line":131,"column":6}},"131":{"start":{"line":132,"column":0},"end":{"line":132,"column":25}},"132":{"start":{"line":133,"column":0},"end":{"line":133,"column":4}},"133":{"start":{"line":134,"column":0},"end":{"line":134,"column":19}},"134":{"start":{"line":135,"column":0},"end":{"line":135,"column":1}},"136":{"start":{"line":137,"column":0},"end":{"line":137,"column":25}},"137":{"start":{"line":138,"column":0},"end":{"line":138,"column":20}},"138":{"start":{"line":139,"column":0},"end":{"line":139,"column":22}},"139":{"start":{"line":140,"column":0},"end":{"line":140,"column":22}},"140":{"start":{"line":141,"column":0},"end":{"line":141,"column":31}},"141":{"start":{"line":142,"column":0},"end":{"line":142,"column":24}},"142":{"start":{"line":143,"column":0},"end":{"line":143,"column":18}},"143":{"start":{"line":144,"column":0},"end":{"line":144,"column":68}},"145":{"start":{"line":146,"column":0},"end":{"line":146,"column":21}},"146":{"start":{"line":147,"column":0},"end":{"line":147,"column":73}},"147":{"start":{"line":148,"column":0},"end":{"line":148,"column":4}},"149":{"start":{"line":150,"column":0},"end":{"line":150,"column":19}},"150":{"start":{"line":151,"column":0},"end":{"line":151,"column":1}},"155":{"start":{"line":156,"column":0},"end":{"line":156,"column":42}},"167":{"start":{"line":168,"column":0},"end":{"line":168,"column":3}},"168":{"start":{"line":169,"column":0},"end":{"line":169,"column":40}},"169":{"start":{"line":170,"column":0},"end":{"line":170,"column":54}},"170":{"start":{"line":171,"column":0},"end":{"line":171,"column":36}},"172":{"start":{"line":173,"column":0},"end":{"line":173,"column":10}},"173":{"start":{"line":174,"column":0},"end":{"line":174,"column":25}},"174":{"start":{"line":175,"column":0},"end":{"line":175,"column":26}},"175":{"start":{"line":176,"column":0},"end":{"line":176,"column":24}},"176":{"start":{"line":177,"column":0},"end":{"line":177,"column":52}},"177":{"start":{"line":178,"column":0},"end":{"line":178,"column":49}},"178":{"start":{"line":179,"column":0},"end":{"line":179,"column":47}},"179":{"start":{"line":180,"column":0},"end":{"line":180,"column":70}},"180":{"start":{"line":181,"column":0},"end":{"line":181,"column":38}},"183":{"start":{"line":184,"column":0},"end":{"line":184,"column":10}},"184":{"start":{"line":185,"column":0},"end":{"line":185,"column":66}},"185":{"start":{"line":186,"column":0},"end":{"line":186,"column":27}},"187":{"start":{"line":188,"column":0},"end":{"line":188,"column":35}},"188":{"start":{"line":189,"column":0},"end":{"line":189,"column":38}},"189":{"start":{"line":190,"column":0},"end":{"line":190,"column":9}},"192":{"start":{"line":193,"column":0},"end":{"line":193,"column":33}},"193":{"start":{"line":194,"column":0},"end":{"line":194,"column":63}},"194":{"start":{"line":195,"column":0},"end":{"line":195,"column":35}},"195":{"start":{"line":196,"column":0},"end":{"line":196,"column":56}},"196":{"start":{"line":197,"column":0},"end":{"line":197,"column":17}},"197":{"start":{"line":198,"column":0},"end":{"line":198,"column":24}},"198":{"start":{"line":199,"column":0},"end":{"line":199,"column":18}},"199":{"start":{"line":200,"column":0},"end":{"line":200,"column":25}},"200":{"start":{"line":201,"column":0},"end":{"line":201,"column":18}},"201":{"start":{"line":202,"column":0},"end":{"line":202,"column":12}},"202":{"start":{"line":203,"column":0},"end":{"line":203,"column":48}},"204":{"start":{"line":205,"column":0},"end":{"line":205,"column":28}},"205":{"start":{"line":206,"column":0},"end":{"line":206,"column":41}},"206":{"start":{"line":207,"column":0},"end":{"line":207,"column":59}},"207":{"start":{"line":208,"column":0},"end":{"line":208,"column":15}},"208":{"start":{"line":209,"column":0},"end":{"line":209,"column":13}},"210":{"start":{"line":211,"column":0},"end":{"line":211,"column":48}},"211":{"start":{"line":212,"column":0},"end":{"line":212,"column":59}},"212":{"start":{"line":213,"column":0},"end":{"line":213,"column":56}},"213":{"start":{"line":214,"column":0},"end":{"line":214,"column":74}},"215":{"start":{"line":216,"column":0},"end":{"line":216,"column":31}},"216":{"start":{"line":217,"column":0},"end":{"line":217,"column":62}},"217":{"start":{"line":218,"column":0},"end":{"line":218,"column":60}},"218":{"start":{"line":219,"column":0},"end":{"line":219,"column":21}},"219":{"start":{"line":220,"column":0},"end":{"line":220,"column":28}},"220":{"start":{"line":221,"column":0},"end":{"line":221,"column":18}},"221":{"start":{"line":222,"column":0},"end":{"line":222,"column":29}},"222":{"start":{"line":223,"column":0},"end":{"line":223,"column":20}},"223":{"start":{"line":224,"column":0},"end":{"line":224,"column":16}},"224":{"start":{"line":225,"column":0},"end":{"line":225,"column":46}},"226":{"start":{"line":227,"column":0},"end":{"line":227,"column":32}},"227":{"start":{"line":228,"column":0},"end":{"line":228,"column":45}},"228":{"start":{"line":229,"column":0},"end":{"line":229,"column":61}},"229":{"start":{"line":230,"column":0},"end":{"line":230,"column":19}},"230":{"start":{"line":231,"column":0},"end":{"line":231,"column":17}},"231":{"start":{"line":232,"column":0},"end":{"line":232,"column":13}},"232":{"start":{"line":233,"column":0},"end":{"line":233,"column":11}},"234":{"start":{"line":235,"column":0},"end":{"line":235,"column":48}},"235":{"start":{"line":236,"column":0},"end":{"line":236,"column":39}},"236":{"start":{"line":237,"column":0},"end":{"line":237,"column":46}},"237":{"start":{"line":238,"column":0},"end":{"line":238,"column":37}},"238":{"start":{"line":239,"column":0},"end":{"line":239,"column":40}},"239":{"start":{"line":240,"column":0},"end":{"line":240,"column":11}},"241":{"start":{"line":242,"column":0},"end":{"line":242,"column":60}},"242":{"start":{"line":243,"column":0},"end":{"line":243,"column":17}},"243":{"start":{"line":244,"column":0},"end":{"line":244,"column":26}},"244":{"start":{"line":245,"column":0},"end":{"line":245,"column":34}},"245":{"start":{"line":246,"column":0},"end":{"line":246,"column":78}},"246":{"start":{"line":247,"column":0},"end":{"line":247,"column":79}},"247":{"start":{"line":248,"column":0},"end":{"line":248,"column":17}},"248":{"start":{"line":249,"column":0},"end":{"line":249,"column":60}},"249":{"start":{"line":250,"column":0},"end":{"line":250,"column":21}},"250":{"start":{"line":251,"column":0},"end":{"line":251,"column":28}},"251":{"start":{"line":252,"column":0},"end":{"line":252,"column":18}},"252":{"start":{"line":253,"column":0},"end":{"line":253,"column":29}},"253":{"start":{"line":254,"column":0},"end":{"line":254,"column":22}},"254":{"start":{"line":255,"column":0},"end":{"line":255,"column":16}},"255":{"start":{"line":256,"column":0},"end":{"line":256,"column":48}},"257":{"start":{"line":258,"column":0},"end":{"line":258,"column":43}},"258":{"start":{"line":259,"column":0},"end":{"line":259,"column":61}},"259":{"start":{"line":260,"column":0},"end":{"line":260,"column":17}},"260":{"start":{"line":261,"column":0},"end":{"line":261,"column":13}},"261":{"start":{"line":262,"column":0},"end":{"line":262,"column":12}},"263":{"start":{"line":264,"column":0},"end":{"line":264,"column":67}},"264":{"start":{"line":265,"column":0},"end":{"line":265,"column":17}},"265":{"start":{"line":266,"column":0},"end":{"line":266,"column":33}},"266":{"start":{"line":267,"column":0},"end":{"line":267,"column":34}},"267":{"start":{"line":268,"column":0},"end":{"line":268,"column":22}},"268":{"start":{"line":269,"column":0},"end":{"line":269,"column":13}},"269":{"start":{"line":270,"column":0},"end":{"line":270,"column":12}},"271":{"start":{"line":272,"column":0},"end":{"line":272,"column":58}},"272":{"start":{"line":273,"column":0},"end":{"line":273,"column":17}},"273":{"start":{"line":274,"column":0},"end":{"line":274,"column":24}},"274":{"start":{"line":275,"column":0},"end":{"line":275,"column":34}},"275":{"start":{"line":276,"column":0},"end":{"line":276,"column":22}},"276":{"start":{"line":277,"column":0},"end":{"line":277,"column":13}},"277":{"start":{"line":278,"column":0},"end":{"line":278,"column":12}},"278":{"start":{"line":279,"column":0},"end":{"line":279,"column":61}},"279":{"start":{"line":280,"column":0},"end":{"line":280,"column":17}},"280":{"start":{"line":281,"column":0},"end":{"line":281,"column":27}},"281":{"start":{"line":282,"column":0},"end":{"line":282,"column":34}},"282":{"start":{"line":283,"column":0},"end":{"line":283,"column":22}},"283":{"start":{"line":284,"column":0},"end":{"line":284,"column":13}},"284":{"start":{"line":285,"column":0},"end":{"line":285,"column":12}},"285":{"start":{"line":286,"column":0},"end":{"line":286,"column":9}},"287":{"start":{"line":288,"column":0},"end":{"line":288,"column":52}},"288":{"start":{"line":289,"column":0},"end":{"line":289,"column":15}},"289":{"start":{"line":290,"column":0},"end":{"line":290,"column":24}},"290":{"start":{"line":291,"column":0},"end":{"line":291,"column":27}},"291":{"start":{"line":292,"column":0},"end":{"line":292,"column":10}},"292":{"start":{"line":293,"column":0},"end":{"line":293,"column":7}},"294":{"start":{"line":295,"column":0},"end":{"line":295,"column":14}},"295":{"start":{"line":296,"column":0},"end":{"line":296,"column":30}},"296":{"start":{"line":297,"column":0},"end":{"line":297,"column":37}},"297":{"start":{"line":298,"column":0},"end":{"line":298,"column":39}},"299":{"start":{"line":300,"column":0},"end":{"line":300,"column":41}},"300":{"start":{"line":301,"column":0},"end":{"line":301,"column":35}},"301":{"start":{"line":302,"column":0},"end":{"line":302,"column":15}},"302":{"start":{"line":303,"column":0},"end":{"line":303,"column":11}},"303":{"start":{"line":304,"column":0},"end":{"line":304,"column":10}},"304":{"start":{"line":305,"column":0},"end":{"line":305,"column":8}},"305":{"start":{"line":306,"column":0},"end":{"line":306,"column":6}},"306":{"start":{"line":307,"column":0},"end":{"line":307,"column":4}},"307":{"start":{"line":308,"column":0},"end":{"line":308,"column":1}}},"s":{"0":1,"1":1,"2":1,"3":1,"66":1,"67":10,"68":7,"69":7,"71":1,"72":0,"73":0,"74":0,"75":0,"76":0,"77":0,"78":0,"80":1,"81":17,"82":17,"83":17,"84":17,"85":17,"86":17,"87":17,"88":17,"89":17,"90":17,"92":17,"93":17,"95":17,"96":17,"98":1,"99":0,"100":0,"101":0,"102":0,"103":0,"104":0,"105":0,"107":1,"108":10,"109":10,"110":10,"111":10,"112":10,"113":10,"114":10,"115":10,"116":10,"118":1,"119":3,"120":3,"121":3,"122":3,"123":3,"125":3,"126":3,"127":3,"128":3,"129":3,"130":3,"131":3,"132":3,"133":3,"134":3,"136":1,"137":0,"138":0,"139":0,"140":0,"141":0,"142":0,"143":0,"145":0,"146":0,"147":0,"149":0,"150":0,"155":1,"167":33,"168":33,"169":33,"170":33,"172":33,"173":33,"174":0,"175":0,"176":0,"177":0,"178":0,"179":0,"180":0,"183":0,"184":0,"185":0,"187":0,"188":0,"189":0,"192":0,"193":0,"194":0,"195":0,"196":0,"197":0,"198":0,"199":0,"200":0,"201":0,"202":0,"204":0,"205":0,"206":0,"207":0,"208":0,"210":0,"211":0,"212":0,"213":0,"215":0,"216":0,"217":0,"218":0,"219":0,"220":0,"221":0,"222":0,"223":0,"224":0,"226":0,"227":0,"228":0,"229":0,"230":0,"231":0,"232":0,"234":0,"235":0,"236":0,"237":0,"238":0,"239":0,"241":0,"242":0,"243":0,"244":0,"245":0,"246":0,"247":0,"248":0,"249":0,"250":0,"251":0,"252":0,"253":0,"254":0,"255":0,"257":0,"258":0,"259":0,"260":0,"261":0,"263":0,"264":0,"265":0,"266":0,"267":0,"268":0,"269":0,"271":0,"272":0,"273":0,"274":0,"275":0,"276":0,"277":0,"278":0,"279":0,"280":0,"281":0,"282":0,"283":0,"284":0,"285":0,"287":0,"288":0,"289":0,"290":0,"291":0,"292":0,"294":0,"295":0,"296":0,"297":0,"299":0,"300":0,"301":0,"302":0,"303":0,"304":0,"305":0,"306":33,"307":33},"branchMap":{"0":{"type":"branch","line":67,"loc":{"start":{"line":67,"column":7},"end":{"line":70,"column":1}},"locations":[{"start":{"line":67,"column":7},"end":{"line":70,"column":1}}]},"1":{"type":"branch","line":68,"loc":{"start":{"line":68,"column":24},"end":{"line":68,"column":33}},"locations":[{"start":{"line":68,"column":24},"end":{"line":68,"column":33}}]},"2":{"type":"branch","line":68,"loc":{"start":{"line":68,"column":31},"end":{"line":70,"column":1}},"locations":[{"start":{"line":68,"column":31},"end":{"line":70,"column":1}}]},"3":{"type":"branch","line":81,"loc":{"start":{"line":81,"column":7},"end":{"line":97,"column":1}},"locations":[{"start":{"line":81,"column":7},"end":{"line":97,"column":1}}]},"4":{"type":"branch","line":108,"loc":{"start":{"line":108,"column":7},"end":{"line":117,"column":1}},"locations":[{"start":{"line":108,"column":7},"end":{"line":117,"column":1}}]},"5":{"type":"branch","line":119,"loc":{"start":{"line":119,"column":7},"end":{"line":135,"column":1}},"locations":[{"start":{"line":119,"column":7},"end":{"line":135,"column":1}}]},"6":{"type":"branch","line":156,"loc":{"start":{"line":156,"column":7},"end":{"line":308,"column":1}},"locations":[{"start":{"line":156,"column":7},"end":{"line":308,"column":1}}]}},"b":{"0":[10],"1":[3],"2":[7],"3":[17],"4":[10],"5":[3],"6":[33]},"fnMap":{"0":{"name":"ensureArray","decl":{"start":{"line":67,"column":7},"end":{"line":70,"column":1}},"loc":{"start":{"line":67,"column":7},"end":{"line":70,"column":1}},"line":67},"1":{"name":"addEventListener","decl":{"start":{"line":72,"column":7},"end":{"line":79,"column":1}},"loc":{"start":{"line":72,"column":7},"end":{"line":79,"column":1}},"line":72},"2":{"name":"getCenterOfTwoPoints","decl":{"start":{"line":81,"column":7},"end":{"line":97,"column":1}},"loc":{"start":{"line":81,"column":7},"end":{"line":97,"column":1}},"line":81},"3":{"name":"removeEvent","decl":{"start":{"line":99,"column":7},"end":{"line":106,"column":1}},"loc":{"start":{"line":99,"column":7},"end":{"line":106,"column":1}},"line":99},"4":{"name":"getEventPostionInNode","decl":{"start":{"line":108,"column":7},"end":{"line":117,"column":1}},"loc":{"start":{"line":108,"column":7},"end":{"line":117,"column":1}},"line":108},"5":{"name":"getDispatchEventData","decl":{"start":{"line":119,"column":7},"end":{"line":135,"column":1}},"loc":{"start":{"line":119,"column":7},"end":{"line":135,"column":1}},"line":119},"6":{"name":"dispatch","decl":{"start":{"line":137,"column":7},"end":{"line":151,"column":1}},"loc":{"start":{"line":137,"column":7},"end":{"line":151,"column":1}},"line":137},"7":{"name":"createPointerControls","decl":{"start":{"line":156,"column":7},"end":{"line":308,"column":1}},"loc":{"start":{"line":156,"column":7},"end":{"line":308,"column":1}},"line":156},"8":{"name":"removePointerdownHandler","decl":{"start":{"line":170,"column":45},"end":{"line":170,"column":54}},"loc":{"start":{"line":170,"column":45},"end":{"line":170,"column":54}},"line":170},"9":{"name":"setPointerControls","decl":{"start":{"line":174,"column":24},"end":{"line":306,"column":6}},"loc":{"start":{"line":174,"column":24},"end":{"line":306,"column":6}},"line":174}},"f":{"0":10,"1":0,"2":17,"3":0,"4":10,"5":3,"6":0,"7":33,"8":0,"9":0}}
,"/home/rezi/svelte-gestures/src/gestures/composed-gesture/composedGesture.svelte.ts": {"path":"/home/rezi/svelte-gestures/src/gestures/composed-gesture/composedGesture.svelte.ts","all":false,"statementMap":{"0":{"start":{"line":1,"column":0},"end":{"line":1,"column":8}},"3":{"start":{"line":4,"column":0},"end":{"line":4,"column":23}},"6":{"start":{"line":7,"column":0},"end":{"line":7,"column":24}},"7":{"start":{"line":8,"column":0},"end":{"line":8,"column":22}},"8":{"start":{"line":9,"column":0},"end":{"line":9,"column":57}},"105":{"start":{"line":106,"column":0},"end":{"line":106,"column":54}},"109":{"start":{"line":110,"column":0},"end":{"line":110,"column":30}},"110":{"start":{"line":111,"column":0},"end":{"line":111,"column":29}},"111":{"start":{"line":112,"column":0},"end":{"line":112,"column":65}},"112":{"start":{"line":113,"column":0},"end":{"line":113,"column":31}},"113":{"start":{"line":114,"column":0},"end":{"line":114,"column":22}},"114":{"start":{"line":115,"column":0},"end":{"line":115,"column":19}},"115":{"start":{"line":116,"column":0},"end":{"line":116,"column":9}},"116":{"start":{"line":117,"column":0},"end":{"line":117,"column":40}},"117":{"start":{"line":118,"column":0},"end":{"line":118,"column":59}},"118":{"start":{"line":119,"column":0},"end":{"line":119,"column":65}},"119":{"start":{"line":120,"column":0},"end":{"line":120,"column":68}},"120":{"start":{"line":121,"column":0},"end":{"line":121,"column":74}},"121":{"start":{"line":122,"column":0},"end":{"line":122,"column":56}},"122":{"start":{"line":123,"column":0},"end":{"line":123,"column":9}},"123":{"start":{"line":124,"column":0},"end":{"line":124,"column":5}},"124":{"start":{"line":125,"column":0},"end":{"line":125,"column":4}},"125":{"start":{"line":126,"column":0},"end":{"line":126,"column":1}},"127":{"start":{"line":128,"column":0},"end":{"line":128,"column":69}},"128":{"start":{"line":129,"column":0},"end":{"line":129,"column":35}},"129":{"start":{"line":130,"column":0},"end":{"line":130,"column":25}},"136":{"start":{"line":137,"column":0},"end":{"line":137,"column":20}},"137":{"start":{"line":138,"column":0},"end":{"line":138,"column":44}},"138":{"start":{"line":139,"column":0},"end":{"line":139,"column":57}},"139":{"start":{"line":140,"column":0},"end":{"line":140,"column":70}},"141":{"start":{"line":142,"column":0},"end":{"line":142,"column":10}},"142":{"start":{"line":143,"column":0},"end":{"line":143,"column":20}},"143":{"start":{"line":144,"column":0},"end":{"line":144,"column":61}},"144":{"start":{"line":145,"column":0},"end":{"line":145,"column":78}},"146":{"start":{"line":147,"column":0},"end":{"line":147,"column":67}},"147":{"start":{"line":148,"column":0},"end":{"line":148,"column":73}},"148":{"start":{"line":149,"column":0},"end":{"line":149,"column":21}},"149":{"start":{"line":150,"column":0},"end":{"line":150,"column":30}},"150":{"start":{"line":151,"column":0},"end":{"line":151,"column":47}},"151":{"start":{"line":152,"column":0},"end":{"line":152,"column":24}},"152":{"start":{"line":153,"column":0},"end":{"line":153,"column":25}},"153":{"start":{"line":154,"column":0},"end":{"line":154,"column":11}},"155":{"start":{"line":156,"column":0},"end":{"line":156,"column":42}},"156":{"start":{"line":157,"column":0},"end":{"line":157,"column":29}},"157":{"start":{"line":158,"column":0},"end":{"line":158,"column":44}},"158":{"start":{"line":159,"column":0},"end":{"line":159,"column":11}},"160":{"start":{"line":161,"column":0},"end":{"line":161,"column":29}},"161":{"start":{"line":162,"column":0},"end":{"line":162,"column":7}},"163":{"start":{"line":164,"column":0},"end":{"line":164,"column":29}},"166":{"start":{"line":167,"column":0},"end":{"line":167,"column":57}},"168":{"start":{"line":169,"column":0},"end":{"line":169,"column":44}},"170":{"start":{"line":171,"column":0},"end":{"line":171,"column":78}},"171":{"start":{"line":172,"column":0},"end":{"line":172,"column":22}},"172":{"start":{"line":173,"column":0},"end":{"line":173,"column":17}},"173":{"start":{"line":174,"column":0},"end":{"line":174,"column":38}},"174":{"start":{"line":175,"column":0},"end":{"line":175,"column":23}},"175":{"start":{"line":176,"column":0},"end":{"line":176,"column":16}},"176":{"start":{"line":177,"column":0},"end":{"line":177,"column":14}},"177":{"start":{"line":178,"column":0},"end":{"line":178,"column":10}},"178":{"start":{"line":179,"column":0},"end":{"line":179,"column":7}},"180":{"start":{"line":181,"column":0},"end":{"line":181,"column":80}},"181":{"start":{"line":182,"column":0},"end":{"line":182,"column":22}},"182":{"start":{"line":183,"column":0},"end":{"line":183,"column":19}},"183":{"start":{"line":184,"column":0},"end":{"line":184,"column":38}},"184":{"start":{"line":185,"column":0},"end":{"line":185,"column":23}},"185":{"start":{"line":186,"column":0},"end":{"line":186,"column":16}},"186":{"start":{"line":187,"column":0},"end":{"line":187,"column":14}},"187":{"start":{"line":188,"column":0},"end":{"line":188,"column":10}},"188":{"start":{"line":189,"column":0},"end":{"line":189,"column":7}},"190":{"start":{"line":191,"column":0},"end":{"line":191,"column":22}},"191":{"start":{"line":192,"column":0},"end":{"line":192,"column":37}},"192":{"start":{"line":193,"column":0},"end":{"line":193,"column":27}},"193":{"start":{"line":194,"column":0},"end":{"line":194,"column":18}},"194":{"start":{"line":195,"column":0},"end":{"line":195,"column":44}},"196":{"start":{"line":197,"column":0},"end":{"line":197,"column":20}},"197":{"start":{"line":198,"column":0},"end":{"line":198,"column":7}},"199":{"start":{"line":200,"column":0},"end":{"line":200,"column":72}},"200":{"start":{"line":201,"column":0},"end":{"line":201,"column":17}},"201":{"start":{"line":202,"column":0},"end":{"line":202,"column":6}},"202":{"start":{"line":203,"column":0},"end":{"line":203,"column":47}},"203":{"start":{"line":204,"column":0},"end":{"line":204,"column":1}}},"s":{"0":1,"3":1,"6":1,"7":1,"8":1,"105":1,"109":1,"110":0,"111":0,"112":0,"113":0,"114":0,"115":0,"116":0,"117":0,"118":0,"119":0,"120":0,"121":0,"122":0,"123":0,"124":0,"125":0,"127":1,"128":11,"129":11,"136":11,"137":11,"138":11,"139":11,"141":11,"142":11,"143":11,"144":0,"146":0,"147":0,"148":0,"149":0,"150":0,"151":0,"152":0,"153":0,"155":0,"156":0,"157":0,"158":0,"160":0,"161":0,"163":0,"166":0,"168":0,"170":0,"171":0,"172":0,"173":0,"174":0,"175":0,"176":0,"177":0,"178":0,"180":0,"181":0,"182":0,"183":0,"184":0,"185":0,"186":0,"187":0,"188":0,"190":0,"191":0,"192":0,"193":0,"194":0,"196":0,"197":0,"199":0,"200":0,"201":0,"202":11,"203":11},"branchMap":{"0":{"type":"branch","line":128,"loc":{"start":{"line":128,"column":7},"end":{"line":204,"column":1}},"locations":[{"start":{"line":128,"column":7},"end":{"line":204,"column":1}}]},"1":{"type":"branch","line":140,"loc":{"start":{"line":140,"column":26},"end":{"line":140,"column":48}},"locations":[{"start":{"line":140,"column":26},"end":{"line":140,"column":48}}]}},"b":{"0":[11],"1":[0]},"fnMap":{"0":{"name":"callAllByType","decl":{"start":{"line":110,"column":7},"end":{"line":126,"column":1}},"loc":{"start":{"line":110,"column":7},"end":{"line":126,"column":1}},"line":110},"1":{"name":"useComposedGesture","decl":{"start":{"line":128,"column":7},"end":{"line":204,"column":1}},"loc":{"start":{"line":128,"column":7},"end":{"line":204,"column":1}},"line":128}},"f":{"0":0,"1":11}}
,"/home/rezi/svelte-gestures/src/gestures/multi-touch/multi-touch.svelte.ts": {"path":"/home/rezi/svelte-gestures/src/gestures/multi-touch/multi-touch.svelte.ts","all":false,"statementMap":{"0":{"start":{"line":1,"column":0},"end":{"line":1,"column":8}},"5":{"start":{"line":6,"column":0},"end":{"line":6,"column":24}},"6":{"start":{"line":7,"column":0},"end":{"line":7,"column":23}},"8":{"start":{"line":9,"column":0},"end":{"line":9,"column":24}},"9":{"start":{"line":10,"column":0},"end":{"line":10,"column":23}},"10":{"start":{"line":11,"column":0},"end":{"line":11,"column":22}},"11":{"start":{"line":12,"column":0},"end":{"line":12,"column":57}},"25":{"start":{"line":26,"column":0},"end":{"line":26,"column":42}},"51":{"start":{"line":52,"column":0},"end":{"line":52,"column":49}},"52":{"start":{"line":53,"column":0},"end":{"line":53,"column":46}},"53":{"start":{"line":54,"column":0},"end":{"line":54,"column":56}},"54":{"start":{"line":55,"column":0},"end":{"line":55,"column":25}},"57":{"start":{"line":58,"column":0},"end":{"line":58,"column":20}},"58":{"start":{"line":59,"column":0},"end":{"line":59,"column":24}},"59":{"start":{"line":60,"column":0},"end":{"line":60,"column":57}},"60":{"start":{"line":61,"column":0},"end":{"line":61,"column":70}},"62":{"start":{"line":63,"column":0},"end":{"line":63,"column":10}},"63":{"start":{"line":64,"column":0},"end":{"line":64,"column":20}},"64":{"start":{"line":65,"column":0},"end":{"line":65,"column":49}},"65":{"start":{"line":66,"column":0},"end":{"line":66,"column":61}},"66":{"start":{"line":67,"column":0},"end":{"line":67,"column":79}},"68":{"start":{"line":69,"column":0},"end":{"line":69,"column":32}},"69":{"start":{"line":70,"column":0},"end":{"line":70,"column":20}},"70":{"start":{"line":71,"column":0},"end":{"line":71,"column":13}},"71":{"start":{"line":72,"column":0},"end":{"line":72,"column":13}},"72":{"start":{"line":73,"column":0},"end":{"line":73,"column":15}},"73":{"start":{"line":74,"column":0},"end":{"line":74,"column":13}},"74":{"start":{"line":75,"column":0},"end":{"line":75,"column":31}},"75":{"start":{"line":76,"column":0},"end":{"line":76,"column":26}},"76":{"start":{"line":77,"column":0},"end":{"line":77,"column":16}},"77":{"start":{"line":78,"column":0},"end":{"line":78,"column":6}},"78":{"start":{"line":79,"column":0},"end":{"line":79,"column":27}},"79":{"start":{"line":80,"column":0},"end":{"line":80,"column":1}},"81":{"start":{"line":82,"column":0},"end":{"line":82,"column":38}},"82":{"start":{"line":83,"column":0},"end":{"line":83,"column":20}},"83":{"start":{"line":84,"column":0},"end":{"line":84,"column":49}},"84":{"start":{"line":85,"column":0},"end":{"line":85,"column":27}},"85":{"start":{"line":86,"column":0},"end":{"line":86,"column":71}},"87":{"start":{"line":88,"column":0},"end":{"line":88,"column":10}},"88":{"start":{"line":89,"column":0},"end":{"line":89,"column":17}},"89":{"start":{"line":90,"column":0},"end":{"line":90,"column":15}},"90":{"start":{"line":91,"column":0},"end":{"line":91,"column":11}},"91":{"start":{"line":92,"column":0},"end":{"line":92,"column":32}},"92":{"start":{"line":93,"column":0},"end":{"line":93,"column":4}},"93":{"start":{"line":94,"column":0},"end":{"line":94,"column":2}},"95":{"start":{"line":96,"column":0},"end":{"line":96,"column":24}},"96":{"start":{"line":97,"column":0},"end":{"line":97,"column":20}},"97":{"start":{"line":98,"column":0},"end":{"line":98,"column":49}},"101":{"start":{"line":102,"column":0},"end":{"line":102,"column":3}},"102":{"start":{"line":103,"column":0},"end":{"line":103,"column":44}},"103":{"start":{"line":104,"column":0},"end":{"line":104,"column":18}},"104":{"start":{"line":105,"column":0},"end":{"line":105,"column":20}},"105":{"start":{"line":106,"column":0},"end":{"line":106,"column":38}},"106":{"start":{"line":107,"column":0},"end":{"line":107,"column":23}},"107":{"start":{"line":108,"column":0},"end":{"line":108,"column":4}},"109":{"start":{"line":110,"column":0},"end":{"line":110,"column":25}},"110":{"start":{"line":111,"column":0},"end":{"line":111,"column":33}},"112":{"start":{"line":113,"column":0},"end":{"line":113,"column":79}},"113":{"start":{"line":114,"column":0},"end":{"line":114,"column":36}},"114":{"start":{"line":115,"column":0},"end":{"line":115,"column":28}},"115":{"start":{"line":116,"column":0},"end":{"line":116,"column":5}},"117":{"start":{"line":118,"column":0},"end":{"line":118,"column":56}},"118":{"start":{"line":119,"column":0},"end":{"line":119,"column":69}},"119":{"start":{"line":120,"column":0},"end":{"line":120,"column":44}},"120":{"start":{"line":121,"column":0},"end":{"line":121,"column":39}},"121":{"start":{"line":122,"column":0},"end":{"line":122,"column":52}},"122":{"start":{"line":123,"column":0},"end":{"line":123,"column":24}},"123":{"start":{"line":124,"column":0},"end":{"line":124,"column":43}},"124":{"start":{"line":125,"column":0},"end":{"line":125,"column":13}},"125":{"start":{"line":126,"column":0},"end":{"line":126,"column":34}},"126":{"start":{"line":127,"column":0},"end":{"line":127,"column":34}},"127":{"start":{"line":128,"column":0},"end":{"line":128,"column":22}},"128":{"start":{"line":129,"column":0},"end":{"line":129,"column":10}},"129":{"start":{"line":130,"column":0},"end":{"line":130,"column":22}},"130":{"start":{"line":131,"column":0},"end":{"line":131,"column":8}},"132":{"start":{"line":133,"column":0},"end":{"line":133,"column":28}},"133":{"start":{"line":134,"column":0},"end":{"line":134,"column":57}},"134":{"start":{"line":135,"column":0},"end":{"line":135,"column":57}},"135":{"start":{"line":136,"column":0},"end":{"line":136,"column":8}},"137":{"start":{"line":138,"column":0},"end":{"line":138,"column":63}},"138":{"start":{"line":139,"column":0},"end":{"line":139,"column":43}},"139":{"start":{"line":140,"column":0},"end":{"line":140,"column":8}},"141":{"start":{"line":142,"column":0},"end":{"line":142,"column":25}},"142":{"start":{"line":143,"column":0},"end":{"line":143,"column":68}},"143":{"start":{"line":144,"column":0},"end":{"line":144,"column":19}},"144":{"start":{"line":145,"column":0},"end":{"line":145,"column":28}},"145":{"start":{"line":146,"column":0},"end":{"line":146,"column":19}},"146":{"start":{"line":147,"column":0},"end":{"line":147,"column":43}},"147":{"start":{"line":148,"column":0},"end":{"line":148,"column":19}},"148":{"start":{"line":149,"column":0},"end":{"line":149,"column":12}},"149":{"start":{"line":150,"column":0},"end":{"line":150,"column":10}},"150":{"start":{"line":151,"column":0},"end":{"line":151,"column":8}},"151":{"start":{"line":152,"column":0},"end":{"line":152,"column":5}},"152":{"start":{"line":153,"column":0},"end":{"line":153,"column":17}},"153":{"start":{"line":154,"column":0},"end":{"line":154,"column":3}},"155":{"start":{"line":156,"column":0},"end":{"line":156,"column":32}},"156":{"start":{"line":157,"column":0},"end":{"line":157,"column":1}}},"s":{"0":1,"5":1,"6":1,"8":1,"9":1,"10":1,"11":1,"25":1,"51":1,"52":2,"53":2,"54":2,"57":2,"58":2,"59":2,"60":2,"62":2,"63":2,"64":2,"65":2,"66":0,"68":0,"69":0,"70":0,"71":0,"72":0,"73":0,"74":0,"75":0,"76":0,"77":0,"78":2,"79":2,"81":1,"82":5,"83":5,"84":5,"85":5,"87":5,"88":5,"89":5,"90":5,"91":5,"92":5,"93":5,"95":5,"96":5,"97":5,"101":5,"102":5,"103":5,"104":5,"105":5,"106":5,"107":5,"109":5,"110":5,"112":5,"113":2,"114":0,"115":0,"117":2,"118":2,"119":2,"120":2,"121":4,"122":4,"123":4,"124":4,"125":4,"126":4,"127":4,"128":4,"129":2,"130":2,"132":2,"133":2,"134":2,"135":2,"137":2,"138":4,"139":2,"141":2,"142":2,"143":2,"144":2,"145":2,"146":2,"147":2,"148":2,"149":2,"150":2,"151":2,"152":2,"153":2,"155":5,"156":5},"branchMap":{"0":{"type":"branch","line":52,"loc":{"start":{"line":52,"column":7},"end":{"line":80,"column":1}},"locations":[{"start":{"line":52,"column":7},"end":{"line":80,"column":1}}]},"1":{"type":"branch","line":61,"loc":{"start":{"line":61,"column":26},"end":{"line":61,"column":48}},"locations":[{"start":{"line":61,"column":26},"end":{"line":61,"column":48}}]},"2":{"type":"branch","line":82,"loc":{"start":{"line":82,"column":37},"end":{"line":94,"column":2}},"locations":[{"start":{"line":82,"column":37},"end":{"line":94,"column":2}}]},"3":{"type":"branch","line":96,"loc":{"start":{"line":96,"column":0},"end":{"line":157,"column":1}},"locations":[{"start":{"line":96,"column":0},"end":{"line":157,"column":1}}]},"4":{"type":"branch","line":113,"loc":{"start":{"line":113,"column":2},"end":{"line":154,"column":3}},"locations":[{"start":{"line":113,"column":2},"end":{"line":154,"column":3}}]},"5":{"type":"branch","line":114,"loc":{"start":{"line":114,"column":35},"end":{"line":116,"column":5}},"locations":[{"start":{"line":114,"column":35},"end":{"line":116,"column":5}}]},"6":{"type":"branch","line":121,"loc":{"start":{"line":121,"column":8},"end":{"line":129,"column":10}},"locations":[{"start":{"line":121,"column":8},"end":{"line":129,"column":10}}]},"7":{"type":"branch","line":138,"loc":{"start":{"line":138,"column":38},"end":{"line":139,"column":43}},"locations":[{"start":{"line":138,"column":38},"end":{"line":139,"column":43}}]}},"b":{"0":[2],"1":[0],"2":[5],"3":[5],"4":[2],"5":[0],"6":[4],"7":[4]},"fnMap":{"0":{"name":"useMultiTouch","decl":{"start":{"line":52,"column":7},"end":{"line":80,"column":1}},"loc":{"start":{"line":52,"column":7},"end":{"line":80,"column":1}},"line":52},"1":{"name":"multiTouchComposition","decl":{"start":{"line":82,"column":37},"end":{"line":94,"column":2}},"loc":{"start":{"line":82,"column":37},"end":{"line":94,"column":2}},"line":82},"2":{"name":"multiTouchBase","decl":{"start":{"line":96,"column":0},"end":{"line":157,"column":1}},"loc":{"start":{"line":96,"column":0},"end":{"line":157,"column":1}},"line":96},"3":{"name":"onDown","decl":{"start":{"line":113,"column":2},"end":{"line":154,"column":3}},"loc":{"start":{"line":113,"column":2},"end":{"line":154,"column":3}},"line":113},"4":{"name":"activeEvents.reduce.x","decl":{"start":{"line":121,"column":8},"end":{"line":129,"column":10}},"loc":{"start":{"line":121,"column":8},"end":{"line":129,"column":10}},"line":121}},"f":{"0":2,"1":5,"2":5,"3":2,"4":4}}
,"/home/rezi/svelte-gestures/src/gestures/pan/pan.svelte.ts": {"path":"/home/rezi/svelte-gestures/src/gestures/pan/pan.svelte.ts","all":false,"statementMap":{"0":{"start":{"line":1,"column":0},"end":{"line":1,"column":8}},"2":{"start":{"line":3,"column":0},"end":{"line":3,"column":16}},"3":{"start":{"line":4,"column":0},"end":{"line":4,"column":23}},"7":{"start":{"line":8,"column":0},"end":{"line":8,"column":24}},"8":{"start":{"line":9,"column":0},"end":{"line":9,"column":22}},"9":{"start":{"line":10,"column":0},"end":{"line":10,"column":57}},"22":{"start":{"line":23,"column":0},"end":{"line":23,"column":35}},"48":{"start":{"line":49,"column":0},"end":{"line":49,"column":42}},"49":{"start":{"line":50,"column":0},"end":{"line":50,"column":39}},"50":{"start":{"line":51,"column":0},"end":{"line":51,"column":49}},"51":{"start":{"line":52,"column":0},"end":{"line":52,"column":25}},"54":{"start":{"line":55,"column":0},"end":{"line":55,"column":20}},"55":{"start":{"line":56,"column":0},"end":{"line":56,"column":17}},"56":{"start":{"line":57,"column":0},"end":{"line":57,"column":57}},"58":{"start":{"line":59,"column":0},"end":{"line":59,"column":70}},"60":{"start":{"line":61,"column":0},"end":{"line":61,"column":10}},"61":{"start":{"line":62,"column":0},"end":{"line":62,"column":20}},"62":{"start":{"line":63,"column":0},"end":{"line":63,"column":49}},"63":{"start":{"line":64,"column":0},"end":{"line":64,"column":61}},"64":{"start":{"line":65,"column":0},"end":{"line":65,"column":80}},"66":{"start":{"line":67,"column":0},"end":{"line":67,"column":32}},"67":{"start":{"line":68,"column":0},"end":{"line":68,"column":20}},"68":{"start":{"line":69,"column":0},"end":{"line":69,"column":13}},"69":{"start":{"line":70,"column":0},"end":{"line":70,"column":15}},"70":{"start":{"line":71,"column":0},"end":{"line":71,"column":15}},"71":{"start":{"line":72,"column":0},"end":{"line":72,"column":13}},"72":{"start":{"line":73,"column":0},"end":{"line":73,"column":31}},"73":{"start":{"line":74,"column":0},"end":{"line":74,"column":26}},"74":{"start":{"line":75,"column":0},"end":{"line":75,"column":16}},"75":{"start":{"line":76,"column":0},"end":{"line":76,"column":6}},"76":{"start":{"line":77,"column":0},"end":{"line":77,"column":20}},"77":{"start":{"line":78,"column":0},"end":{"line":78,"column":1}},"79":{"start":{"line":80,"column":0},"end":{"line":80,"column":31}},"80":{"start":{"line":81,"column":0},"end":{"line":81,"column":20}},"81":{"start":{"line":82,"column":0},"end":{"line":82,"column":42}},"82":{"start":{"line":83,"column":0},"end":{"line":83,"column":27}},"83":{"start":{"line":84,"column":0},"end":{"line":84,"column":72}},"85":{"start":{"line":86,"column":0},"end":{"line":86,"column":10}},"86":{"start":{"line":87,"column":0},"end":{"line":87,"column":11}},"87":{"start":{"line":88,"column":0},"end":{"line":88,"column":11}},"88":{"start":{"line":89,"column":0},"end":{"line":89,"column":15}},"89":{"start":{"line":90,"column":0},"end":{"line":90,"column":32}},"90":{"start":{"line":91,"column":0},"end":{"line":91,"column":4}},"91":{"start":{"line":92,"column":0},"end":{"line":92,"column":2}},"93":{"start":{"line":94,"column":0},"end":{"line":94,"column":17}},"94":{"start":{"line":95,"column":0},"end":{"line":95,"column":20}},"95":{"start":{"line":96,"column":0},"end":{"line":96,"column":42}},"100":{"start":{"line":101,"column":0},"end":{"line":101,"column":3}},"101":{"start":{"line":102,"column":0},"end":{"line":102,"column":37}},"102":{"start":{"line":103,"column":0},"end":{"line":103,"column":25}},"103":{"start":{"line":104,"column":0},"end":{"line":104,"column":20}},"104":{"start":{"line":105,"column":0},"end":{"line":105,"column":38}},"105":{"start":{"line":106,"column":0},"end":{"line":106,"column":23}},"106":{"start":{"line":107,"column":0},"end":{"line":107,"column":4}},"108":{"start":{"line":109,"column":0},"end":{"line":109,"column":24}},"109":{"start":{"line":110,"column":0},"end":{"line":110,"column":33}},"111":{"start":{"line":112,"column":0},"end":{"line":112,"column":76}},"112":{"start":{"line":113,"column":0},"end":{"line":113,"column":27}},"113":{"start":{"line":114,"column":0},"end":{"line":114,"column":26}},"114":{"start":{"line":115,"column":0},"end":{"line":115,"column":3}},"116":{"start":{"line":117,"column":0},"end":{"line":117,"column":79}},"117":{"start":{"line":118,"column":0},"end":{"line":118,"column":8}},"118":{"start":{"line":119,"column":0},"end":{"line":119,"column":34}},"119":{"start":{"line":120,"column":0},"end":{"line":120,"column":47}},"120":{"start":{"line":121,"column":0},"end":{"line":121,"column":7}},"121":{"start":{"line":122,"column":0},"end":{"line":122,"column":48}},"122":{"start":{"line":123,"column":0},"end":{"line":123,"column":54}},"123":{"start":{"line":124,"column":0},"end":{"line":124,"column":53}},"125":{"start":{"line":126,"column":0},"end":{"line":126,"column":68}},"126":{"start":{"line":127,"column":0},"end":{"line":127,"column":27}},"127":{"start":{"line":128,"column":0},"end":{"line":128,"column":63}},"128":{"start":{"line":129,"column":0},"end":{"line":129,"column":69}},"129":{"start":{"line":130,"column":0},"end":{"line":130,"column":12}},"130":{"start":{"line":131,"column":0},"end":{"line":131,"column":10}},"131":{"start":{"line":132,"column":0},"end":{"line":132,"column":7}},"132":{"start":{"line":133,"column":0},"end":{"line":133,"column":5}},"134":{"start":{"line":135,"column":0},"end":{"line":135,"column":17}},"135":{"start":{"line":136,"column":0},"end":{"line":136,"column":3}},"137":{"start":{"line":138,"column":0},"end":{"line":138,"column":40}},"138":{"start":{"line":139,"column":0},"end":{"line":139,"column":1}}},"s":{"0":1,"2":1,"3":1,"7":1,"8":1,"9":1,"22":1,"48":1,"49":2,"50":2,"51":2,"54":2,"55":2,"56":2,"58":2,"60":2,"61":2,"62":2,"63":2,"64":0,"66":0,"67":0,"68":0,"69":0,"70":0,"71":0,"72":0,"73":0,"74":0,"75":0,"76":2,"77":2,"79":1,"80":8,"81":8,"82":8,"83":8,"85":8,"86":8,"87":8,"88":8,"89":8,"90":8,"91":8,"93":8,"94":8,"95":8,"100":8,"101":8,"102":8,"103":8,"104":8,"105":8,"106":8,"108":8,"109":8,"111":8,"112":6,"113":6,"114":6,"116":8,"117":5,"118":5,"119":4,"120":5,"121":3,"122":3,"123":3,"125":3,"126":2,"127":2,"128":2,"129":2,"130":2,"131":2,"132":3,"134":5,"135":5,"137":8,"138":8},"branchMap":{"0":{"type":"branch","line":49,"loc":{"start":{"line":49,"column":7},"end":{"line":78,"column":1}},"locations":[{"start":{"line":49,"column":7},"end":{"line":78,"column":1}}]},"1":{"type":"branch","line":59,"loc":{"start":{"line":59,"column":26},"end":{"line":59,"column":48}},"locations":[{"start":{"line":59,"column":26},"end":{"line":59,"column":48}}]},"2":{"type":"branch","line":80,"loc":{"start":{"line":80,"column":30},"end":{"line":92,"column":2}},"locations":[{"start":{"line":80,"column":30},"end":{"line":92,"column":2}}]},"3":{"type":"branch","line":94,"loc":{"start":{"line":94,"column":0},"end":{"line":139,"column":1}},"locations":[{"start":{"line":94,"column":0},"end":{"line":139,"column":1}}]},"4":{"type":"branch","line":112,"loc":{"start":{"line":112,"column":2},"end":{"line":115,"column":3}},"locations":[{"start":{"line":112,"column":2},"end":{"line":115,"column":3}}]},"5":{"type":"branch","line":117,"loc":{"start":{"line":117,"column":2},"end":{"line":136,"column":3}},"locations":[{"start":{"line":117,"column":2},"end":{"line":136,"column":3}}]},"6":{"type":"branch","line":119,"loc":{"start":{"line":119,"column":30},"end":{"line":120,"column":47}},"locations":[{"start":{"line":119,"column":30},"end":{"line":120,"column":47}}]},"7":{"type":"branch","line":121,"loc":{"start":{"line":121,"column":6},"end":{"line":133,"column":5}},"locations":[{"start":{"line":121,"column":6},"end":{"line":133,"column":5}}]},"8":{"type":"branch","line":126,"loc":{"start":{"line":126,"column":40},"end":{"line":126,"column":67}},"locations":[{"start":{"line":126,"column":40},"end":{"line":126,"column":67}}]},"9":{"type":"branch","line":126,"loc":{"start":{"line":126,"column":67},"end":{"line":132,"column":7}},"locations":[{"start":{"line":126,"column":67},"end":{"line":132,"column":7}}]}},"b":{"0":[2],"1":[0],"2":[8],"3":[8],"4":[6],"5":[5],"6":[4],"7":[3],"8":[2],"9":[2]},"fnMap":{"0":{"name":"usePan","decl":{"start":{"line":49,"column":7},"end":{"line":78,"column":1}},"loc":{"start":{"line":49,"column":7},"end":{"line":78,"column":1}},"line":49},"1":{"name":"panComposition","decl":{"start":{"line":80,"column":30},"end":{"line":92,"column":2}},"loc":{"start":{"line":80,"column":30},"end":{"line":92,"column":2}},"line":80},"2":{"name":"panBase","decl":{"start":{"line":94,"column":0},"end":{"line":139,"column":1}},"loc":{"start":{"line":94,"column":0},"end":{"line":139,"column":1}},"line":94},"3":{"name":"onDown","decl":{"start":{"line":112,"column":2},"end":{"line":115,"column":3}},"loc":{"start":{"line":112,"column":2},"end":{"line":115,"column":3}},"line":112},"4":{"name":"onMove","decl":{"start":{"line":117,"column":2},"end":{"line":136,"column":3}},"loc":{"start":{"line":117,"column":2},"end":{"line":136,"column":3}},"line":117}},"f":{"0":2,"1":8,"2":8,"3":6,"4":5}}
,"/home/rezi/svelte-gestures/src/gestures/pinch/pinch.svelte.ts": {"path":"/home/rezi/svelte-gestures/src/gestures/pinch/pinch.svelte.ts","all":false,"statementMap":{"0":{"start":{"line":1,"column":0},"end":{"line":1,"column":8}},"1":{"start":{"line":2,"column":0},"end":{"line":2,"column":24}},"2":{"start":{"line":3,"column":0},"end":{"line":3,"column":23}},"3":{"start":{"line":4,"column":0},"end":{"line":4,"column":23}},"9":{"start":{"line":10,"column":0},"end":{"line":10,"column":22}},"10":{"start":{"line":11,"column":0},"end":{"line":11,"column":57}},"22":{"start":{"line":23,"column":0},"end":{"line":23,"column":37}},"48":{"start":{"line":49,"column":0},"end":{"line":49,"column":68}},"49":{"start":{"line":50,"column":0},"end":{"line":50,"column":20}},"50":{"start":{"line":51,"column":0},"end":{"line":51,"column":54}},"51":{"start":{"line":52,"column":0},"end":{"line":52,"column":53}},"52":{"start":{"line":53,"column":0},"end":{"line":53,"column":4}},"53":{"start":{"line":54,"column":0},"end":{"line":54,"column":1}},"55":{"start":{"line":56,"column":0},"end":{"line":56,"column":44}},"56":{"start":{"line":57,"column":0},"end":{"line":57,"column":41}},"57":{"start":{"line":58,"column":0},"end":{"line":58,"column":51}},"58":{"start":{"line":59,"column":0},"end":{"line":59,"column":25}},"61":{"start":{"line":62,"column":0},"end":{"line":62,"column":20}},"62":{"start":{"line":63,"column":0},"end":{"line":63,"column":19}},"63":{"start":{"line":64,"column":0},"end":{"line":64,"column":57}},"64":{"start":{"line":65,"column":0},"end":{"line":65,"column":70}},"66":{"start":{"line":67,"column":0},"end":{"line":67,"column":10}},"67":{"start":{"line":68,"column":0},"end":{"line":68,"column":20}},"68":{"start":{"line":69,"column":0},"end":{"line":69,"column":49}},"69":{"start":{"line":70,"column":0},"end":{"line":70,"column":61}},"70":{"start":{"line":71,"column":0},"end":{"line":71,"column":61}},"71":{"start":{"line":72,"column":0},"end":{"line":72,"column":13}},"72":{"start":{"line":73,"column":0},"end":{"line":73,"column":27}},"73":{"start":{"line":74,"column":0},"end":{"line":74,"column":8}},"75":{"start":{"line":76,"column":0},"end":{"line":76,"column":32}},"76":{"start":{"line":77,"column":0},"end":{"line":77,"column":20}},"77":{"start":{"line":78,"column":0},"end":{"line":78,"column":13}},"78":{"start":{"line":79,"column":0},"end":{"line":79,"column":15}},"79":{"start":{"line":80,"column":0},"end":{"line":80,"column":15}},"80":{"start":{"line":81,"column":0},"end":{"line":81,"column":13}},"81":{"start":{"line":82,"column":0},"end":{"line":82,"column":31}},"82":{"start":{"line":83,"column":0},"end":{"line":83,"column":26}},"83":{"start":{"line":84,"column":0},"end":{"line":84,"column":16}},"84":{"start":{"line":85,"column":0},"end":{"line":85,"column":6}},"85":{"start":{"line":86,"column":0},"end":{"line":86,"column":22}},"86":{"start":{"line":87,"column":0},"end":{"line":87,"column":1}},"88":{"start":{"line":89,"column":0},"end":{"line":89,"column":33}},"89":{"start":{"line":90,"column":0},"end":{"line":90,"column":20}},"90":{"start":{"line":91,"column":0},"end":{"line":91,"column":44}},"91":{"start":{"line":92,"column":0},"end":{"line":92,"column":27}},"92":{"start":{"line":93,"column":0},"end":{"line":93,"column":74}},"93":{"start":{"line":94,"column":0},"end":{"line":94,"column":10}},"94":{"start":{"line":95,"column":0},"end":{"line":95,"column":11}},"95":{"start":{"line":96,"column":0},"end":{"line":96,"column":11}},"96":{"start":{"line":97,"column":0},"end":{"line":97,"column":15}},"97":{"start":{"line":98,"column":0},"end":{"line":98,"column":32}},"98":{"start":{"line":99,"column":0},"end":{"line":99,"column":4}},"99":{"start":{"line":100,"column":0},"end":{"line":100,"column":2}},"101":{"start":{"line":102,"column":0},"end":{"line":102,"column":19}},"102":{"start":{"line":103,"column":0},"end":{"line":103,"column":20}},"103":{"start":{"line":104,"column":0},"end":{"line":104,"column":44}},"109":{"start":{"line":110,"column":0},"end":{"line":110,"column":3}},"110":{"start":{"line":111,"column":0},"end":{"line":111,"column":39}},"111":{"start":{"line":112,"column":0},"end":{"line":112,"column":38}},"112":{"start":{"line":113,"column":0},"end":{"line":113,"column":20}},"113":{"start":{"line":114,"column":0},"end":{"line":114,"column":23}},"114":{"start":{"line":115,"column":0},"end":{"line":115,"column":4}},"116":{"start":{"line":117,"column":0},"end":{"line":117,"column":39}},"117":{"start":{"line":118,"column":0},"end":{"line":118,"column":23}},"118":{"start":{"line":119,"column":0},"end":{"line":119,"column":25}},"120":{"start":{"line":121,"column":0},"end":{"line":121,"column":53}},"121":{"start":{"line":122,"column":0},"end":{"line":122,"column":36}},"122":{"start":{"line":123,"column":0},"end":{"line":123,"column":31}},"123":{"start":{"line":124,"column":0},"end":{"line":124,"column":5}},"124":{"start":{"line":125,"column":0},"end":{"line":125,"column":3}},"126":{"start":{"line":127,"column":0},"end":{"line":127,"column":55}},"127":{"start":{"line":128,"column":0},"end":{"line":128,"column":36}},"128":{"start":{"line":129,"column":0},"end":{"line":129,"column":55}},"129":{"start":{"line":130,"column":0},"end":{"line":130,"column":61}},"130":{"start":{"line":131,"column":0},"end":{"line":131,"column":5}},"131":{"start":{"line":132,"column":0},"end":{"line":132,"column":3}},"133":{"start":{"line":134,"column":0},"end":{"line":134,"column":79}},"134":{"start":{"line":135,"column":0},"end":{"line":135,"column":36}},"135":{"start":{"line":136,"column":0},"end":{"line":136,"column":60}},"137":{"start":{"line":138,"column":0},"end":{"line":138,"column":71}},"138":{"start":{"line":139,"column":0},"end":{"line":139,"column":49}},"139":{"start":{"line":140,"column":0},"end":{"line":140,"column":27}},"140":{"start":{"line":141,"column":0},"end":{"line":141,"column":65}},"141":{"start":{"line":142,"column":0},"end":{"line":142,"column":21}},"142":{"start":{"line":143,"column":0},"end":{"line":143,"column":20}},"143":{"start":{"line":144,"column":0},"end":{"line":144,"column":34}},"144":{"start":{"line":145,"column":0},"end":{"line":145,"column":45}},"145":{"start":{"line":146,"column":0},"end":{"line":146,"column":14}},"146":{"start":{"line":147,"column":0},"end":{"line":147,"column":12}},"147":{"start":{"line":148,"column":0},"end":{"line":148,"column":10}},"148":{"start":{"line":149,"column":0},"end":{"line":149,"column":7}},"149":{"start":{"line":150,"column":0},"end":{"line":150,"column":33}},"150":{"start":{"line":151,"column":0},"end":{"line":151,"column":5}},"152":{"start":{"line":153,"column":0},"end":{"line":153,"column":17}},"153":{"start":{"line":154,"column":0},"end":{"line":154,"column":3}},"155":{"start":{"line":156,"column":0},"end":{"line":156,"column":10}},"156":{"start":{"line":157,"column":0},"end":{"line":157,"column":11}},"157":{"start":{"line":158,"column":0},"end":{"line":158,"column":11}},"158":{"start":{"line":159,"column":0},"end":{"line":159,"column":9}},"159":{"start":{"line":160,"column":0},"end":{"line":160,"column":15}},"160":{"start":{"line":161,"column":0},"end":{"line":161,"column":4}},"161":{"start":{"line":162,"column":0},"end":{"line":162,"column":1}}},"s":{"0":1,"1":1,"2":1,"3":1,"9":1,"10":1,"22":1,"48":13,"49":13,"50":13,"51":13,"52":13,"53":13,"55":1,"56":2,"57":2,"58":2,"61":2,"62":2,"63":2,"64":2,"66":2,"67":2,"68":2,"69":2,"70":0,"71":0,"72":0,"73":0,"75":0,"76":0,"77":0,"78":0,"79":0,"80":0,"81":0,"82":0,"83":0,"84":0,"85":2,"86":2,"88":1,"89":8,"90":8,"91":8,"92":8,"93":8,"94":8,"95":8,"96":8,"97":8,"98":8,"99":8,"101":8,"102":8,"103":8,"109":8,"110":8,"111":8,"112":8,"113":8,"114":8,"116":8,"117":8,"118":8,"120":8,"121":0,"122":0,"123":0,"124":0,"126":8,"127":6,"128":5,"129":5,"130":5,"131":6,"133":8,"134":9,"135":8,"137":8,"138":4,"139":4,"140":4,"141":4,"142":4,"143":4,"144":4,"145":4,"146":4,"147":4,"148":4,"149":8,"150":8,"152":9,"153":9,"155":8,"156":8,"157":8,"158":8,"159":8,"160":8,"161":8},"branchMap":{"0":{"type":"branch","line":49,"loc":{"start":{"line":49,"column":0},"end":{"line":54,"column":1}},"locations":[{"start":{"line":49,"column":0},"end":{"line":54,"column":1}}]},"1":{"type":"branch","line":56,"loc":{"start":{"line":56,"column":7},"end":{"line":87,"column":1}},"locations":[{"start":{"line":56,"column":7},"end":{"line":87,"column":1}}]},"2":{"type":"branch","line":65,"loc":{"start":{"line":65,"column":26},"end":{"line":65,"column":48}},"locations":[{"start":{"line":65,"column":26},"end":{"line":65,"column":48}}]},"3":{"type":"branch","line":89,"loc":{"start":{"line":89,"column":32},"end":{"line":100,"column":2}},"locations":[{"start":{"line":89,"column":32},"end":{"line":100,"column":2}}]},"4":{"type":"branch","line":102,"loc":{"start":{"line":102,"column":0},"end":{"line":162,"column":1}},"locations":[{"start":{"line":102,"column":0},"end":{"line":162,"column":1}}]},"5":{"type":"branch","line":127,"loc":{"start":{"line":127,"column":2},"end":{"line":132,"column":3}},"locations":[{"start":{"line":127,"column":2},"end":{"line":132,"column":3}}]},"6":{"type":"branch","line":128,"loc":{"start":{"line":128,"column":35},"end":{"line":131,"column":5}},"locations":[{"start":{"line":128,"column":35},"end":{"line":131,"column":5}}]},"7":{"type":"branch","line":134,"loc":{"start":{"line":134,"column":2},"end":{"line":154,"column":3}},"locations":[{"start":{"line":134,"column":2},"end":{"line":154,"column":3}}]},"8":{"type":"branch","line":135,"loc":{"start":{"line":135,"column":35},"end":{"line":151,"column":5}},"locations":[{"start":{"line":135,"column":35},"end":{"line":151,"column":5}}]},"9":{"type":"branch","line":138,"loc":{"start":{"line":138,"column":27},"end":{"line":138,"column":70}},"locations":[{"start":{"line":138,"column":27},"end":{"line":138,"column":70}}]},"10":{"type":"branch","line":138,"loc":{"start":{"line":138,"column":70},"end":{"line":149,"column":7}},"locations":[{"start":{"line":138,"column":70},"end":{"line":149,"column":7}}]}},"b":{"0":[13],"1":[2],"2":[0],"3":[8],"4":[8],"5":[6],"6":[5],"7":[9],"8":[8],"9":[4],"10":[4]},"fnMap":{"0":{"name":"getPointersDistance","decl":{"start":{"line":49,"column":0},"end":{"line":54,"column":1}},"loc":{"start":{"line":49,"column":0},"end":{"line":54,"column":1}},"line":49},"1":{"name":"usePinch","decl":{"start":{"line":56,"column":7},"end":{"line":87,"column":1}},"loc":{"start":{"line":56,"column":7},"end":{"line":87,"column":1}},"line":56},"2":{"name":"pinchComposition","decl":{"start":{"line":89,"column":32},"end":{"line":100,"column":2}},"loc":{"start":{"line":89,"column":32},"end":{"line":100,"column":2}},"line":89},"3":{"name":"pinchBase","decl":{"start":{"line":102,"column":0},"end":{"line":162,"column":1}},"loc":{"start":{"line":102,"column":0},"end":{"line":162,"column":1}},"line":102},"4":{"name":"onUp","decl":{"start":{"line":121,"column":2},"end":{"line":125,"column":3}},"loc":{"start":{"line":121,"column":2},"end":{"line":125,"column":3}},"line":121},"5":{"name":"onDown","decl":{"start":{"line":127,"column":2},"end":{"line":132,"column":3}},"loc":{"start":{"line":127,"column":2},"end":{"line":132,"column":3}},"line":127},"6":{"name":"onMove","decl":{"start":{"line":134,"column":2},"end":{"line":154,"column":3}},"loc":{"start":{"line":134,"column":2},"end":{"line":154,"column":3}},"line":134}},"f":{"0":13,"1":2,"2":8,"3":8,"4":0,"5":6,"6":9}}
,"/home/rezi/svelte-gestures/src/gestures/press/press.svelte.ts": {"path":"/home/rezi/svelte-gestures/src/gestures/press/press.svelte.ts","all":false,"statementMap":{"0":{"start":{"line":1,"column":0},"end":{"line":1,"column":8}},"1":{"start":{"line":2,"column":0},"end":{"line":2,"column":16}},"2":{"start":{"line":3,"column":0},"end":{"line":3,"column":23}},"7":{"start":{"line":8,"column":0},"end":{"line":8,"column":24}},"8":{"start":{"line":9,"column":0},"end":{"line":9,"column":22}},"9":{"start":{"line":10,"column":0},"end":{"line":10,"column":57}},"26":{"start":{"line":27,"column":0},"end":{"line":27,"column":37}},"52":{"start":{"line":53,"column":0},"end":{"line":53,"column":44}},"53":{"start":{"line":54,"column":0},"end":{"line":54,"column":41}},"54":{"start":{"line":55,"column":0},"end":{"line":55,"column":51}},"55":{"start":{"line":56,"column":0},"end":{"line":56,"column":25}},"58":{"start":{"line":59,"column":0},"end":{"line":59,"column":20}},"59":{"start":{"line":60,"column":0},"end":{"line":60,"column":19}},"60":{"start":{"line":61,"column":0},"end":{"line":61,"column":57}},"61":{"start":{"line":62,"column":0},"end":{"line":62,"column":70}},"63":{"start":{"line":64,"column":0},"end":{"line":64,"column":10}},"64":{"start":{"line":65,"column":0},"end":{"line":65,"column":20}},"65":{"start":{"line":66,"column":0},"end":{"line":66,"column":49}},"66":{"start":{"line":67,"column":0},"end":{"line":67,"column":47}},"67":{"start":{"line":68,"column":0},"end":{"line":68,"column":79}},"68":{"start":{"line":69,"column":0},"end":{"line":69,"column":13}},"69":{"start":{"line":70,"column":0},"end":{"line":70,"column":27}},"70":{"start":{"line":71,"column":0},"end":{"line":71,"column":8}},"72":{"start":{"line":73,"column":0},"end":{"line":73,"column":49}},"73":{"start":{"line":74,"column":0},"end":{"line":74,"column":20}},"74":{"start":{"line":75,"column":0},"end":{"line":75,"column":13}},"75":{"start":{"line":76,"column":0},"end":{"line":76,"column":15}},"76":{"start":{"line":77,"column":0},"end":{"line":77,"column":15}},"77":{"start":{"line":78,"column":0},"end":{"line":78,"column":13}},"78":{"start":{"line":79,"column":0},"end":{"line":79,"column":31}},"79":{"start":{"line":80,"column":0},"end":{"line":80,"column":26}},"80":{"start":{"line":81,"column":0},"end":{"line":81,"column":8}},"82":{"start":{"line":83,"column":0},"end":{"line":83,"column":26}},"83":{"start":{"line":84,"column":0},"end":{"line":84,"column":34}},"84":{"start":{"line":85,"column":0},"end":{"line":85,"column":27}},"85":{"start":{"line":86,"column":0},"end":{"line":86,"column":8}},"86":{"start":{"line":87,"column":0},"end":{"line":87,"column":6}},"87":{"start":{"line":88,"column":0},"end":{"line":88,"column":22}},"88":{"start":{"line":89,"column":0},"end":{"line":89,"column":1}},"90":{"start":{"line":91,"column":0},"end":{"line":91,"column":33}},"91":{"start":{"line":92,"column":0},"end":{"line":92,"column":20}},"92":{"start":{"line":93,"column":0},"end":{"line":93,"column":44}},"93":{"start":{"line":94,"column":0},"end":{"line":94,"column":27}},"94":{"start":{"line":95,"column":0},"end":{"line":95,"column":80}},"96":{"start":{"line":97,"column":0},"end":{"line":97,"column":10}},"97":{"start":{"line":98,"column":0},"end":{"line":98,"column":11}},"98":{"start":{"line":99,"column":0},"end":{"line":99,"column":11}},"99":{"start":{"line":100,"column":0},"end":{"line":100,"column":9}},"100":{"start":{"line":101,"column":0},"end":{"line":101,"column":32}},"101":{"start":{"line":102,"column":0},"end":{"line":102,"column":4}},"102":{"start":{"line":103,"column":0},"end":{"line":103,"column":2}},"104":{"start":{"line":105,"column":0},"end":{"line":105,"column":19}},"105":{"start":{"line":106,"column":0},"end":{"line":106,"column":20}},"106":{"start":{"line":107,"column":0},"end":{"line":107,"column":44}},"113":{"start":{"line":114,"column":0},"end":{"line":114,"column":3}},"114":{"start":{"line":115,"column":0},"end":{"line":115,"column":39}},"115":{"start":{"line":116,"column":0},"end":{"line":116,"column":20}},"116":{"start":{"line":117,"column":0},"end":{"line":117,"column":29}},"117":{"start":{"line":118,"column":0},"end":{"line":118,"column":33}},"118":{"start":{"line":119,"column":0},"end":{"line":119,"column":33}},"119":{"start":{"line":120,"column":0},"end":{"line":120,"column":24}},"120":{"start":{"line":121,"column":0},"end":{"line":121,"column":23}},"121":{"start":{"line":122,"column":0},"end":{"line":122,"column":4}},"123":{"start":{"line":124,"column":0},"end":{"line":124,"column":50}},"125":{"start":{"line":126,"column":0},"end":{"line":126,"column":24}},"126":{"start":{"line":127,"column":0},"end":{"line":127,"column":22}},"127":{"start":{"line":128,"column":0},"end":{"line":128,"column":22}},"128":{"start":{"line":129,"column":0},"end":{"line":129,"column":37}},"129":{"start":{"line":130,"column":0},"end":{"line":130,"column":45}},"130":{"start":{"line":131,"column":0},"end":{"line":131,"column":33}},"131":{"start":{"line":132,"column":0},"end":{"line":132,"column":24}},"133":{"start":{"line":134,"column":0},"end":{"line":134,"column":78}},"134":{"start":{"line":135,"column":0},"end":{"line":135,"column":8}},"135":{"start":{"line":136,"column":0},"end":{"line":136,"column":55}},"136":{"start":{"line":137,"column":0},"end":{"line":137,"column":55}},"137":{"start":{"line":138,"column":0},"end":{"line":138,"column":51}},"138":{"start":{"line":139,"column":0},"end":{"line":139,"column":7}},"139":{"start":{"line":140,"column":0},"end":{"line":140,"column":48}},"140":{"start":{"line":141,"column":0},"end":{"line":141,"column":47}},"141":{"start":{"line":142,"column":0},"end":{"line":142,"column":46}},"143":{"start":{"line":144,"column":0},"end":{"line":144,"column":23}},"144":{"start":{"line":145,"column":0},"end":{"line":145,"column":25}},"145":{"start":{"line":146,"column":0},"end":{"line":146,"column":63}},"146":{"start":{"line":147,"column":0},"end":{"line":147,"column":19}},"147":{"start":{"line":148,"column":0},"end":{"line":148,"column":14}},"148":{"start":{"line":149,"column":0},"end":{"line":149,"column":14}},"149":{"start":{"line":150,"column":0},"end":{"line":150,"column":33}},"150":{"start":{"line":151,"column":0},"end":{"line":151,"column":43}},"151":{"start":{"line":152,"column":0},"end":{"line":152,"column":12}},"152":{"start":{"line":153,"column":0},"end":{"line":153,"column":10}},"153":{"start":{"line":154,"column":0},"end":{"line":154,"column":8}},"154":{"start":{"line":155,"column":0},"end":{"line":155,"column":5}},"155":{"start":{"line":156,"column":0},"end":{"line":156,"column":3}},"157":{"start":{"line":158,"column":0},"end":{"line":158,"column":74}},"158":{"start":{"line":159,"column":0},"end":{"line":159,"column":26}},"159":{"start":{"line":160,"column":0},"end":{"line":160,"column":30}},"160":{"start":{"line":161,"column":0},"end":{"line":161,"column":50}},"161":{"start":{"line":162,"column":0},"end":{"line":162,"column":5}},"162":{"start":{"line":163,"column":0},"end":{"line":163,"column":3}},"164":{"start":{"line":165,"column":0},"end":{"line":165,"column":79}},"165":{"start":{"line":166,"column":0},"end":{"line":166,"column":34}},"166":{"start":{"line":167,"column":0},"end":{"line":167,"column":34}},"168":{"start":{"line":169,"column":0},"end":{"line":169,"column":21}},"169":{"start":{"line":170,"column":0},"end":{"line":170,"column":3}},"171":{"start":{"line":172,"column":0},"end":{"line":172,"column":76}},"173":{"start":{"line":174,"column":0},"end":{"line":174,"column":40}},"174":{"start":{"line":175,"column":0},"end":{"line":175,"column":41}},"175":{"start":{"line":176,"column":0},"end":{"line":176,"column":27}},"176":{"start":{"line":177,"column":0},"end":{"line":177,"column":8}},"177":{"start":{"line":178,"column":0},"end":{"line":178,"column":12}},"178":{"start":{"line":179,"column":0},"end":{"line":179,"column":48}},"179":{"start":{"line":180,"column":0},"end":{"line":180,"column":5}},"182":{"start":{"line":183,"column":0},"end":{"line":183,"column":76}},"184":{"start":{"line":185,"column":0},"end":{"line":185,"column":22}},"185":{"start":{"line":186,"column":0},"end":{"line":186,"column":28}},"186":{"start":{"line":187,"column":0},"end":{"line":187,"column":28}},"187":{"start":{"line":188,"column":0},"end":{"line":188,"column":27}},"188":{"start":{"line":189,"column":0},"end":{"line":189,"column":31}},"189":{"start":{"line":190,"column":0},"end":{"line":190,"column":34}},"190":{"start":{"line":191,"column":0},"end":{"line":191,"column":34}},"192":{"start":{"line":193,"column":0},"end":{"line":193,"column":43}},"193":{"start":{"line":194,"column":0},"end":{"line":194,"column":34}},"194":{"start":{"line":195,"column":0},"end":{"line":195,"column":34}},"196":{"start":{"line":197,"column":0},"end":{"line":197,"column":52}},"197":{"start":{"line":198,"column":0},"end":{"line":198,"column":35}},"198":{"start":{"line":199,"column":0},"end":{"line":199,"column":5}},"199":{"start":{"line":200,"column":0},"end":{"line":200,"column":3}},"201":{"start":{"line":202,"column":0},"end":{"line":202,"column":37}},"202":{"start":{"line":203,"column":0},"end":{"line":203,"column":26}},"203":{"start":{"line":204,"column":0},"end":{"line":204,"column":3}},"205":{"start":{"line":206,"column":0},"end":{"line":206,"column":64}},"206":{"start":{"line":207,"column":0},"end":{"line":207,"column":1}}},"s":{"0":1,"1":1,"2":1,"7":1,"8":1,"9":1,"26":1,"52":1,"53":2,"54":2,"55":2,"58":2,"59":2,"60":2,"61":2,"63":2,"64":2,"65":2,"66":2,"67":0,"68":0,"69":0,"70":0,"72":0,"73":0,"74":0,"75":0,"76":0,"77":0,"78":0,"79":0,"80":0,"82":0,"83":0,"84":0,"85":0,"86":0,"87":2,"88":2,"90":1,"91":10,"92":10,"93":10,"94":10,"96":10,"97":10,"98":10,"99":10,"100":10,"101":10,"102":10,"104":10,"105":10,"106":10,"113":10,"114":10,"115":10,"116":10,"117":10,"118":10,"119":10,"120":10,"121":10,"123":10,"125":10,"126":10,"127":10,"128":10,"129":10,"130":10,"131":10,"133":10,"134":7,"135":7,"136":5,"137":5,"138":7,"139":4,"140":4,"141":4,"143":4,"144":4,"145":4,"146":4,"147":4,"148":4,"149":4,"150":4,"151":4,"152":4,"153":4,"154":4,"155":7,"157":10,"158":6,"159":6,"160":6,"161":6,"162":6,"164":10,"165":3,"166":3,"168":3,"169":3,"171":10,"173":8,"174":8,"175":0,"176":0,"177":8,"178":0,"179":0,"182":8,"184":8,"185":8,"186":8,"187":8,"188":8,"189":8,"190":8,"192":8,"193":1,"194":1,"196":1,"197":1,"198":1,"199":8,"201":10,"202":0,"203":0,"205":10,"206":10},"branchMap":{"0":{"type":"branch","line":53,"loc":{"start":{"line":53,"column":7},"end":{"line":89,"column":1}},"locations":[{"start":{"line":53,"column":7},"end":{"line":89,"column":1}}]},"1":{"type":"branch","line":62,"loc":{"start":{"line":62,"column":26},"end":{"line":62,"column":48}},"locations":[{"start":{"line":62,"column":26},"end":{"line":62,"column":48}}]},"2":{"type":"branch","line":91,"loc":{"start":{"line":91,"column":32},"end":{"line":103,"column":2}},"locations":[{"start":{"line":91,"column":32},"end":{"line":103,"column":2}}]},"3":{"type":"branch","line":105,"loc":{"start":{"line":105,"column":0},"end":{"line":207,"column":1}},"locations":[{"start":{"line":105,"column":0},"end":{"line":207,"column":1}}]},"4":{"type":"branch","line":134,"loc":{"start":{"line":134,"column":2},"end":{"line":156,"column":3}},"locations":[{"start":{"line":134,"column":2},"end":{"line":156,"column":3}}]},"5":{"type":"branch","line":136,"loc":{"start":{"line":136,"column":46},"end":{"line":137,"column":55}},"locations":[{"start":{"line":136,"column":46},"end":{"line":137,"column":55}}]},"6":{"type":"branch","line":137,"loc":{"start":{"line":137,"column":46},"end":{"line":138,"column":51}},"locations":[{"start":{"line":137,"column":46},"end":{"line":138,"column":51}}]},"7":{"type":"branch","line":139,"loc":{"start":{"line":139,"column":6},"end":{"line":155,"column":5}},"locations":[{"start":{"line":139,"column":6},"end":{"line":155,"column":5}}]},"8":{"type":"branch","line":158,"loc":{"start":{"line":158,"column":2},"end":{"line":163,"column":3}},"locations":[{"start":{"line":158,"column":2},"end":{"line":163,"column":3}}]},"9":{"type":"branch","line":165,"loc":{"start":{"line":165,"column":2},"end":{"line":170,"column":3}},"locations":[{"start":{"line":165,"column":2},"end":{"line":170,"column":3}}]},"10":{"type":"branch","line":172,"loc":{"start":{"line":172,"column":2},"end":{"line":200,"column":3}},"locations":[{"start":{"line":172,"column":2},"end":{"line":200,"column":3}}]},"11":{"type":"branch","line":178,"loc":{"start":{"line":178,"column":4},"end":{"line":180,"column":5}},"locations":[{"start":{"line":178,"column":4},"end":{"line":180,"column":5}}]},"12":{"type":"branch","line":183,"loc":{"start":{"line":183,"column":60},"end":{"line":183,"column":76}},"locations":[{"start":{"line":183,"column":60},"end":{"line":183,"column":76}}]},"13":{"type":"branch","line":193,"loc":{"start":{"line":193,"column":42},"end":{"line":199,"column":5}},"locations":[{"start":{"line":193,"column":42},"end":{"line":199,"column":5}}]},"14":{"type":"branch","line":194,"loc":{"start":{"line":194,"column":27},"end":{"line":198,"column":9}},"locations":[{"start":{"line":194,"column":27},"end":{"line":198,"column":9}}]}},"b":{"0":[2],"1":[0],"2":[10],"3":[10],"4":[7],"5":[5],"6":[5],"7":[4],"8":[6],"9":[3],"10":[8],"11":[0],"12":[0],"13":[1],"14":[1]},"fnMap":{"0":{"name":"usePress","decl":{"start":{"line":53,"column":7},"end":{"line":89,"column":1}},"loc":{"start":{"line":53,"column":7},"end":{"line":89,"column":1}},"line":53},"1":{"name":"pressComposition","decl":{"start":{"line":91,"column":32},"end":{"line":103,"column":2}},"loc":{"start":{"line":91,"column":32},"end":{"line":103,"column":2}},"line":91},"2":{"name":"pressBase","decl":{"start":{"line":105,"column":0},"end":{"line":207,"column":1}},"loc":{"start":{"line":105,"column":0},"end":{"line":207,"column":1}},"line":105},"3":{"name":"onDone","decl":{"start":{"line":134,"column":2},"end":{"line":156,"column":3}},"loc":{"start":{"line":134,"column":2},"end":{"line":156,"column":3}},"line":134},"4":{"name":"onUp","decl":{"start":{"line":158,"column":2},"end":{"line":163,"column":3}},"loc":{"start":{"line":158,"column":2},"end":{"line":163,"column":3}},"line":158},"5":{"name":"onMove","decl":{"start":{"line":165,"column":2},"end":{"line":170,"column":3}},"loc":{"start":{"line":165,"column":2},"end":{"line":170,"column":3}},"line":165},"6":{"name":"onDown","decl":{"start":{"line":172,"column":2},"end":{"line":200,"column":3}},"loc":{"start":{"line":172,"column":2},"end":{"line":200,"column":3}},"line":172},"7":{"name":"node.oncontextmenu","decl":{"start":{"line":175,"column":27},"end":{"line":177,"column":8}},"loc":{"start":{"line":175,"column":27},"end":{"line":177,"column":8}},"line":175},"8":{"name":"clearTimeoutWrap","decl":{"start":{"line":202,"column":2},"end":{"line":204,"column":3}},"loc":{"start":{"line":202,"column":2},"end":{"line":204,"column":3}},"line":202}},"f":{"0":2,"1":10,"2":10,"3":7,"4":6,"5":3,"6":8,"7":0,"8":0}}
,"/home/rezi/svelte-gestures/src/gestures/rotate/rotate.svelte.ts": {"path":"/home/rezi/svelte-gestures/src/gestures/rotate/rotate.svelte.ts","all":false,"statementMap":{"0":{"start":{"line":1,"column":0},"end":{"line":1,"column":8}},"1":{"start":{"line":2,"column":0},"end":{"line":2,"column":23}},"2":{"start":{"line":3,"column":0},"end":{"line":3,"column":23}},"8":{"start":{"line":9,"column":0},"end":{"line":9,"column":24}},"9":{"start":{"line":10,"column":0},"end":{"line":10,"column":22}},"10":{"start":{"line":11,"column":0},"end":{"line":11,"column":57}},"22":{"start":{"line":23,"column":0},"end":{"line":23,"column":38}},"48":{"start":{"line":49,"column":0},"end":{"line":49,"column":68}},"49":{"start":{"line":50,"column":0},"end":{"line":50,"column":24}},"50":{"start":{"line":51,"column":0},"end":{"line":51,"column":36}},"51":{"start":{"line":52,"column":0},"end":{"line":52,"column":35}},"52":{"start":{"line":53,"column":0},"end":{"line":53,"column":4}},"54":{"start":{"line":55,"column":0},"end":{"line":55,"column":66}},"55":{"start":{"line":56,"column":0},"end":{"line":56,"column":67}},"68":{"start":{"line":69,"column":0},"end":{"line":69,"column":60}},"70":{"start":{"line":71,"column":0},"end":{"line":71,"column":74}},"71":{"start":{"line":72,"column":0},"end":{"line":72,"column":28}},"72":{"start":{"line":73,"column":0},"end":{"line":73,"column":57}},"74":{"start":{"line":75,"column":0},"end":{"line":75,"column":36}},"75":{"start":{"line":76,"column":0},"end":{"line":76,"column":1}},"77":{"start":{"line":78,"column":0},"end":{"line":78,"column":45}},"78":{"start":{"line":79,"column":0},"end":{"line":79,"column":42}},"79":{"start":{"line":80,"column":0},"end":{"line":80,"column":52}},"80":{"start":{"line":81,"column":0},"end":{"line":81,"column":25}},"83":{"start":{"line":84,"column":0},"end":{"line":84,"column":20}},"84":{"start":{"line":85,"column":0},"end":{"line":85,"column":20}},"85":{"start":{"line":86,"column":0},"end":{"line":86,"column":57}},"86":{"start":{"line":87,"column":0},"end":{"line":87,"column":70}},"88":{"start":{"line":89,"column":0},"end":{"line":89,"column":10}},"89":{"start":{"line":90,"column":0},"end":{"line":90,"column":20}},"90":{"start":{"line":91,"column":0},"end":{"line":91,"column":49}},"91":{"start":{"line":92,"column":0},"end":{"line":92,"column":61}},"92":{"start":{"line":93,"column":0},"end":{"line":93,"column":62}},"93":{"start":{"line":94,"column":0},"end":{"line":94,"column":13}},"94":{"start":{"line":95,"column":0},"end":{"line":95,"column":27}},"95":{"start":{"line":96,"column":0},"end":{"line":96,"column":8}},"96":{"start":{"line":97,"column":0},"end":{"line":97,"column":32}},"97":{"start":{"line":98,"column":0},"end":{"line":98,"column":20}},"98":{"start":{"line":99,"column":0},"end":{"line":99,"column":13}},"99":{"start":{"line":100,"column":0},"end":{"line":100,"column":15}},"100":{"start":{"line":101,"column":0},"end":{"line":101,"column":15}},"101":{"start":{"line":102,"column":0},"end":{"line":102,"column":13}},"102":{"start":{"line":103,"column":0},"end":{"line":103,"column":31}},"103":{"start":{"line":104,"column":0},"end":{"line":104,"column":26}},"104":{"start":{"line":105,"column":0},"end":{"line":105,"column":16}},"105":{"start":{"line":106,"column":0},"end":{"line":106,"column":6}},"106":{"start":{"line":107,"column":0},"end":{"line":107,"column":23}},"107":{"start":{"line":108,"column":0},"end":{"line":108,"column":1}},"109":{"start":{"line":110,"column":0},"end":{"line":110,"column":34}},"110":{"start":{"line":111,"column":0},"end":{"line":111,"column":20}},"111":{"start":{"line":112,"column":0},"end":{"line":112,"column":45}},"112":{"start":{"line":113,"column":0},"end":{"line":113,"column":27}},"113":{"start":{"line":114,"column":0},"end":{"line":114,"column":58}},"114":{"start":{"line":115,"column":0},"end":{"line":115,"column":9}},"115":{"start":{"line":116,"column":0},"end":{"line":116,"column":19}},"116":{"start":{"line":117,"column":0},"end":{"line":117,"column":4}},"118":{"start":{"line":119,"column":0},"end":{"line":119,"column":10}},"119":{"start":{"line":120,"column":0},"end":{"line":120,"column":11}},"120":{"start":{"line":121,"column":0},"end":{"line":121,"column":11}},"121":{"start":{"line":122,"column":0},"end":{"line":122,"column":9}},"122":{"start":{"line":123,"column":0},"end":{"line":123,"column":32}},"123":{"start":{"line":124,"column":0},"end":{"line":124,"column":4}},"124":{"start":{"line":125,"column":0},"end":{"line":125,"column":2}},"126":{"start":{"line":127,"column":0},"end":{"line":127,"column":20}},"127":{"start":{"line":128,"column":0},"end":{"line":128,"column":20}},"128":{"start":{"line":129,"column":0},"end":{"line":129,"column":45}},"134":{"start":{"line":135,"column":0},"end":{"line":135,"column":3}},"135":{"start":{"line":136,"column":0},"end":{"line":136,"column":40}},"136":{"start":{"line":137,"column":0},"end":{"line":137,"column":38}},"137":{"start":{"line":138,"column":0},"end":{"line":138,"column":20}},"138":{"start":{"line":139,"column":0},"end":{"line":139,"column":23}},"139":{"start":{"line":140,"column":0},"end":{"line":140,"column":4}},"141":{"start":{"line":142,"column":0},"end":{"line":142,"column":36}},"142":{"start":{"line":143,"column":0},"end":{"line":143,"column":20}},"143":{"start":{"line":144,"column":0},"end":{"line":144,"column":28}},"145":{"start":{"line":146,"column":0},"end":{"line":146,"column":53}},"146":{"start":{"line":147,"column":0},"end":{"line":147,"column":36}},"147":{"start":{"line":148,"column":0},"end":{"line":148,"column":28}},"148":{"start":{"line":149,"column":0},"end":{"line":149,"column":5}},"149":{"start":{"line":150,"column":0},"end":{"line":150,"column":3}},"151":{"start":{"line":152,"column":0},"end":{"line":152,"column":55}},"152":{"start":{"line":153,"column":0},"end":{"line":153,"column":36}},"153":{"start":{"line":154,"column":0},"end":{"line":154,"column":50}},"154":{"start":{"line":155,"column":0},"end":{"line":155,"column":37}},"155":{"start":{"line":156,"column":0},"end":{"line":156,"column":9}},"157":{"start":{"line":158,"column":0},"end":{"line":158,"column":64}},"159":{"start":{"line":160,"column":0},"end":{"line":160,"column":52}},"160":{"start":{"line":161,"column":0},"end":{"line":161,"column":5}},"161":{"start":{"line":162,"column":0},"end":{"line":162,"column":3}},"163":{"start":{"line":164,"column":0},"end":{"line":164,"column":79}},"164":{"start":{"line":165,"column":0},"end":{"line":165,"column":36}},"165":{"start":{"line":166,"column":0},"end":{"line":166,"column":57}},"167":{"start":{"line":168,"column":0},"end":{"line":168,"column":62}},"169":{"start":{"line":170,"column":0},"end":{"line":170,"column":44}},"172":{"start":{"line":173,"column":0},"end":{"line":173,"column":29}},"173":{"start":{"line":174,"column":0},"end":{"line":174,"column":26}},"174":{"start":{"line":175,"column":0},"end":{"line":175,"column":9}},"175":{"start":{"line":176,"column":0},"end":{"line":176,"column":45}},"177":{"start":{"line":178,"column":0},"end":{"line":178,"column":27}},"178":{"start":{"line":179,"column":0},"end":{"line":179,"column":66}},"179":{"start":{"line":180,"column":0},"end":{"line":180,"column":21}},"180":{"start":{"line":181,"column":0},"end":{"line":181,"column":23}},"181":{"start":{"line":182,"column":0},"end":{"line":182,"column":37}},"182":{"start":{"line":183,"column":0},"end":{"line":183,"column":45}},"183":{"start":{"line":184,"column":0},"end":{"line":184,"column":14}},"184":{"start":{"line":185,"column":0},"end":{"line":185,"column":12}},"185":{"start":{"line":186,"column":0},"end":{"line":186,"column":10}},"186":{"start":{"line":187,"column":0},"end":{"line":187,"column":7}},"187":{"start":{"line":188,"column":0},"end":{"line":188,"column":27}},"188":{"start":{"line":189,"column":0},"end":{"line":189,"column":5}},"190":{"start":{"line":191,"column":0},"end":{"line":191,"colum
[...]
3,"70":3,"71":3,"72":3,"73":3,"74":3,"75":3,"76":3,"77":0,"78":0,"80":3,"81":3,"82":3,"84":13,"86":8,"88":8,"89":8,"90":8,"92":8,"100":8,"102":8,"103":8,"105":8,"106":7,"107":7,"110":8,"112":8,"113":8,"114":8,"115":8,"116":8,"118":13,"119":10,"120":10,"121":10,"122":10,"123":10,"124":10,"126":13,"127":13,"128":3,"129":3,"130":13,"131":7,"132":7,"133":13,"134":2,"135":2,"136":2,"137":2,"138":1,"139":1,"140":2,"141":13,"142":13,"143":2,"144":1,"145":1,"146":1,"147":1,"148":2,"149":13,"150":13},"branchMap":{"0":{"type":"branch","line":10,"loc":{"start":{"line":10,"column":50},"end":{"line":151,"column":2}},"locations":[{"start":{"line":10,"column":50},"end":{"line":151,"column":2}}]},"1":{"type":"branch","line":30,"loc":{"start":{"line":30,"column":2},"end":{"line":50,"column":3}},"locations":[{"start":{"line":30,"column":2},"end":{"line":50,"column":3}}]},"2":{"type":"branch","line":35,"loc":{"start":{"line":35,"column":35},"end":{"line":45,"column":5}},"locations":[{"start":{"line":35,"column":35},"end":{"line":45,"column":5}}]},"3":{"type":"branch","line":52,"loc":{"start":{"line":52,"column":2},"end":{"line":55,"column":3}},"locations":[{"start":{"line":52,"column":2},"end":{"line":55,"column":3}}]},"4":{"type":"branch","line":57,"loc":{"start":{"line":57,"column":2},"end":{"line":65,"column":3}},"locations":[{"start":{"line":57,"column":2},"end":{"line":65,"column":3}}]},"5":{"type":"branch","line":67,"loc":{"start":{"line":67,"column":2},"end":{"line":83,"column":3}},"locations":[{"start":{"line":67,"column":2},"end":{"line":83,"column":3}}]},"6":{"type":"branch","line":70,"loc":{"start":{"line":70,"column":30},"end":{"line":70,"column":63}},"locations":[{"start":{"line":70,"column":30},"end":{"line":70,"column":63}}]},"7":{"type":"branch","line":72,"loc":{"start":{"line":72,"column":32},"end":{"line":72,"column":57}},"locations":[{"start":{"line":72,"column":32},"end":{"line":72,"column":57}}]},"8":{"type":"branch","line":77,"loc":{"start":{"line":77,"column":6},"end":{"line":79,"column":7}},"locations":[{"start":{"line":77,"column":6},"end":{"line":79,"column":7}}]},"9":{"type":"branch","line":85,"loc":{"start":{"line":85,"column":2},"end":{"line":117,"column":3}},"locations":[{"start":{"line":85,"column":2},"end":{"line":117,"column":3}}]},"10":{"type":"branch","line":101,"loc":{"start":{"line":101,"column":19},"end":{"line":101,"column":45}},"locations":[{"start":{"line":101,"column":19},"end":{"line":101,"column":45}}]},"11":{"type":"branch","line":106,"loc":{"start":{"line":106,"column":23},"end":{"line":108,"column":5}},"locations":[{"start":{"line":106,"column":23},"end":{"line":108,"column":5}}]},"12":{"type":"branch","line":119,"loc":{"start":{"line":119,"column":2},"end":{"line":125,"column":3}},"locations":[{"start":{"line":119,"column":2},"end":{"line":125,"column":3}}]},"13":{"type":"branch","line":128,"loc":{"start":{"line":128,"column":12},"end":{"line":130,"column":6}},"locations":[{"start":{"line":128,"column":12},"end":{"line":130,"column":6}}]},"14":{"type":"branch","line":131,"loc":{"start":{"line":131,"column":12},"end":{"line":133,"column":6}},"locations":[{"start":{"line":131,"column":12},"end":{"line":133,"column":6}}]},"15":{"type":"branch","line":134,"loc":{"start":{"line":134,"column":10},"end":{"line":141,"column":6}},"locations":[{"start":{"line":134,"column":10},"end":{"line":141,"column":6}}]},"16":{"type":"branch","line":138,"loc":{"start":{"line":138,"column":37},"end":{"line":140,"column":7}},"locations":[{"start":{"line":138,"column":37},"end":{"line":140,"column":7}}]},"17":{"type":"branch","line":143,"loc":{"start":{"line":143,"column":12},"end":{"line":149,"column":6}},"locations":[{"start":{"line":143,"column":12},"end":{"line":149,"column":6}}]},"18":{"type":"branch","line":144,"loc":{"start":{"line":144,"column":31},"end":{"line":148,"column":7}},"locations":[{"start":{"line":144,"column":31},"end":{"line":148,"column":7}}]}},"b":{"0":[13],"1":[8],"2":[0],"3":[10],"4":[8],"5":[3],"6":[2],"7":[2],"8":[0],"9":[8],"10":[7],"11":[7],"12":[10],"13":[3],"14":[7],"15":[2],"16":[1],"17":[2],"18":[1]},"fnMap":{"0":{"name":"highlightPlugin","decl":{"start":{"line":10,"column":50},"end":{"line":151,"column":2}},"loc":{"start":{"line":10,"column":50},"end":{"line":151,"column":2}},"line":10},"1":{"name":"animate","decl":{"start":{"line":30,"column":2},"end":{"line":50,"column":3}},"loc":{"start":{"line":30,"column":2},"end":{"line":50,"column":3}},"line":30},"2":{"name":"setPosition","decl":{"start":{"line":52,"column":2},"end":{"line":55,"column":3}},"loc":{"start":{"line":52,"column":2},"end":{"line":55,"column":3}},"line":52},"3":{"name":"resize","decl":{"start":{"line":57,"column":2},"end":{"line":65,"column":3}},"loc":{"start":{"line":57,"column":2},"end":{"line":65,"column":3}},"line":57},"4":{"name":"draw","decl":{"start":{"line":67,"column":2},"end":{"line":83,"column":3}},"loc":{"start":{"line":67,"column":2},"end":{"line":83,"column":3}},"line":67},"5":{"name":"onInit","decl":{"start":{"line":85,"column":2},"end":{"line":117,"column":3}},"loc":{"start":{"line":85,"column":2},"end":{"line":117,"column":3}},"line":85},"6":{"name":"onDestroy","decl":{"start":{"line":119,"column":2},"end":{"line":125,"column":3}},"loc":{"start":{"line":119,"column":2},"end":{"line":125,"column":3}},"line":119},"7":{"name":"onMove","decl":{"start":{"line":128,"column":12},"end":{"line":130,"column":6}},"loc":{"start":{"line":128,"column":12},"end":{"line":130,"column":6}},"line":128},"8":{"name":"onDown","decl":{"start":{"line":131,"column":12},"end":{"line":133,"column":6}},"loc":{"start":{"line":131,"column":12},"end":{"line":133,"column":6}},"line":131},"9":{"name":"onUp","decl":{"start":{"line":134,"column":10},"end":{"line":141,"column":6}},"loc":{"start":{"line":134,"column":10},"end":{"line":141,"column":6}},"line":134},"10":{"name":"onInit","decl":{"start":{"line":143,"column":12},"end":{"line":149,"column":6}},"loc":{"start":{"line":143,"column":12},"end":{"line":149,"column":6}},"line":143}},"f":{"0":13,"1":8,"2":10,"3":8,"4":3,"5":8,"6":10,"7":3,"8":7,"9":2,"10":2}}
,"/home/rezi/svelte-gestures/src/plugins/plugin-touch-points.ts": {"path":"/home/rezi/svelte-gestures/src/plugins/plugin-touch-points.ts","all":false,"statementMap":{"8":{"start":{"line":9,"column":0},"end":{"line":9,"column":68}},"9":{"start":{"line":10,"column":0},"end":{"line":10,"column":21}},"10":{"start":{"line":11,"column":0},"end":{"line":11,"column":21}},"11":{"start":{"line":12,"column":0},"end":{"line":12,"column":20}},"12":{"start":{"line":13,"column":0},"end":{"line":13,"column":14}},"13":{"start":{"line":14,"column":0},"end":{"line":14,"column":4}},"15":{"start":{"line":16,"column":0},"end":{"line":16,"column":54}},"17":{"start":{"line":18,"column":0},"end":{"line":18,"column":30}},"18":{"start":{"line":19,"column":0},"end":{"line":19,"column":77}},"19":{"start":{"line":20,"column":0},"end":{"line":20,"column":3}},"21":{"start":{"line":22,"column":0},"end":{"line":22,"column":63}},"23":{"start":{"line":24,"column":0},"end":{"line":24,"column":16}},"25":{"start":{"line":26,"column":0},"end":{"line":26,"column":51}},"26":{"start":{"line":27,"column":0},"end":{"line":27,"column":48}},"28":{"start":{"line":29,"column":0},"end":{"line":29,"column":40}},"29":{"start":{"line":30,"column":0},"end":{"line":30,"column":57}},"30":{"start":{"line":31,"column":0},"end":{"line":31,"column":46}},"31":{"start":{"line":32,"column":0},"end":{"line":32,"column":29}},"33":{"start":{"line":34,"column":0},"end":{"line":34,"column":63}},"34":{"start":{"line":35,"column":0},"end":{"line":35,"column":64}},"35":{"start":{"line":36,"column":0},"end":{"line":36,"column":43}},"36":{"start":{"line":37,"column":0},"end":{"line":37,"column":44}},"38":{"start":{"line":39,"column":0},"end":{"line":39,"column":54}},"40":{"start":{"line":41,"column":0},"end":{"line":41,"column":34}},"41":{"start":{"line":42,"column":0},"end":{"line":42,"column":7}},"43":{"start":{"line":44,"column":0},"end":{"line":44,"column":29}},"51":{"start":{"line":52,"column":0},"end":{"line":52,"column":47}},"53":{"start":{"line":54,"column":0},"end":{"line":54,"column":46}},"54":{"start":{"line":55,"column":0},"end":{"line":55,"column":3}},"56":{"start":{"line":57,"column":0},"end":{"line":57,"column":10}},"57":{"start":{"line":58,"column":0},"end":{"line":58,"column":13}},"58":{"start":{"line":59,"column":0},"end":{"line":59,"column":35}},"59":{"start":{"line":60,"column":0},"end":{"line":60,"column":34}},"60":{"start":{"line":61,"column":0},"end":{"line":61,"column":16}},"61":{"start":{"line":62,"column":0},"end":{"line":62,"column":42}},"62":{"start":{"line":63,"column":0},"end":{"line":63,"column":53}},"63":{"start":{"line":64,"column":0},"end":{"line":64,"column":38}},"64":{"start":{"line":65,"column":0},"end":{"line":65,"column":10}},"65":{"start":{"line":66,"column":0},"end":{"line":66,"column":20}},"66":{"start":{"line":67,"column":0},"end":{"line":67,"column":31}},"67":{"start":{"line":68,"column":0},"end":{"line":68,"column":64}},"68":{"start":{"line":69,"column":0},"end":{"line":69,"column":15}},"69":{"start":{"line":70,"column":0},"end":{"line":70,"column":32}},"70":{"start":{"line":71,"column":0},"end":{"line":71,"column":64}},"71":{"start":{"line":72,"column":0},"end":{"line":72,"column":15}},"72":{"start":{"line":73,"column":0},"end":{"line":73,"column":9}},"73":{"start":{"line":74,"column":0},"end":{"line":74,"column":9}},"74":{"start":{"line":75,"column":0},"end":{"line":75,"column":6}},"75":{"start":{"line":76,"column":0},"end":{"line":76,"column":13}},"76":{"start":{"line":77,"column":0},"end":{"line":77,"column":35}},"77":{"start":{"line":78,"column":0},"end":{"line":78,"column":34}},"78":{"start":{"line":79,"column":0},"end":{"line":79,"column":16}},"79":{"start":{"line":80,"column":0},"end":{"line":80,"column":35}},"80":{"start":{"line":81,"column":0},"end":{"line":81,"column":6}},"81":{"start":{"line":82,"column":0},"end":{"line":82,"column":11}},"82":{"start":{"line":83,"column":0},"end":{"line":83,"column":35}},"83":{"start":{"line":84,"column":0},"end":{"line":84,"column":34}},"84":{"start":{"line":85,"column":0},"end":{"line":85,"column":16}},"85":{"start":{"line":86,"column":0},"end":{"line":86,"column":38}},"86":{"start":{"line":87,"column":0},"end":{"line":87,"column":20}},"87":{"start":{"line":88,"column":0},"end":{"line":88,"column":14}},"88":{"start":{"line":89,"column":0},"end":{"line":89,"column":37}},"89":{"start":{"line":90,"column":0},"end":{"line":90,"column":7}},"90":{"start":{"line":91,"column":0},"end":{"line":91,"column":6}},"91":{"start":{"line":92,"column":0},"end":{"line":92,"column":25}},"92":{"start":{"line":93,"column":0},"end":{"line":93,"column":4}},"93":{"start":{"line":94,"column":0},"end":{"line":94,"column":2}}},"s":{"8":1,"9":14,"10":14,"11":14,"12":14,"13":14,"15":14,"17":14,"18":11,"19":11,"21":14,"23":9,"25":9,"26":9,"28":9,"29":10,"30":10,"31":10,"33":10,"34":10,"35":10,"36":10,"38":10,"40":10,"41":9,"43":9,"51":9,"53":9,"54":9,"56":14,"57":14,"58":3,"59":3,"60":3,"61":3,"62":4,"63":4,"64":4,"65":4,"66":3,"67":3,"68":3,"69":3,"70":3,"71":3,"72":3,"73":3,"74":3,"75":14,"76":8,"77":8,"78":8,"79":8,"80":8,"81":14,"82":2,"83":2,"84":2,"85":2,"86":1,"87":1,"88":1,"89":1,"90":2,"91":14,"92":14,"93":14},"branchMap":{"0":{"type":"branch","line":9,"loc":{"start":{"line":9,"column":54},"end":{"line":94,"column":2}},"locations":[{"start":{"line":9,"column":54},"end":{"line":94,"column":2}}]},"1":{"type":"branch","line":18,"loc":{"start":{"line":18,"column":2},"end":{"line":20,"column":3}},"locations":[{"start":{"line":18,"column":2},"end":{"line":20,"column":3}}]},"2":{"type":"branch","line":22,"loc":{"start":{"line":22,"column":2},"end":{"line":55,"column":3}},"locations":[{"start":{"line":22,"column":2},"end":{"line":55,"column":3}}]},"3":{"type":"branch","line":52,"loc":{"start":{"line":52,"column":19},"end":{"line":52,"column":45}},"locations":[{"start":{"line":52,"column":19},"end":{"line":52,"column":45}}]},"4":{"type":"branch","line":29,"loc":{"start":{"line":29,"column":25},"end":{"line":42,"column":5}},"locations":[{"start":{"line":29,"column":25},"end":{"line":42,"column":5}}]},"5":{"type":"branch","line":34,"loc":{"start":{"line":34,"column":32},"end":{"line":34,"column":58}},"locations":[{"start":{"line":34,"column":32},"end":{"line":34,"column":58}}]},"6":{"type":"branch","line":35,"loc":{"start":{"line":35,"column":33},"end":{"line":35,"column":59}},"locations":[{"start":{"line":35,"column":33},"end":{"line":35,"column":59}}]},"7":{"type":"branch","line":36,"loc":{"start":{"line":36,"column":17},"end":{"line":36,"column":39}},"locations":[{"start":{"line":36,"column":17},"end":{"line":36,"column":39}}]},"8":{"type":"branch","line":37,"loc":{"start":{"line":37,"column":18},"end":{"line":37,"column":40}},"locations":[{"start":{"line":37,"column":18},"end":{"line":37,"column":40}}]},"9":{"type":"branch","line":39,"loc":{"start":{"line":39,"column":28},"end":{"line":39,"column":52}},"locations":[{"start":{"line":39,"column":28},"end":{"line":39,"column":52}}]},"10":{"type":"branch","line":58,"loc":{"start":{"line":58,"column":12},"end":{"line":75,"column":6}},"locations":[{"start":{"line":58,"column":12},"end":{"line":75,"column":6}}]},"11":{"type":"branch","line":62,"loc":{"start":{"line":62,"column":27},"end":{"line":74,"column":7}},"locations":[{"start":{"line":62,"column":27},"end":{"line":74,"column":7}}]},"12":{"type":"branch","line":66,"loc":{"start":{"line":66,"column":19},"end":{"line":73,"column":9}},"locations":[{"start":{"line":66,"column":19},"end":{"line":73,"column":9}}]},"13":{"type":"branch","line":68,"loc":{"start":{"line":68,"column":37},"end":{"line":68,"column":63}},"locations":[{"start":{"line":68,"column":37},"end":{"line":68,"column":63}}]},"14":{"type":"branch","line":71,"loc":{"start":{"line":71,"column":37},"end":{"line":71,"column":63}},"locations":[{"start":{"line":71,"column":37},"end":{"line":71,"column":63}}]},"15":{"type":"branch","line":76,"loc":{"start":{"line":76,"column":12},"end":{"line":81,"column":6}},"locations":[{"start":{"line":76,"column":12},"end":{"line":81,"column":6}}]},"16":{"type":"branch","line":82,"loc":{"start":{"line":82,"column":10},"end":{"line":91,"column":6}},"locations":[{"start":{"line":82,"column":10},"end":{"line":91,"column":6}}]},"17":{"type":"branch","line":86,"loc":{"start":{"line":86,"column":37},"end":{"line":90,"column":7}},"locations":[{"start":{"line":86,"column":37},"end":{"line":90,"column":7}}]}},"b":{"0":[14],"1":[11],"2":[9],"3":[8],"4":[10],"5":[7],"6":[7],"7":[7],"8":[7],"9":[9],"10":[3],"11":[4],"12":[3],"13":[0],"14":[0],"15":[8],"16":[2],"17":[1]},"fnMap":{"0":{"name":"touchPointsPlugin","decl":{"start":{"line":9,"column":54},"end":{"line":94,"column":2}},"loc":{"start":{"line":9,"column":54},"end":{"line":94,"column":2}},"line":9},"1":{"name":"onDestroy","decl":{"start":{"line":18,"column":2},"end":{"line":20,"column":3}},"loc":{"start":{"line":18,"column":2},"end":{"line":20,"column":3}},"line":18},"2":{"name":"rebuildWrapper","decl":{"start":{"line":22,"column":2},"end":{"line":55,"column":3}},"loc":{"start":{"line":22,"column":2},"end":{"line":55,"column":3}},"line":22},"3":{"name":"onMove","decl":{"start":{"line":58,"column":12},"end":{"line":75,"column":6}},"loc":{"start":{"line":58,"column":12},"end":{"line":75,"column":6}},"line":58},"4":{"name":"onDown","decl":{"start":{"line":76,"column":12},"end":{"line":81,"column":6}},"loc":{"start":{"line":76,"column":12},"end":{"line":81,"column":6}},"line":76},"5":{"name":"onUp","decl":{"start":{"line":82,"column":10},"end":{"line":91,"column":6}},"loc":{"start":{"line":82,"column":10},"end":{"line":91,"column":6}},"line":82}},"f":{"0":14,"1":11,"2":9,"3":3,"4":8,"5":2}}
,"/home/rezi/svelte-gestures/src/plugins/plugin-vibrate.ts": {"path":"/home/rezi/svelte-gestures/src/plugins/plugin-vibrate.ts","all":false,"statementMap":{"6":{"start":{"line":7,"column":0},"end":{"line":7,"column":60}},"7":{"start":{"line":8,"column":0},"end":{"line":8,"column":21}},"8":{"start":{"line":9,"column":0},"end":{"line":9,"column":75}},"9":{"start":{"line":10,"column":0},"end":{"line":10,"column":4}},"11":{"start":{"line":12,"column":0},"end":{"line":12,"column":41}},"13":{"start":{"line":14,"column":0},"end":{"line":14,"column":30}},"14":{"start":{"line":15,"column":0},"end":{"line":15,"column":29}},"15":{"start":{"line":16,"column":0},"end":{"line":16,"column":3}},"17":{"start":{"line":18,"column":0},"end":{"line":18,"column":10}},"18":{"start":{"line":19,"column":0},"end":{"line":19,"column":27}},"19":{"start":{"line":20,"column":0},"end":{"line":20,"column":25}},"20":{"start":{"line":21,"column":0},"end":{"line":21,"column":54}},"21":{"start":{"line":22,"column":0},"end":{"line":22,"column":6}},"22":{"start":{"line":23,"column":0},"end":{"line":23,"column":11}},"23":{"start":{"line":24,"column":0},"end":{"line":24,"column":35}},"24":{"start":{"line":25,"column":0},"end":{"line":25,"column":34}},"25":{"start":{"line":26,"column":0},"end":{"line":26,"column":16}},"26":{"start":{"line":27,"column":0},"end":{"line":27,"column":38}},"27":{"start":{"line":28,"column":0},"end":{"line":28,"column":20}},"28":{"start":{"line":29,"column":0},"end":{"line":29,"column":7}},"29":{"start":{"line":30,"column":0},"end":{"line":30,"column":6}},"30":{"start":{"line":31,"column":0},"end":{"line":31,"column":25}},"31":{"start":{"line":32,"column":0},"end":{"line":32,"column":4}},"32":{"start":{"line":33,"column":0},"end":{"line":33,"column":2}}},"s":{"6":1,"7":20,"8":20,"9":20,"11":20,"13":20,"14":7,"15":7,"17":20,"18":20,"19":20,"20":15,"21":15,"22":20,"23":2,"24":2,"25":2,"26":2,"27":1,"28":1,"29":2,"30":20,"31":20,"32":20},"branchMap":{"0":{"type":"branch","line":7,"loc":{"start":{"line":7,"column":46},"end":{"line":33,"column":2}},"locations":[{"start":{"line":7,"column":46},"end":{"line":33,"column":2}}]},"1":{"type":"branch","line":14,"loc":{"start":{"line":14,"column":2},"end":{"line":16,"column":3}},"locations":[{"start":{"line":14,"column":2},"end":{"line":16,"column":3}}]},"2":{"type":"branch","line":19,"loc":{"start":{"line":19,"column":12},"end":{"line":19,"column":27}},"locations":[{"start":{"line":19,"column":12},"end":{"line":19,"column":27}}]},"3":{"type":"branch","line":20,"loc":{"start":{"line":20,"column":12},"end":{"line":22,"column":6}},"locations":[{"start":{"line":20,"column":12},"end":{"line":22,"column":6}}]},"4":{"type":"branch","line":21,"loc":{"start":{"line":21,"column":17},"end":{"line":21,"column":54}},"locations":[{"start":{"line":21,"column":17},"end":{"line":21,"column":54}}]},"5":{"type":"branch","line":23,"loc":{"start":{"line":23,"column":10},"end":{"line":30,"column":6}},"locations":[{"start":{"line":23,"column":10},"end":{"line":30,"column":6}}]},"6":{"type":"branch","line":27,"loc":{"start":{"line":27,"column":37},"end":{"line":29,"column":7}},"locations":[{"start":{"line":27,"column":37},"end":{"line":29,"column":7}}]}},"b":{"0":[20],"1":[7],"2":[1],"3":[15],"4":[13],"5":[2],"6":[1]},"fnMap":{"0":{"name":"vibratePlugin","decl":{"start":{"line":7,"column":46},"end":{"line":33,"column":2}},"loc":{"start":{"line":7,"column":46},"end":{"line":33,"column":2}},"line":7},"1":{"name":"onDestroy","decl":{"start":{"line":14,"column":2},"end":{"line":16,"column":3}},"loc":{"start":{"line":14,"column":2},"end":{"line":16,"column":3}},"line":14},"2":{"name":"onMove","decl":{"start":{"line":19,"column":12},"end":{"line":19,"column":27}},"loc":{"start":{"line":19,"column":12},"end":{"line":19,"column":27}},"line":19},"3":{"name":"onDown","decl":{"start":{"line":20,"column":12},"end":{"line":22,"column":6}},"loc":{"start":{"line":20,"column":12},"end":{"line":22,"column":6}},"line":20},"4":{"name":"onUp","decl":{"start":{"line":23,"column":10},"end":{"line":30,"column":6}},"loc":{"start":{"line":23,"column":10},"end":{"line":30,"column":6}},"line":23}},"f":{"0":20,"1":7,"2":1,"3":15,"4":2}}
}
