{"/home/rezi/svelte-gestures/src/shared.ts": {"path":"/home/rezi/svelte-gestures/src/shared.ts","all":false,"statementMap":{"0":{"start":{"line":1,"column":0},"end":{"line":1,"column":39}},"1":{"start":{"line":2,"column":0},"end":{"line":2,"column":44}},"2":{"start":{"line":3,"column":0},"end":{"line":3,"column":51}},"3":{"start":{"line":4,"column":0},"end":{"line":4,"column":43}},"66":{"start":{"line":67,"column":0},"end":{"line":67,"column":49}},"67":{"start":{"line":68,"column":0},"end":{"line":68,"column":33}},"68":{"start":{"line":69,"column":0},"end":{"line":69,"column":13}},"69":{"start":{"line":70,"column":0},"end":{"line":70,"column":1}},"71":{"start":{"line":72,"column":0},"end":{"line":72,"column":74}},"72":{"start":{"line":73,"column":0},"end":{"line":73,"column":11}},"73":{"start":{"line":74,"column":0},"end":{"line":74,"column":16}},"74":{"start":{"line":75,"column":0},"end":{"line":75,"column":37}},"75":{"start":{"line":76,"column":0},"end":{"line":76,"column":15}},"76":{"start":{"line":77,"column":0},"end":{"line":77,"column":64}},"77":{"start":{"line":78,"column":0},"end":{"line":78,"column":80}},"78":{"start":{"line":79,"column":0},"end":{"line":79,"column":1}},"80":{"start":{"line":81,"column":0},"end":{"line":81,"column":37}},"81":{"start":{"line":82,"column":0},"end":{"line":82,"column":20}},"82":{"start":{"line":83,"column":0},"end":{"line":83,"column":30}},"83":{"start":{"line":84,"column":0},"end":{"line":84,"column":10}},"84":{"start":{"line":85,"column":0},"end":{"line":85,"column":44}},"85":{"start":{"line":86,"column":0},"end":{"line":86,"column":80}},"86":{"start":{"line":87,"column":0},"end":{"line":87,"column":80}},"87":{"start":{"line":88,"column":0},"end":{"line":88,"column":74}},"88":{"start":{"line":89,"column":0},"end":{"line":89,"column":74}},"89":{"start":{"line":90,"column":0},"end":{"line":90,"column":39}},"90":{"start":{"line":91,"column":0},"end":{"line":91,"column":39}},"92":{"start":{"line":93,"column":0},"end":{"line":93,"column":44}},"93":{"start":{"line":94,"column":0},"end":{"line":94,"column":43}},"95":{"start":{"line":96,"column":0},"end":{"line":96,"column":18}},"96":{"start":{"line":97,"column":0},"end":{"line":97,"column":1}},"98":{"start":{"line":99,"column":0},"end":{"line":99,"column":28}},"99":{"start":{"line":100,"column":0},"end":{"line":100,"column":22}},"100":{"start":{"line":101,"column":0},"end":{"line":101,"column":30}},"101":{"start":{"line":102,"column":0},"end":{"line":102,"column":19}},"102":{"start":{"line":103,"column":0},"end":{"line":103,"column":61}},"103":{"start":{"line":104,"column":0},"end":{"line":104,"column":53}},"104":{"start":{"line":105,"column":0},"end":{"line":105,"column":5}},"105":{"start":{"line":106,"column":0},"end":{"line":106,"column":1}},"107":{"start":{"line":108,"column":0},"end":{"line":108,"column":38}},"108":{"start":{"line":109,"column":0},"end":{"line":109,"column":20}},"109":{"start":{"line":110,"column":0},"end":{"line":110,"column":21}},"110":{"start":{"line":111,"column":0},"end":{"line":111,"column":29}},"111":{"start":{"line":112,"column":0},"end":{"line":112,"column":44}},"112":{"start":{"line":113,"column":0},"end":{"line":113,"column":10}},"113":{"start":{"line":114,"column":0},"end":{"line":114,"column":45}},"114":{"start":{"line":115,"column":0},"end":{"line":115,"column":44}},"115":{"start":{"line":116,"column":0},"end":{"line":116,"column":4}},"116":{"start":{"line":117,"column":0},"end":{"line":117,"column":1}},"118":{"start":{"line":119,"column":0},"end":{"line":119,"column":37}},"119":{"start":{"line":120,"column":0},"end":{"line":120,"column":20}},"120":{"start":{"line":121,"column":0},"end":{"line":121,"column":22}},"121":{"start":{"line":122,"column":0},"end":{"line":122,"column":30}},"122":{"start":{"line":123,"column":0},"end":{"line":123,"column":18}},"123":{"start":{"line":124,"column":0},"end":{"line":124,"column":54}},"125":{"start":{"line":126,"column":0},"end":{"line":126,"column":36}},"126":{"start":{"line":127,"column":0},"end":{"line":127,"column":10}},"127":{"start":{"line":128,"column":0},"end":{"line":128,"column":39}},"128":{"start":{"line":129,"column":0},"end":{"line":129,"column":40}},"129":{"start":{"line":130,"column":0},"end":{"line":130,"column":6}},"130":{"start":{"line":131,"column":0},"end":{"line":131,"column":6}},"131":{"start":{"line":132,"column":0},"end":{"line":132,"column":26}},"132":{"start":{"line":133,"column":0},"end":{"line":133,"column":4}},"133":{"start":{"line":134,"column":0},"end":{"line":134,"column":19}},"134":{"start":{"line":135,"column":0},"end":{"line":135,"column":1}},"136":{"start":{"line":137,"column":0},"end":{"line":137,"column":25}},"137":{"start":{"line":138,"column":0},"end":{"line":138,"column":20}},"138":{"start":{"line":139,"column":0},"end":{"line":139,"column":22}},"139":{"start":{"line":140,"column":0},"end":{"line":140,"column":22}},"140":{"start":{"line":141,"column":0},"end":{"line":141,"column":31}},"141":{"start":{"line":142,"column":0},"end":{"line":142,"column":24}},"142":{"start":{"line":143,"column":0},"end":{"line":143,"column":18}},"143":{"start":{"line":144,"column":0},"end":{"line":144,"column":68}},"145":{"start":{"line":146,"column":0},"end":{"line":146,"column":21}},"146":{"start":{"line":147,"column":0},"end":{"line":147,"column":73}},"147":{"start":{"line":148,"column":0},"end":{"line":148,"column":4}},"149":{"start":{"line":150,"column":0},"end":{"line":150,"column":19}},"150":{"start":{"line":151,"column":0},"end":{"line":151,"column":1}},"155":{"start":{"line":156,"column":0},"end":{"line":156,"column":41}},"156":{"start":{"line":157,"column":0},"end":{"line":157,"column":40}},"157":{"start":{"line":158,"column":0},"end":{"line":158,"column":54}},"158":{"start":{"line":159,"column":0},"end":{"line":159,"column":36}},"160":{"start":{"line":161,"column":0},"end":{"line":161,"column":10}},"161":{"start":{"line":162,"column":0},"end":{"line":162,"column":25}},"162":{"start":{"line":163,"column":0},"end":{"line":163,"column":26}},"163":{"start":{"line":164,"column":0},"end":{"line":164,"column":24}},"164":{"start":{"line":165,"column":0},"end":{"line":165,"column":52}},"165":{"start":{"line":166,"column":0},"end":{"line":166,"column":49}},"166":{"start":{"line":167,"column":0},"end":{"line":167,"column":47}},"167":{"start":{"line":168,"column":0},"end":{"line":168,"column":70}},"168":{"start":{"line":169,"column":0},"end":{"line":169,"column":38}},"171":{"start":{"line":172,"column":0},"end":{"line":172,"column":10}},"172":{"start":{"line":173,"column":0},"end":{"line":173,"column":66}},"173":{"start":{"line":174,"column":0},"end":{"line":174,"column":27}},"175":{"start":{"line":176,"column":0},"end":{"line":176,"column":35}},"176":{"start":{"line":177,"column":0},"end":{"line":177,"column":38}},"177":{"start":{"line":178,"column":0},"end":{"line":178,"column":9}},"180":{"start":{"line":181,"column":0},"end":{"line":181,"column":33}},"181":{"start":{"line":182,"column":0},"end":{"line":182,"column":57}},"182":{"start":{"line":183,"column":0},"end":{"line":183,"column":35}},"183":{"start":{"line":184,"column":0},"end":{"line":184,"column":56}},"184":{"start":{"line":185,"column":0},"end":{"line":185,"column":17}},"185":{"start":{"line":186,"column":0},"end":{"line":186,"column":24}},"186":{"start":{"line":187,"column":0},"end":{"line":187,"column":18}},"187":{"start":{"line":188,"column":0},"end":{"line":188,"column":25}},"188":{"start":{"line":189,"column":0},"end":{"line":189,"column":18}},"189":{"start":{"line":190,"column":0},"end":{"line":190,"column":12}},"190":{"start":{"line":191,"column":0},"end":{"line":191,"column":48}},"192":{"start":{"line":193,"column":0},"end":{"line":193,"column":28}},"193":{"start":{"line":194,"column":0},"end":{"line":194,"column":41}},"194":{"start":{"line":195,"column":0},"end":{"line":195,"column":59}},"195":{"start":{"line":196,"column":0},"end":{"line":196,"column":15}},"196":{"start":{"line":197,"column":0},"end":{"line":197,"column":13}},"198":{"start":{"line":199,"column":0},"end":{"line":199,"column":42}},"199":{"start":{"line":200,"column":0},"end":{"line":200,"column":59}},"200":{"start":{"line":201,"column":0},"end":{"line":201,"column":56}},"201":{"start":{"line":202,"column":0},"end":{"line":202,"column":74}},"203":{"start":{"line":204,"column":0},"end":{"line":204,"column":31}},"204":{"start":{"line":205,"column":0},"end":{"line":205,"column":62}},"205":{"start":{"line":206,"column":0},"end":{"line":206,"column":60}},"206":{"start":{"line":207,"column":0},"end":{"line":207,"column":21}},"207":{"start":{"line":208,"column":0},"end":{"line":208,"column":28}},"208":{"start":{"line":209,"column":0},"end":{"line":209,"column":18}},"209":{"start":{"line":210,"column":0},"end":{"line":210,"column":29}},"210":{"start":{"line":211,"column":0},"end":{"line":211,"column":20}},"211":{"start":{"line":212,"column":0},"end":{"line":212,"column":16}},"212":{"start":{"line":213,"column":0},"end":{"line":213,"column":46}},"214":{"start":{"line":215,"column":0},"end":{"line":215,"column":32}},"215":{"start":{"line":216,"column":0},"end":{"line":216,"column":45}},"216":{"start":{"line":217,"column":0},"end":{"line":217,"column":61}},"217":{"start":{"line":218,"column":0},"end":{"line":218,"column":19}},"218":{"start":{"line":219,"column":0},"end":{"line":219,"column":17}},"219":{"start":{"line":220,"column":0},"end":{"line":220,"column":13}},"220":{"start":{"line":221,"column":0},"end":{"line":221,"column":11}},"222":{"start":{"line":223,"column":0},"end":{"line":223,"column":42}},"223":{"start":{"line":224,"column":0},"end":{"line":224,"column":39}},"224":{"start":{"line":225,"column":0},"end":{"line":225,"column":46}},"225":{"start":{"line":226,"column":0},"end":{"line":226,"column":37}},"226":{"start":{"line":227,"column":0},"end":{"line":227,"column":40}},"227":{"start":{"line":228,"column":0},"end":{"line":228,"column":11}},"229":{"start":{"line":230,"column":0},"end":{"line":230,"column":60}},"230":{"start":{"line":231,"column":0},"end":{"line":231,"column":17}},"231":{"start":{"line":232,"column":0},"end":{"line":232,"column":26}},"232":{"start":{"line":233,"column":0},"end":{"line":233,"column":34}},"233":{"start":{"line":234,"column":0},"end":{"line":234,"column":78}},"234":{"start":{"line":235,"column":0},"end":{"line":235,"column":79}},"235":{"start":{"line":236,"column":0},"end":{"line":236,"column":17}},"236":{"start":{"line":237,"column":0},"end":{"line":237,"column":60}},"237":{"start":{"line":238,"column":0},"end":{"line":238,"column":21}},"238":{"start":{"line":239,"column":0},"end":{"line":239,"column":28}},"239":{"start":{"line":240,"column":0},"end":{"line":240,"column":18}},"240":{"start":{"line":241,"column":0},"end":{"line":241,"column":29}},"241":{"start":{"line":242,"column":0},"end":{"line":242,"column":22}},"242":{"start":{"line":243,"column":0},"end":{"line":243,"column":16}},"243":{"start":{"line":244,"column":0},"end":{"line":244,"column":48}},"245":{"start":{"line":246,"column":0},"end":{"line":246,"column":43}},"246":{"start":{"line":247,"column":0},"end":{"line":247,"column":61}},"247":{"start":{"line":248,"column":0},"end":{"line":248,"column":17}},"248":{"start":{"line":249,"column":0},"end":{"line":249,"column":13}},"249":{"start":{"line":250,"column":0},"end":{"line":250,"column":12}},"251":{"start":{"line":252,"column":0},"end":{"line":252,"column":67}},"252":{"start":{"line":253,"column":0},"end":{"line":253,"column":17}},"253":{"start":{"line":254,"column":0},"end":{"line":254,"column":33}},"254":{"start":{"line":255,"column":0},"end":{"line":255,"column":34}},"255":{"start":{"line":256,"column":0},"end":{"line":256,"column":22}},"256":{"start":{"line":257,"column":0},"end":{"line":257,"column":13}},"257":{"start":{"line":258,"column":0},"end":{"line":258,"column":12}},"259":{"start":{"line":260,"column":0},"end":{"line":260,"column":58}},"260":{"start":{"line":261,"column":0},"end":{"line":261,"column":17}},"261":{"start":{"line":262,"column":0},"end":{"line":262,"column":24}},"262":{"start":{"line":263,"column":0},"end":{"line":263,"column":34}},"263":{"start":{"line":264,"column":0},"end":{"line":264,"column":22}},"264":{"start":{"line":265,"column":0},"end":{"line":265,"column":13}},"265":{"start":{"line":266,"column":0},"end":{"line":266,"column":12}},"266":{"start":{"line":267,"column":0},"end":{"line":267,"column":61}},"267":{"start":{"line":268,"column":0},"end":{"line":268,"column":17}},"268":{"start":{"line":269,"column":0},"end":{"line":269,"column":27}},"269":{"start":{"line":270,"column":0},"end":{"line":270,"column":34}},"270":{"start":{"line":271,"column":0},"end":{"line":271,"column":22}},"271":{"start":{"line":272,"column":0},"end":{"line":272,"column":13}},"272":{"start":{"line":273,"column":0},"end":{"line":273,"column":12}},"273":{"start":{"line":274,"column":0},"end":{"line":274,"column":9}},"275":{"start":{"line":276,"column":0},"end":{"line":276,"column":52}},"276":{"start":{"line":277,"column":0},"end":{"line":277,"column":15}},"277":{"start":{"line":278,"column":0},"end":{"line":278,"column":24}},"278":{"start":{"line":279,"column":0},"end":{"line":279,"column":27}},"279":{"start":{"line":280,"column":0},"end":{"line":280,"column":10}},"280":{"start":{"line":281,"column":0},"end":{"line":281,"column":7}},"282":{"start":{"line":283,"column":0},"end":{"line":283,"column":14}},"283":{"start":{"line":284,"column":0},"end":{"line":284,"column":24}},"284":{"start":{"line":285,"column":0},"end":{"line":285,"column":37}},"285":{"start":{"line":286,"column":0},"end":{"line":286,"column":39}},"287":{"start":{"line":288,"column":0},"end":{"line":288,"column":41}},"288":{"start":{"line":289,"column":0},"end":{"line":289,"column":35}},"289":{"start":{"line":290,"column":0},"end":{"line":290,"column":15}},"290":{"start":{"line":291,"column":0},"end":{"line":291,"column":11}},"291":{"start":{"line":292,"column":0},"end":{"line":292,"column":10}},"292":{"start":{"line":293,"column":0},"end":{"line":293,"column":8}},"293":{"start":{"line":294,"column":0},"end":{"line":294,"column":6}},"294":{"start":{"line":295,"column":0},"end":{"line":295,"column":4}},"295":{"start":{"line":296,"column":0},"end":{"line":296,"column":1}}},"s":{"0":1,"1":1,"2":1,"3":1,"66":1,"67":10,"68":7,"69":7,"71":1,"72":0,"73":0,"74":0,"75":0,"76":0,"77":0,"78":0,"80":1,"81":17,"82":17,"83":17,"84":17,"85":17,"86":17,"87":17,"88":17,"89":17,"90":17,"92":17,"93":17,"95":17,"96":17,"98":1,"99":0,"100":0,"101":0,"102":0,"103":0,"104":0,"105":0,"107":1,"108":10,"109":10,"110":10,"111":10,"112":10,"113":10,"114":10,"115":10,"116":10,"118":1,"119":3,"120":3,"121":3,"122":3,"123":3,"125":3,"126":3,"127":3,"128":3,"129":3,"130":3,"131":3,"132":3,"133":3,"134":3,"136":1,"137":0,"138":0,"139":0,"140":0,"141":0,"142":0,"143":0,"145":0,"146":0,"147":0,"149":0,"150":0,"155":1,"156":33,"157":33,"158":33,"160":33,"161":33,"162":0,"163":0,"164":0,"165":0,"166":0,"167":0,"168":0,"171":0,"172":0,"173":0,"175":0,"176":0,"177":0,"180":0,"181":0,"182":0,"183":0,"184":0,"185":0,"186":0,"187":0,"188":0,"189":0,"190":0,"192":0,"193":0,"194":0,"195":0,"196":0,"198":0,"199":0,"200":0,"201":0,"203":0,"204":0,"205":0,"206":0,"207":0,"208":0,"209":0,"210":0,"211":0,"212":0,"214":0,"215":0,"216":0,"217":0,"218":0,"219":0,"220":0,"222":0,"223":0,"224":0,"225":0,"226":0,"227":0,"229":0,"230":0,"231":0,"232":0,"233":0,"234":0,"235":0,"236":0,"237":0,"238":0,"239":0,"240":0,"241":0,"242":0,"243":0,"245":0,"246":0,"247":0,"248":0,"249":0,"251":0,"252":0,"253":0,"254":0,"255":0,"256":0,"257":0,"259":0,"260":0,"261":0,"262":0,"263":0,"264":0,"265":0,"266":0,"267":0,"268":0,"269":0,"270":0,"271":0,"272":0,"273":0,"275":0,"276":0,"277":0,"278":0,"279":0,"280":0,"282":0,"283":0,"284":0,"285":0,"287":0,"288":0,"289":0,"290":0,"291":0,"292":0,"293":0,"294":33,"295":33},"branchMap":{"0":{"type":"branch","line":67,"loc":{"start":{"line":67,"column":7},"end":{"line":70,"column":1}},"locations":[{"start":{"line":67,"column":7},"end":{"line":70,"column":1}}]},"1":{"type":"branch","line":68,"loc":{"start":{"line":68,"column":24},"end":{"line":68,"column":33}},"locations":[{"start":{"line":68,"column":24},"end":{"line":68,"column":33}}]},"2":{"type":"branch","line":68,"loc":{"start":{"line":68,"column":31},"end":{"line":70,"column":1}},"locations":[{"start":{"line":68,"column":31},"end":{"line":70,"column":1}}]},"3":{"type":"branch","line":81,"loc":{"start":{"line":81,"column":7},"end":{"line":97,"column":1}},"locations":[{"start":{"line":81,"column":7},"end":{"line":97,"column":1}}]},"4":{"type":"branch","line":108,"loc":{"start":{"line":108,"column":7},"end":{"line":117,"column":1}},"locations":[{"start":{"line":108,"column":7},"end":{"line":117,"column":1}}]},"5":{"type":"branch","line":119,"loc":{"start":{"line":119,"column":7},"end":{"line":135,"column":1}},"locations":[{"start":{"line":119,"column":7},"end":{"line":135,"column":1}}]},"6":{"type":"branch","line":156,"loc":{"start":{"line":156,"column":7},"end":{"line":296,"column":1}},"locations":[{"start":{"line":156,"column":7},"end":{"line":296,"column":1}}]}},"b":{"0":[10],"1":[3],"2":[7],"3":[17],"4":[10],"5":[3],"6":[33]},"fnMap":{"0":{"name":"ensureArray","decl":{"start":{"line":67,"column":7},"end":{"line":70,"column":1}},"loc":{"start":{"line":67,"column":7},"end":{"line":70,"column":1}},"line":67},"1":{"name":"addEventListener","decl":{"start":{"line":72,"column":7},"end":{"line":79,"column":1}},"loc":{"start":{"line":72,"column":7},"end":{"line":79,"column":1}},"line":72},"2":{"name":"getCenterOfTwoPoints","decl":{"start":{"line":81,"column":7},"end":{"line":97,"column":1}},"loc":{"start":{"line":81,"column":7},"end":{"line":97,"column":1}},"line":81},"3":{"name":"removeEvent","decl":{"start":{"line":99,"column":7},"end":{"line":106,"column":1}},"loc":{"start":{"line":99,"column":7},"end":{"line":106,"column":1}},"line":99},"4":{"name":"getEventPostionInNode","decl":{"start":{"line":108,"column":7},"end":{"line":117,"column":1}},"loc":{"start":{"line":108,"column":7},"end":{"line":117,"column":1}},"line":108},"5":{"name":"getDispatchEventData","decl":{"start":{"line":119,"column":7},"end":{"line":135,"column":1}},"loc":{"start":{"line":119,"column":7},"end":{"line":135,"column":1}},"line":119},"6":{"name":"dispatch","decl":{"start":{"line":137,"column":7},"end":{"line":151,"column":1}},"loc":{"start":{"line":137,"column":7},"end":{"line":151,"column":1}},"line":137},"7":{"name":"createPointerControls","decl":{"start":{"line":156,"column":7},"end":{"line":296,"column":1}},"loc":{"start":{"line":156,"column":7},"end":{"line":296,"column":1}},"line":156},"8":{"name":"removePointerdownHandler","decl":{"start":{"line":158,"column":45},"end":{"line":158,"column":54}},"loc":{"start":{"line":158,"column":45},"end":{"line":158,"column":54}},"line":158},"9":{"name":"setPointerControls","decl":{"start":{"line":162,"column":24},"end":{"line":294,"column":6}},"loc":{"start":{"line":162,"column":24},"end":{"line":294,"column":6}},"line":162}},"f":{"0":10,"1":0,"2":17,"3":0,"4":10,"5":3,"6":0,"7":33,"8":0,"9":0}}
,"/home/rezi/svelte-gestures/src/gestures/composed-gesture/composedGesture.svelte.ts": {"path":"/home/rezi/svelte-gestures/src/gestures/composed-gesture/composedGesture.svelte.ts","all":false,"statementMap":{"0":{"start":{"line":1,"column":0},"end":{"line":1,"column":8}},"3":{"start":{"line":4,"column":0},"end":{"line":4,"column":23}},"6":{"start":{"line":7,"column":0},"end":{"line":7,"column":24}},"7":{"start":{"line":8,"column":0},"end":{"line":8,"column":22}},"8":{"start":{"line":9,"column":0},"end":{"line":9,"column":57}},"42":{"start":{"line":43,"column":0},"end":{"line":43,"column":54}},"47":{"start":{"line":48,"column":0},"end":{"line":48,"column":30}},"48":{"start":{"line":49,"column":0},"end":{"line":49,"column":29}},"49":{"start":{"line":50,"column":0},"end":{"line":50,"column":65}},"50":{"start":{"line":51,"column":0},"end":{"line":51,"column":31}},"51":{"start":{"line":52,"column":0},"end":{"line":52,"column":22}},"52":{"start":{"line":53,"column":0},"end":{"line":53,"column":19}},"53":{"start":{"line":54,"column":0},"end":{"line":54,"column":3}},"54":{"start":{"line":55,"column":0},"end":{"line":55,"column":40}},"55":{"start":{"line":56,"column":0},"end":{"line":56,"column":59}},"56":{"start":{"line":57,"column":0},"end":{"line":57,"column":65}},"57":{"start":{"line":58,"column":0},"end":{"line":58,"column":68}},"58":{"start":{"line":59,"column":0},"end":{"line":59,"column":74}},"59":{"start":{"line":60,"column":0},"end":{"line":60,"column":56}},"60":{"start":{"line":61,"column":0},"end":{"line":61,"column":9}},"61":{"start":{"line":62,"column":0},"end":{"line":62,"column":5}},"62":{"start":{"line":63,"column":0},"end":{"line":63,"column":4}},"63":{"start":{"line":64,"column":0},"end":{"line":64,"column":1}},"65":{"start":{"line":66,"column":0},"end":{"line":66,"column":50}},"66":{"start":{"line":67,"column":0},"end":{"line":67,"column":35}},"67":{"start":{"line":68,"column":0},"end":{"line":68,"column":25}},"74":{"start":{"line":75,"column":0},"end":{"line":75,"column":3}},"75":{"start":{"line":76,"column":0},"end":{"line":76,"column":57}},"77":{"start":{"line":78,"column":0},"end":{"line":78,"column":10}},"78":{"start":{"line":79,"column":0},"end":{"line":79,"column":20}},"79":{"start":{"line":80,"column":0},"end":{"line":80,"column":53}},"80":{"start":{"line":81,"column":0},"end":{"line":81,"column":78}},"82":{"start":{"line":83,"column":0},"end":{"line":83,"column":67}},"83":{"start":{"line":84,"column":0},"end":{"line":84,"column":73}},"84":{"start":{"line":85,"column":0},"end":{"line":85,"column":21}},"85":{"start":{"line":86,"column":0},"end":{"line":86,"column":9}},"86":{"start":{"line":87,"column":0},"end":{"line":87,"column":47}},"87":{"start":{"line":88,"column":0},"end":{"line":88,"column":24}},"88":{"start":{"line":89,"column":0},"end":{"line":89,"column":25}},"89":{"start":{"line":90,"column":0},"end":{"line":90,"column":11}},"91":{"start":{"line":92,"column":0},"end":{"line":92,"column":42}},"92":{"start":{"line":93,"column":0},"end":{"line":93,"column":29}},"93":{"start":{"line":94,"column":0},"end":{"line":94,"column":44}},"94":{"start":{"line":95,"column":0},"end":{"line":95,"column":11}},"96":{"start":{"line":97,"column":0},"end":{"line":97,"column":29}},"97":{"start":{"line":98,"column":0},"end":{"line":98,"column":7}},"99":{"start":{"line":100,"column":0},"end":{"line":100,"column":29}},"102":{"start":{"line":103,"column":0},"end":{"line":103,"column":57}},"104":{"start":{"line":105,"column":0},"end":{"line":105,"column":44}},"106":{"start":{"line":107,"column":0},"end":{"line":107,"column":72}},"107":{"start":{"line":108,"column":0},"end":{"line":108,"column":22}},"108":{"start":{"line":109,"column":0},"end":{"line":109,"column":17}},"109":{"start":{"line":110,"column":0},"end":{"line":110,"column":38}},"110":{"start":{"line":111,"column":0},"end":{"line":111,"column":23}},"111":{"start":{"line":112,"column":0},"end":{"line":112,"column":16}},"112":{"start":{"line":113,"column":0},"end":{"line":113,"column":14}},"113":{"start":{"line":114,"column":0},"end":{"line":114,"column":10}},"114":{"start":{"line":115,"column":0},"end":{"line":115,"column":7}},"116":{"start":{"line":117,"column":0},"end":{"line":117,"column":74}},"117":{"start":{"line":118,"column":0},"end":{"line":118,"column":22}},"118":{"start":{"line":119,"column":0},"end":{"line":119,"column":19}},"119":{"start":{"line":120,"column":0},"end":{"line":120,"column":38}},"120":{"start":{"line":121,"column":0},"end":{"line":121,"column":23}},"121":{"start":{"line":122,"column":0},"end":{"line":122,"column":16}},"122":{"start":{"line":123,"column":0},"end":{"line":123,"column":14}},"123":{"start":{"line":124,"column":0},"end":{"line":124,"column":10}},"124":{"start":{"line":125,"column":0},"end":{"line":125,"column":7}},"126":{"start":{"line":127,"column":0},"end":{"line":127,"column":74}},"127":{"start":{"line":128,"column":0},"end":{"line":128,"column":44}},"129":{"start":{"line":130,"column":0},"end":{"line":130,"column":20}},"130":{"start":{"line":131,"column":0},"end":{"line":131,"column":7}},"132":{"start":{"line":133,"column":0},"end":{"line":133,"column":72}},"133":{"start":{"line":134,"column":0},"end":{"line":134,"column":17}},"134":{"start":{"line":135,"column":0},"end":{"line":135,"column":6}},"135":{"start":{"line":136,"column":0},"end":{"line":136,"column":4}},"136":{"start":{"line":137,"column":0},"end":{"line":137,"column":1}}},"s":{"0":1,"3":1,"6":1,"7":1,"8":1,"42":1,"47":1,"48":0,"49":0,"50":0,"51":0,"52":0,"53":0,"54":0,"55":0,"56":0,"57":0,"58":0,"59":0,"60":0,"61":0,"62":0,"63":0,"65":1,"66":11,"67":11,"74":11,"75":11,"77":11,"78":11,"79":11,"80":0,"82":0,"83":0,"84":0,"85":0,"86":0,"87":0,"88":0,"89":0,"91":0,"92":0,"93":0,"94":0,"96":0,"97":0,"99":0,"102":0,"104":0,"106":0,"107":0,"108":0,"109":0,"110":0,"111":0,"112":0,"113":0,"114":0,"116":0,"117":0,"118":0,"119":0,"120":0,"121":0,"122":0,"123":0,"124":0,"126":0,"127":0,"129":0,"130":0,"132":0,"133":0,"134":0,"135":11,"136":11},"branchMap":{"0":{"type":"branch","line":66,"loc":{"start":{"line":66,"column":7},"end":{"line":137,"column":1}},"locations":[{"start":{"line":66,"column":7},"end":{"line":137,"column":1}}]}},"b":{"0":[11]},"fnMap":{"0":{"name":"callAllByType","decl":{"start":{"line":48,"column":7},"end":{"line":64,"column":1}},"loc":{"start":{"line":48,"column":7},"end":{"line":64,"column":1}},"line":48},"1":{"name":"useComposedGesture","decl":{"start":{"line":66,"column":7},"end":{"line":137,"column":1}},"loc":{"start":{"line":66,"column":7},"end":{"line":137,"column":1}},"line":66}},"f":{"0":0,"1":11}}
,"/home/rezi/svelte-gestures/src/gestures/multi-touch/multi-touch.svelte.ts": {"path":"/home/rezi/svelte-gestures/src/gestures/multi-touch/multi-touch.svelte.ts","all":false,"statementMap":{"1":{"start":{"line":2,"column":0},"end":{"line":2,"column":8}},"6":{"start":{"line":7,"column":0},"end":{"line":7,"column":24}},"7":{"start":{"line":8,"column":0},"end":{"line":8,"column":23}},"9":{"start":{"line":10,"column":0},"end":{"line":10,"column":24}},"10":{"start":{"line":11,"column":0},"end":{"line":11,"column":23}},"11":{"start":{"line":12,"column":0},"end":{"line":12,"column":22}},"12":{"start":{"line":13,"column":0},"end":{"line":13,"column":57}},"26":{"start":{"line":27,"column":0},"end":{"line":27,"column":42}},"35":{"start":{"line":36,"column":0},"end":{"line":36,"column":30}},"36":{"start":{"line":37,"column":0},"end":{"line":37,"column":46}},"37":{"start":{"line":38,"column":0},"end":{"line":38,"column":56}},"38":{"start":{"line":39,"column":0},"end":{"line":39,"column":25}},"41":{"start":{"line":42,"column":0},"end":{"line":42,"column":3}},"42":{"start":{"line":43,"column":0},"end":{"line":43,"column":57}},"44":{"start":{"line":45,"column":0},"end":{"line":45,"column":10}},"45":{"start":{"line":46,"column":0},"end":{"line":46,"column":20}},"46":{"start":{"line":47,"column":0},"end":{"line":47,"column":34}},"47":{"start":{"line":48,"column":0},"end":{"line":48,"column":53}},"48":{"start":{"line":49,"column":0},"end":{"line":49,"column":79}},"50":{"start":{"line":51,"column":0},"end":{"line":51,"column":32}},"51":{"start":{"line":52,"column":0},"end":{"line":52,"column":20}},"52":{"start":{"line":53,"column":0},"end":{"line":53,"column":13}},"53":{"start":{"line":54,"column":0},"end":{"line":54,"column":13}},"54":{"start":{"line":55,"column":0},"end":{"line":55,"column":15}},"55":{"start":{"line":56,"column":0},"end":{"line":56,"column":13}},"56":{"start":{"line":57,"column":0},"end":{"line":57,"column":31}},"57":{"start":{"line":58,"column":0},"end":{"line":58,"column":26}},"58":{"start":{"line":59,"column":0},"end":{"line":59,"column":16}},"59":{"start":{"line":60,"column":0},"end":{"line":60,"column":6}},"60":{"start":{"line":61,"column":0},"end":{"line":61,"column":4}},"61":{"start":{"line":62,"column":0},"end":{"line":62,"column":1}},"63":{"start":{"line":64,"column":0},"end":{"line":64,"column":38}},"64":{"start":{"line":65,"column":0},"end":{"line":65,"column":20}},"65":{"start":{"line":66,"column":0},"end":{"line":66,"column":49}},"66":{"start":{"line":67,"column":0},"end":{"line":67,"column":27}},"67":{"start":{"line":68,"column":0},"end":{"line":68,"column":71}},"69":{"start":{"line":70,"column":0},"end":{"line":70,"column":10}},"70":{"start":{"line":71,"column":0},"end":{"line":71,"column":17}},"71":{"start":{"line":72,"column":0},"end":{"line":72,"column":15}},"72":{"start":{"line":73,"column":0},"end":{"line":73,"column":11}},"73":{"start":{"line":74,"column":0},"end":{"line":74,"column":32}},"74":{"start":{"line":75,"column":0},"end":{"line":75,"column":4}},"75":{"start":{"line":76,"column":0},"end":{"line":76,"column":2}},"77":{"start":{"line":78,"column":0},"end":{"line":78,"column":24}},"78":{"start":{"line":79,"column":0},"end":{"line":79,"column":20}},"79":{"start":{"line":80,"column":0},"end":{"line":80,"column":49}},"80":{"start":{"line":81,"column":0},"end":{"line":81,"column":3}},"81":{"start":{"line":82,"column":0},"end":{"line":82,"column":44}},"82":{"start":{"line":83,"column":0},"end":{"line":83,"column":18}},"83":{"start":{"line":84,"column":0},"end":{"line":84,"column":20}},"84":{"start":{"line":85,"column":0},"end":{"line":85,"column":38}},"85":{"start":{"line":86,"column":0},"end":{"line":86,"column":23}},"86":{"start":{"line":87,"column":0},"end":{"line":87,"column":4}},"88":{"start":{"line":89,"column":0},"end":{"line":89,"column":25}},"89":{"start":{"line":90,"column":0},"end":{"line":90,"column":33}},"91":{"start":{"line":92,"column":0},"end":{"line":92,"column":70}},"92":{"start":{"line":93,"column":0},"end":{"line":93,"column":36}},"93":{"start":{"line":94,"column":0},"end":{"line":94,"column":28}},"94":{"start":{"line":95,"column":0},"end":{"line":95,"column":5}},"96":{"start":{"line":97,"column":0},"end":{"line":97,"column":56}},"97":{"start":{"line":98,"column":0},"end":{"line":98,"column":69}},"98":{"start":{"line":99,"column":0},"end":{"line":99,"column":44}},"99":{"start":{"line":100,"column":0},"end":{"line":100,"column":39}},"100":{"start":{"line":101,"column":0},"end":{"line":101,"column":52}},"101":{"start":{"line":102,"column":0},"end":{"line":102,"column":24}},"102":{"start":{"line":103,"column":0},"end":{"line":103,"column":43}},"103":{"start":{"line":104,"column":0},"end":{"line":104,"column":13}},"104":{"start":{"line":105,"column":0},"end":{"line":105,"column":34}},"105":{"start":{"line":106,"column":0},"end":{"line":106,"column":34}},"106":{"start":{"line":107,"column":0},"end":{"line":107,"column":22}},"107":{"start":{"line":108,"column":0},"end":{"line":108,"column":10}},"108":{"start":{"line":109,"column":0},"end":{"line":109,"column":22}},"109":{"start":{"line":110,"column":0},"end":{"line":110,"column":8}},"111":{"start":{"line":112,"column":0},"end":{"line":112,"column":28}},"112":{"start":{"line":113,"column":0},"end":{"line":113,"column":57}},"113":{"start":{"line":114,"column":0},"end":{"line":114,"column":57}},"114":{"start":{"line":115,"column":0},"end":{"line":115,"column":8}},"116":{"start":{"line":117,"column":0},"end":{"line":117,"column":63}},"117":{"start":{"line":118,"column":0},"end":{"line":118,"column":43}},"118":{"start":{"line":119,"column":0},"end":{"line":119,"column":8}},"120":{"start":{"line":121,"column":0},"end":{"line":121,"column":25}},"121":{"start":{"line":122,"column":0},"end":{"line":122,"column":68}},"122":{"start":{"line":123,"column":0},"end":{"line":123,"column":19}},"123":{"start":{"line":124,"column":0},"end":{"line":124,"column":28}},"124":{"start":{"line":125,"column":0},"end":{"line":125,"column":19}},"125":{"start":{"line":126,"column":0},"end":{"line":126,"column":43}},"126":{"start":{"line":127,"column":0},"end":{"line":127,"column":19}},"127":{"start":{"line":128,"column":0},"end":{"line":128,"column":12}},"128":{"start":{"line":129,"column":0},"end":{"line":129,"column":10}},"129":{"start":{"line":130,"column":0},"end":{"line":130,"column":8}},"130":{"start":{"line":131,"column":0},"end":{"line":131,"column":5}},"131":{"start":{"line":132,"column":0},"end":{"line":132,"column":17}},"132":{"start":{"line":133,"column":0},"end":{"line":133,"column":3}},"134":{"start":{"line":135,"column":0},"end":{"line":135,"column":32}},"135":{"start":{"line":136,"column":0},"end":{"line":136,"column":1}}},"s":{"1":1,"6":1,"7":1,"9":1,"10":1,"11":1,"12":1,"26":1,"35":1,"36":2,"37":2,"38":2,"41":2,"42":2,"44":2,"45":2,"46":2,"47":2,"48":0,"50":0,"51":0,"52":0,"53":0,"54":0,"55":0,"56":0,"57":0,"58":0,"59":0,"60":2,"61":2,"63":1,"64":5,"65":5,"66":5,"67":5,"69":5,"70":5,"71":5,"72":5,"73":5,"74":5,"75":5,"77":5,"78":5,"79":5,"80":5,"81":5,"82":5,"83":5,"84":5,"85":5,"86":5,"88":5,"89":5,"91":5,"92":2,"93":0,"94":0,"96":2,"97":2,"98":2,"99":2,"100":4,"101":4,"102":4,"103":4,"104":4,"105":4,"106":4,"107":4,"108":2,"109":2,"111":2,"112":2,"113":2,"114":2,"116":2,"117":4,"118":2,"120":2,"121":2,"122":2,"123":2,"124":2,"125":2,"126":2,"127":2,"128":2,"129":2,"130":2,"131":2,"132":2,"134":5,"135":5},"branchMap":{"0":{"type":"branch","line":36,"loc":{"start":{"line":36,"column":7},"end":{"line":62,"column":1}},"locations":[{"start":{"line":36,"column":7},"end":{"line":62,"column":1}}]},"1":{"type":"branch","line":64,"loc":{"start":{"line":64,"column":37},"end":{"line":76,"column":2}},"locations":[{"start":{"line":64,"column":37},"end":{"line":76,"column":2}}]},"2":{"type":"branch","line":78,"loc":{"start":{"line":78,"column":0},"end":{"line":136,"column":1}},"locations":[{"start":{"line":78,"column":0},"end":{"line":136,"column":1}}]},"3":{"type":"branch","line":92,"loc":{"start":{"line":92,"column":2},"end":{"line":133,"column":3}},"locations":[{"start":{"line":92,"column":2},"end":{"line":133,"column":3}}]},"4":{"type":"branch","line":93,"loc":{"start":{"line":93,"column":35},"end":{"line":95,"column":5}},"locations":[{"start":{"line":93,"column":35},"end":{"line":95,"column":5}}]},"5":{"type":"branch","line":100,"loc":{"start":{"line":100,"column":8},"end":{"line":108,"column":10}},"locations":[{"start":{"line":100,"column":8},"end":{"line":108,"column":10}}]},"6":{"type":"branch","line":117,"loc":{"start":{"line":117,"column":38},"end":{"line":118,"column":43}},"locations":[{"start":{"line":117,"column":38},"end":{"line":118,"column":43}}]}},"b":{"0":[2],"1":[5],"2":[5],"3":[2],"4":[0],"5":[4],"6":[4]},"fnMap":{"0":{"name":"useMultiTouch","decl":{"start":{"line":36,"column":7},"end":{"line":62,"column":1}},"loc":{"start":{"line":36,"column":7},"end":{"line":62,"column":1}},"line":36},"1":{"name":"multiTouchComposition","decl":{"start":{"line":64,"column":37},"end":{"line":76,"column":2}},"loc":{"start":{"line":64,"column":37},"end":{"line":76,"column":2}},"line":64},"2":{"name":"multiTouchBase","decl":{"start":{"line":78,"column":0},"end":{"line":136,"column":1}},"loc":{"start":{"line":78,"column":0},"end":{"line":136,"column":1}},"line":78},"3":{"name":"onDown","decl":{"start":{"line":92,"column":2},"end":{"line":133,"column":3}},"loc":{"start":{"line":92,"column":2},"end":{"line":133,"column":3}},"line":92},"4":{"name":"activeEvents.reduce.x","decl":{"start":{"line":100,"column":8},"end":{"line":108,"column":10}},"loc":{"start":{"line":100,"column":8},"end":{"line":108,"column":10}},"line":100}},"f":{"0":2,"1":5,"2":5,"3":2,"4":4}}
,"/home/rezi/svelte-gestures/src/gestures/pan/pan.svelte.ts": {"path":"/home/rezi/svelte-gestures/src/gestures/pan/pan.svelte.ts","all":false,"statementMap":{"0":{"start":{"line":1,"column":0},"end":{"line":1,"column":8}},"2":{"start":{"line":3,"column":0},"end":{"line":3,"column":15}},"3":{"start":{"line":4,"column":0},"end":{"line":4,"column":22}},"7":{"start":{"line":8,"column":0},"end":{"line":8,"column":22}},"8":{"start":{"line":9,"column":0},"end":{"line":9,"column":22}},"9":{"start":{"line":10,"column":0},"end":{"line":10,"column":57}},"22":{"start":{"line":23,"column":0},"end":{"line":23,"column":35}},"28":{"start":{"line":29,"column":0},"end":{"line":29,"column":23}},"29":{"start":{"line":30,"column":0},"end":{"line":30,"column":38}},"30":{"start":{"line":31,"column":0},"end":{"line":31,"column":48}},"31":{"start":{"line":32,"column":0},"end":{"line":32,"column":90}},"32":{"start":{"line":33,"column":0},"end":{"line":33,"column":3}},"33":{"start":{"line":34,"column":0},"end":{"line":34,"column":56}},"35":{"start":{"line":36,"column":0},"end":{"line":36,"column":9}},"36":{"start":{"line":37,"column":0},"end":{"line":37,"column":18}},"37":{"start":{"line":38,"column":0},"end":{"line":38,"column":32}},"38":{"start":{"line":39,"column":0},"end":{"line":39,"column":51}},"39":{"start":{"line":40,"column":0},"end":{"line":40,"column":77}},"41":{"start":{"line":42,"column":0},"end":{"line":42,"column":29}},"42":{"start":{"line":43,"column":0},"end":{"line":43,"column":16}},"43":{"start":{"line":44,"column":0},"end":{"line":44,"column":9}},"44":{"start":{"line":45,"column":0},"end":{"line":45,"column":11}},"45":{"start":{"line":46,"column":0},"end":{"line":46,"column":11}},"46":{"start":{"line":47,"column":0},"end":{"line":47,"column":9}},"47":{"start":{"line":48,"column":0},"end":{"line":48,"column":27}},"48":{"start":{"line":49,"column":0},"end":{"line":49,"column":22}},"49":{"start":{"line":50,"column":0},"end":{"line":50,"column":13}},"50":{"start":{"line":51,"column":0},"end":{"line":51,"column":3}},"51":{"start":{"line":52,"column":0},"end":{"line":52,"column":3}},"52":{"start":{"line":53,"column":0},"end":{"line":53,"column":1}},"54":{"start":{"line":55,"column":0},"end":{"line":55,"column":31}},"55":{"start":{"line":56,"column":0},"end":{"line":56,"column":19}},"56":{"start":{"line":57,"column":0},"end":{"line":57,"column":41}},"57":{"start":{"line":58,"column":0},"end":{"line":58,"column":27}},"58":{"start":{"line":59,"column":0},"end":{"line":59,"column":71}},"60":{"start":{"line":61,"column":0},"end":{"line":61,"column":9}},"61":{"start":{"line":62,"column":0},"end":{"line":62,"column":9}},"62":{"start":{"line":63,"column":0},"end":{"line":63,"column":9}},"63":{"start":{"line":64,"column":0},"end":{"line":64,"column":13}},"64":{"start":{"line":65,"column":0},"end":{"line":65,"column":29}},"65":{"start":{"line":66,"column":0},"end":{"line":66,"column":3}},"66":{"start":{"line":67,"column":0},"end":{"line":67,"column":2}},"68":{"start":{"line":69,"column":0},"end":{"line":69,"column":79}},"69":{"start":{"line":70,"column":0},"end":{"line":70,"column":36}},"70":{"start":{"line":71,"column":0},"end":{"line":71,"column":23}},"71":{"start":{"line":72,"column":0},"end":{"line":72,"column":18}},"72":{"start":{"line":73,"column":0},"end":{"line":73,"column":36}},"73":{"start":{"line":74,"column":0},"end":{"line":74,"column":20}},"74":{"start":{"line":75,"column":0},"end":{"line":75,"column":3}},"76":{"start":{"line":77,"column":0},"end":{"line":77,"column":23}},"77":{"start":{"line":78,"column":0},"end":{"line":78,"column":32}},"79":{"start":{"line":80,"column":0},"end":{"line":80,"column":69}},"80":{"start":{"line":81,"column":0},"end":{"line":81,"column":25}},"81":{"start":{"line":82,"column":0},"end":{"line":82,"column":24}},"82":{"start":{"line":83,"column":0},"end":{"line":83,"column":2}},"84":{"start":{"line":85,"column":0},"end":{"line":85,"column":69}},"85":{"start":{"line":86,"column":0},"end":{"line":86,"column":79}},"86":{"start":{"line":87,"column":0},"end":{"line":87,"column":45}},"87":{"start":{"line":88,"column":0},"end":{"line":88,"column":51}},"88":{"start":{"line":89,"column":0},"end":{"line":89,"column":50}},"90":{"start":{"line":91,"column":0},"end":{"line":91,"column":65}},"91":{"start":{"line":92,"column":0},"end":{"line":92,"column":23}},"92":{"start":{"line":93,"column":0},"end":{"line":93,"column":58}},"93":{"start":{"line":94,"column":0},"end":{"line":94,"column":62}},"94":{"start":{"line":95,"column":0},"end":{"line":95,"column":7}},"95":{"start":{"line":96,"column":0},"end":{"line":96,"column":6}},"96":{"start":{"line":97,"column":0},"end":{"line":97,"column":4}},"97":{"start":{"line":98,"column":0},"end":{"line":98,"column":3}},"99":{"start":{"line":100,"column":0},"end":{"line":100,"column":15}},"100":{"start":{"line":101,"column":0},"end":{"line":101,"column":2}},"102":{"start":{"line":103,"column":0},"end":{"line":103,"column":39}},"103":{"start":{"line":104,"column":0},"end":{"line":104,"column":1}}},"s":{"0":1,"2":1,"3":1,"7":1,"8":1,"9":1,"22":1,"28":1,"29":2,"30":2,"31":2,"32":2,"33":2,"35":2,"36":2,"37":2,"38":2,"39":0,"41":0,"42":0,"43":0,"44":0,"45":0,"46":0,"47":0,"48":0,"49":0,"50":0,"51":2,"52":2,"54":1,"55":8,"56":8,"57":8,"58":8,"60":8,"61":8,"62":8,"63":8,"64":8,"65":8,"66":8,"68":8,"69":8,"70":8,"71":8,"72":8,"73":8,"74":8,"76":8,"77":8,"79":8,"80":6,"81":6,"82":6,"84":8,"85":5,"86":3,"87":3,"88":3,"90":3,"91":2,"92":2,"93":2,"94":2,"95":2,"96":2,"97":3,"99":5,"100":5,"102":8,"103":8},"branchMap":{"0":{"type":"branch","line":29,"loc":{"start":{"line":29,"column":7},"end":{"line":53,"column":1}},"locations":[{"start":{"line":29,"column":7},"end":{"line":53,"column":1}}]},"1":{"type":"branch","line":55,"loc":{"start":{"line":55,"column":30},"end":{"line":67,"column":2}},"locations":[{"start":{"line":55,"column":30},"end":{"line":67,"column":2}}]},"2":{"type":"branch","line":69,"loc":{"start":{"line":69,"column":0},"end":{"line":104,"column":1}},"locations":[{"start":{"line":69,"column":0},"end":{"line":104,"column":1}}]},"3":{"type":"branch","line":80,"loc":{"start":{"line":80,"column":1},"end":{"line":83,"column":2}},"locations":[{"start":{"line":80,"column":1},"end":{"line":83,"column":2}}]},"4":{"type":"branch","line":85,"loc":{"start":{"line":85,"column":1},"end":{"line":101,"column":2}},"locations":[{"start":{"line":85,"column":1},"end":{"line":101,"column":2}}]},"5":{"type":"branch","line":86,"loc":{"start":{"line":86,"column":30},"end":{"line":86,"column":78}},"locations":[{"start":{"line":86,"column":30},"end":{"line":86,"column":78}}]},"6":{"type":"branch","line":86,"loc":{"start":{"line":86,"column":78},"end":{"line":98,"column":3}},"locations":[{"start":{"line":86,"column":78},"end":{"line":98,"column":3}}]},"7":{"type":"branch","line":91,"loc":{"start":{"line":91,"column":37},"end":{"line":91,"column":64}},"locations":[{"start":{"line":91,"column":37},"end":{"line":91,"column":64}}]},"8":{"type":"branch","line":91,"loc":{"start":{"line":91,"column":64},"end":{"line":97,"column":4}},"locations":[{"start":{"line":91,"column":64},"end":{"line":97,"column":4}}]}},"b":{"0":[2],"1":[8],"2":[8],"3":[6],"4":[5],"5":[4],"6":[3],"7":[2],"8":[2]},"fnMap":{"0":{"name":"usePan","decl":{"start":{"line":29,"column":7},"end":{"line":53,"column":1}},"loc":{"start":{"line":29,"column":7},"end":{"line":53,"column":1}},"line":29},"1":{"name":"panComposition","decl":{"start":{"line":55,"column":30},"end":{"line":67,"column":2}},"loc":{"start":{"line":55,"column":30},"end":{"line":67,"column":2}},"line":55},"2":{"name":"panBase","decl":{"start":{"line":69,"column":0},"end":{"line":104,"column":1}},"loc":{"start":{"line":69,"column":0},"end":{"line":104,"column":1}},"line":69},"3":{"name":"onDown","decl":{"start":{"line":80,"column":1},"end":{"line":83,"column":2}},"loc":{"start":{"line":80,"column":1},"end":{"line":83,"column":2}},"line":80},"4":{"name":"onMove","decl":{"start":{"line":85,"column":1},"end":{"line":101,"column":2}},"loc":{"start":{"line":85,"column":1},"end":{"line":101,"column":2}},"line":85}},"f":{"0":2,"1":8,"2":8,"3":6,"4":5}}
,"/home/rezi/svelte-gestures/src/gestures/pinch/pinch.svelte.ts": {"path":"/home/rezi/svelte-gestures/src/gestures/pinch/pinch.svelte.ts","all":false,"statementMap":{"0":{"start":{"line":1,"column":0},"end":{"line":1,"column":8}},"1":{"start":{"line":2,"column":0},"end":{"line":2,"column":24}},"2":{"start":{"line":3,"column":0},"end":{"line":3,"column":23}},"3":{"start":{"line":4,"column":0},"end":{"line":4,"column":23}},"9":{"start":{"line":10,"column":0},"end":{"line":10,"column":22}},"10":{"start":{"line":11,"column":0},"end":{"line":11,"column":57}},"22":{"start":{"line":23,"column":0},"end":{"line":23,"column":37}},"31":{"start":{"line":32,"column":0},"end":{"line":32,"column":60}},"32":{"start":{"line":33,"column":0},"end":{"line":33,"column":20}},"33":{"start":{"line":34,"column":0},"end":{"line":34,"column":54}},"34":{"start":{"line":35,"column":0},"end":{"line":35,"column":53}},"35":{"start":{"line":36,"column":0},"end":{"line":36,"column":4}},"36":{"start":{"line":37,"column":0},"end":{"line":37,"column":1}},"38":{"start":{"line":39,"column":0},"end":{"line":39,"column":25}},"39":{"start":{"line":40,"column":0},"end":{"line":40,"column":41}},"40":{"start":{"line":41,"column":0},"end":{"line":41,"column":51}},"41":{"start":{"line":42,"column":0},"end":{"line":42,"column":25}},"44":{"start":{"line":45,"column":0},"end":{"line":45,"column":3}},"45":{"start":{"line":46,"column":0},"end":{"line":46,"column":57}},"47":{"start":{"line":48,"column":0},"end":{"line":48,"column":10}},"48":{"start":{"line":49,"column":0},"end":{"line":49,"column":20}},"49":{"start":{"line":50,"column":0},"end":{"line":50,"column":34}},"50":{"start":{"line":51,"column":0},"end":{"line":51,"column":53}},"51":{"start":{"line":52,"column":0},"end":{"line":52,"column":61}},"52":{"start":{"line":53,"column":0},"end":{"line":53,"column":13}},"53":{"start":{"line":54,"column":0},"end":{"line":54,"column":27}},"54":{"start":{"line":55,"column":0},"end":{"line":55,"column":8}},"56":{"start":{"line":57,"column":0},"end":{"line":57,"column":32}},"57":{"start":{"line":58,"column":0},"end":{"line":58,"column":20}},"58":{"start":{"line":59,"column":0},"end":{"line":59,"column":13}},"59":{"start":{"line":60,"column":0},"end":{"line":60,"column":15}},"60":{"start":{"line":61,"column":0},"end":{"line":61,"column":15}},"61":{"start":{"line":62,"column":0},"end":{"line":62,"column":13}},"62":{"start":{"line":63,"column":0},"end":{"line":63,"column":31}},"63":{"start":{"line":64,"column":0},"end":{"line":64,"column":26}},"64":{"start":{"line":65,"column":0},"end":{"line":65,"column":16}},"65":{"start":{"line":66,"column":0},"end":{"line":66,"column":6}},"66":{"start":{"line":67,"column":0},"end":{"line":67,"column":4}},"67":{"start":{"line":68,"column":0},"end":{"line":68,"column":1}},"69":{"start":{"line":70,"column":0},"end":{"line":70,"column":33}},"70":{"start":{"line":71,"column":0},"end":{"line":71,"column":20}},"71":{"start":{"line":72,"column":0},"end":{"line":72,"column":44}},"72":{"start":{"line":73,"column":0},"end":{"line":73,"column":27}},"73":{"start":{"line":74,"column":0},"end":{"line":74,"column":74}},"74":{"start":{"line":75,"column":0},"end":{"line":75,"column":10}},"75":{"start":{"line":76,"column":0},"end":{"line":76,"column":11}},"76":{"start":{"line":77,"column":0},"end":{"line":77,"column":11}},"77":{"start":{"line":78,"column":0},"end":{"line":78,"column":15}},"78":{"start":{"line":79,"column":0},"end":{"line":79,"column":32}},"79":{"start":{"line":80,"column":0},"end":{"line":80,"column":4}},"80":{"start":{"line":81,"column":0},"end":{"line":81,"column":2}},"82":{"start":{"line":83,"column":0},"end":{"line":83,"column":19}},"83":{"start":{"line":84,"column":0},"end":{"line":84,"column":20}},"84":{"start":{"line":85,"column":0},"end":{"line":85,"column":44}},"85":{"start":{"line":86,"column":0},"end":{"line":86,"column":3}},"86":{"start":{"line":87,"column":0},"end":{"line":87,"column":39}},"87":{"start":{"line":88,"column":0},"end":{"line":88,"column":38}},"88":{"start":{"line":89,"column":0},"end":{"line":89,"column":20}},"89":{"start":{"line":90,"column":0},"end":{"line":90,"column":23}},"90":{"start":{"line":91,"column":0},"end":{"line":91,"column":4}},"92":{"start":{"line":93,"column":0},"end":{"line":93,"column":39}},"93":{"start":{"line":94,"column":0},"end":{"line":94,"column":23}},"94":{"start":{"line":95,"column":0},"end":{"line":95,"column":25}},"96":{"start":{"line":97,"column":0},"end":{"line":97,"column":47}},"97":{"start":{"line":98,"column":0},"end":{"line":98,"column":36}},"98":{"start":{"line":99,"column":0},"end":{"line":99,"column":31}},"99":{"start":{"line":100,"column":0},"end":{"line":100,"column":5}},"100":{"start":{"line":101,"column":0},"end":{"line":101,"column":3}},"102":{"start":{"line":103,"column":0},"end":{"line":103,"column":49}},"103":{"start":{"line":104,"column":0},"end":{"line":104,"column":36}},"104":{"start":{"line":105,"column":0},"end":{"line":105,"column":55}},"105":{"start":{"line":106,"column":0},"end":{"line":106,"column":61}},"106":{"start":{"line":107,"column":0},"end":{"line":107,"column":5}},"107":{"start":{"line":108,"column":0},"end":{"line":108,"column":3}},"109":{"start":{"line":110,"column":0},"end":{"line":110,"column":70}},"110":{"start":{"line":111,"column":0},"end":{"line":111,"column":36}},"111":{"start":{"line":112,"column":0},"end":{"line":112,"column":60}},"113":{"start":{"line":114,"column":0},"end":{"line":114,"column":71}},"114":{"start":{"line":115,"column":0},"end":{"line":115,"column":49}},"115":{"start":{"line":116,"column":0},"end":{"line":116,"column":27}},"116":{"start":{"line":117,"column":0},"end":{"line":117,"column":65}},"117":{"start":{"line":118,"column":0},"end":{"line":118,"column":21}},"118":{"start":{"line":119,"column":0},"end":{"line":119,"column":20}},"119":{"start":{"line":120,"column":0},"end":{"line":120,"column":34}},"120":{"start":{"line":121,"column":0},"end":{"line":121,"column":45}},"121":{"start":{"line":122,"column":0},"end":{"line":122,"column":14}},"122":{"start":{"line":123,"column":0},"end":{"line":123,"column":12}},"123":{"start":{"line":124,"column":0},"end":{"line":124,"column":10}},"124":{"start":{"line":125,"column":0},"end":{"line":125,"column":7}},"125":{"start":{"line":126,"column":0},"end":{"line":126,"column":33}},"126":{"start":{"line":127,"column":0},"end":{"line":127,"column":5}},"128":{"start":{"line":129,"column":0},"end":{"line":129,"column":17}},"129":{"start":{"line":130,"column":0},"end":{"line":130,"column":3}},"131":{"start":{"line":132,"column":0},"end":{"line":132,"column":10}},"132":{"start":{"line":133,"column":0},"end":{"line":133,"column":11}},"133":{"start":{"line":134,"column":0},"end":{"line":134,"column":11}},"134":{"start":{"line":135,"column":0},"end":{"line":135,"column":9}},"135":{"start":{"line":136,"column":0},"end":{"line":136,"column":15}},"136":{"start":{"line":137,"column":0},"end":{"line":137,"column":4}},"137":{"start":{"line":138,"column":0},"end":{"line":138,"column":1}}},"s":{"0":1,"1":1,"2":1,"3":1,"9":1,"10":1,"22":1,"31":13,"32":13,"33":13,"34":13,"35":13,"36":13,"38":1,"39":2,"40":2,"41":2,"44":2,"45":2,"47":2,"48":2,"49":2,"50":2,"51":0,"52":0,"53":0,"54":0,"56":0,"57":0,"58":0,"59":0,"60":0,"61":0,"62":0,"63":0,"64":0,"65":0,"66":2,"67":2,"69":1,"70":8,"71":8,"72":8,"73":8,"74":8,"75":8,"76":8,"77":8,"78":8,"79":8,"80":8,"82":8,"83":8,"84":8,"85":8,"86":8,"87":8,"88":8,"89":8,"90":8,"92":8,"93":8,"94":8,"96":8,"97":0,"98":0,"99":0,"100":0,"102":8,"103":6,"104":5,"105":5,"106":5,"107":6,"109":8,"110":9,"111":8,"113":8,"114":4,"115":4,"116":4,"117":4,"118":4,"119":4,"120":4,"121":4,"122":4,"123":4,"124":4,"125":8,"126":8,"128":9,"129":9,"131":8,"132":8,"133":8,"134":8,"135":8,"136":8,"137":8},"branchMap":{"0":{"type":"branch","line":32,"loc":{"start":{"line":32,"column":0},"end":{"line":37,"column":1}},"locations":[{"start":{"line":32,"column":0},"end":{"line":37,"column":1}}]},"1":{"type":"branch","line":39,"loc":{"start":{"line":39,"column":7},"end":{"line":68,"column":1}},"locations":[{"start":{"line":39,"column":7},"end":{"line":68,"column":1}}]},"2":{"type":"branch","line":70,"loc":{"start":{"line":70,"column":32},"end":{"line":81,"column":2}},"locations":[{"start":{"line":70,"column":32},"end":{"line":81,"column":2}}]},"3":{"type":"branch","line":83,"loc":{"start":{"line":83,"column":0},"end":{"line":138,"column":1}},"locations":[{"start":{"line":83,"column":0},"end":{"line":138,"column":1}}]},"4":{"type":"branch","line":103,"loc":{"start":{"line":103,"column":2},"end":{"line":108,"column":3}},"locations":[{"start":{"line":103,"column":2},"end":{"line":108,"column":3}}]},"5":{"type":"branch","line":104,"loc":{"start":{"line":104,"column":35},"end":{"line":107,"column":5}},"locations":[{"start":{"line":104,"column":35},"end":{"line":107,"column":5}}]},"6":{"type":"branch","line":110,"loc":{"start":{"line":110,"column":2},"end":{"line":130,"column":3}},"locations":[{"start":{"line":110,"column":2},"end":{"line":130,"column":3}}]},"7":{"type":"branch","line":111,"loc":{"start":{"line":111,"column":35},"end":{"line":127,"column":5}},"locations":[{"start":{"line":111,"column":35},"end":{"line":127,"column":5}}]},"8":{"type":"branch","line":114,"loc":{"start":{"line":114,"column":27},"end":{"line":114,"column":70}},"locations":[{"start":{"line":114,"column":27},"end":{"line":114,"column":70}}]},"9":{"type":"branch","line":114,"loc":{"start":{"line":114,"column":70},"end":{"line":125,"column":7}},"locations":[{"start":{"line":114,"column":70},"end":{"line":125,"column":7}}]}},"b":{"0":[13],"1":[2],"2":[8],"3":[8],"4":[6],"5":[5],"6":[9],"7":[8],"8":[4],"9":[4]},"fnMap":{"0":{"name":"getPointersDistance","decl":{"start":{"line":32,"column":0},"end":{"line":37,"column":1}},"loc":{"start":{"line":32,"column":0},"end":{"line":37,"column":1}},"line":32},"1":{"name":"usePinch","decl":{"start":{"line":39,"column":7},"end":{"line":68,"column":1}},"loc":{"start":{"line":39,"column":7},"end":{"line":68,"column":1}},"line":39},"2":{"name":"pinchComposition","decl":{"start":{"line":70,"column":32},"end":{"line":81,"column":2}},"loc":{"start":{"line":70,"column":32},"end":{"line":81,"column":2}},"line":70},"3":{"name":"pinchBase","decl":{"start":{"line":83,"column":0},"end":{"line":138,"column":1}},"loc":{"start":{"line":83,"column":0},"end":{"line":138,"column":1}},"line":83},"4":{"name":"onUp","decl":{"start":{"line":97,"column":2},"end":{"line":101,"column":3}},"loc":{"start":{"line":97,"column":2},"end":{"line":101,"column":3}},"line":97},"5":{"name":"onDown","decl":{"start":{"line":103,"column":2},"end":{"line":108,"column":3}},"loc":{"start":{"line":103,"column":2},"end":{"line":108,"column":3}},"line":103},"6":{"name":"onMove","decl":{"start":{"line":110,"column":2},"end":{"line":130,"column":3}},"loc":{"start":{"line":110,"column":2},"end":{"line":130,"column":3}},"line":110}},"f":{"0":13,"1":2,"2":8,"3":8,"4":0,"5":6,"6":9}}
,"/home/rezi/svelte-gestures/src/gestures/press/press.svelte.ts": {"path":"/home/rezi/svelte-gestures/src/gestures/press/press.svelte.ts","all":false,"statementMap":{"0":{"start":{"line":1,"column":0},"end":{"line":1,"column":8}},"1":{"start":{"line":2,"column":0},"end":{"line":2,"column":15}},"2":{"start":{"line":3,"column":0},"end":{"line":3,"column":22}},"7":{"start":{"line":8,"column":0},"end":{"line":8,"column":22}},"8":{"start":{"line":9,"column":0},"end":{"line":9,"column":22}},"9":{"start":{"line":10,"column":0},"end":{"line":10,"column":57}},"26":{"start":{"line":27,"column":0},"end":{"line":27,"column":37}},"32":{"start":{"line":33,"column":0},"end":{"line":33,"column":25}},"33":{"start":{"line":34,"column":0},"end":{"line":34,"column":40}},"34":{"start":{"line":35,"column":0},"end":{"line":35,"column":50}},"35":{"start":{"line":36,"column":0},"end":{"line":36,"column":90}},"36":{"start":{"line":37,"column":0},"end":{"line":37,"column":3}},"37":{"start":{"line":38,"column":0},"end":{"line":38,"column":56}},"39":{"start":{"line":40,"column":0},"end":{"line":40,"column":9}},"40":{"start":{"line":41,"column":0},"end":{"line":41,"column":18}},"41":{"start":{"line":42,"column":0},"end":{"line":42,"column":32}},"42":{"start":{"line":43,"column":0},"end":{"line":43,"column":51}},"43":{"start":{"line":44,"column":0},"end":{"line":44,"column":76}},"44":{"start":{"line":45,"column":0},"end":{"line":45,"column":9}},"45":{"start":{"line":46,"column":0},"end":{"line":46,"column":23}},"46":{"start":{"line":47,"column":0},"end":{"line":47,"column":5}},"48":{"start":{"line":49,"column":0},"end":{"line":49,"column":46}},"49":{"start":{"line":50,"column":0},"end":{"line":50,"column":16}},"50":{"start":{"line":51,"column":0},"end":{"line":51,"column":9}},"51":{"start":{"line":52,"column":0},"end":{"line":52,"column":11}},"52":{"start":{"line":53,"column":0},"end":{"line":53,"column":11}},"53":{"start":{"line":54,"column":0},"end":{"line":54,"column":9}},"54":{"start":{"line":55,"column":0},"end":{"line":55,"column":27}},"55":{"start":{"line":56,"column":0},"end":{"line":56,"column":22}},"56":{"start":{"line":57,"column":0},"end":{"line":57,"column":5}},"58":{"start":{"line":59,"column":0},"end":{"line":59,"column":17}},"59":{"start":{"line":60,"column":0},"end":{"line":60,"column":30}},"60":{"start":{"line":61,"column":0},"end":{"line":61,"column":23}},"61":{"start":{"line":62,"column":0},"end":{"line":62,"column":5}},"62":{"start":{"line":63,"column":0},"end":{"line":63,"column":3}},"63":{"start":{"line":64,"column":0},"end":{"line":64,"column":3}},"64":{"start":{"line":65,"column":0},"end":{"line":65,"column":1}},"66":{"start":{"line":67,"column":0},"end":{"line":67,"column":33}},"67":{"start":{"line":68,"column":0},"end":{"line":68,"column":19}},"68":{"start":{"line":69,"column":0},"end":{"line":69,"column":43}},"69":{"start":{"line":70,"column":0},"end":{"line":70,"column":27}},"70":{"start":{"line":71,"column":0},"end":{"line":71,"column":79}},"72":{"start":{"line":73,"column":0},"end":{"line":73,"column":9}},"73":{"start":{"line":74,"column":0},"end":{"line":74,"column":9}},"74":{"start":{"line":75,"column":0},"end":{"line":75,"column":9}},"75":{"start":{"line":76,"column":0},"end":{"line":76,"column":7}},"76":{"start":{"line":77,"column":0},"end":{"line":77,"column":29}},"77":{"start":{"line":78,"column":0},"end":{"line":78,"column":3}},"78":{"start":{"line":79,"column":0},"end":{"line":79,"column":2}},"80":{"start":{"line":81,"column":0},"end":{"line":81,"column":83}},"81":{"start":{"line":82,"column":0},"end":{"line":82,"column":38}},"82":{"start":{"line":83,"column":0},"end":{"line":83,"column":18}},"83":{"start":{"line":84,"column":0},"end":{"line":84,"column":27}},"84":{"start":{"line":85,"column":0},"end":{"line":85,"column":31}},"85":{"start":{"line":86,"column":0},"end":{"line":86,"column":31}},"86":{"start":{"line":87,"column":0},"end":{"line":87,"column":22}},"87":{"start":{"line":88,"column":0},"end":{"line":88,"column":20}},"88":{"start":{"line":89,"column":0},"end":{"line":89,"column":3}},"90":{"start":{"line":91,"column":0},"end":{"line":91,"column":47}},"92":{"start":{"line":93,"column":0},"end":{"line":93,"column":23}},"93":{"start":{"line":94,"column":0},"end":{"line":94,"column":21}},"94":{"start":{"line":95,"column":0},"end":{"line":95,"column":21}},"95":{"start":{"line":96,"column":0},"end":{"line":96,"column":36}},"96":{"start":{"line":97,"column":0},"end":{"line":97,"column":44}},"97":{"start":{"line":98,"column":0},"end":{"line":98,"column":32}},"98":{"start":{"line":99,"column":0},"end":{"line":99,"column":23}},"100":{"start":{"line":101,"column":0},"end":{"line":101,"column":71}},"101":{"start":{"line":102,"column":0},"end":{"line":102,"column":6}},"102":{"start":{"line":103,"column":0},"end":{"line":103,"column":52}},"103":{"start":{"line":104,"column":0},"end":{"line":104,"column":52}},"104":{"start":{"line":105,"column":0},"end":{"line":105,"column":48}},"105":{"start":{"line":106,"column":0},"end":{"line":106,"column":5}},"106":{"start":{"line":107,"column":0},"end":{"line":107,"column":45}},"107":{"start":{"line":108,"column":0},"end":{"line":108,"column":44}},"108":{"start":{"line":109,"column":0},"end":{"line":109,"column":43}},"110":{"start":{"line":111,"column":0},"end":{"line":111,"column":20}},"111":{"start":{"line":112,"column":0},"end":{"line":112,"column":22}},"112":{"start":{"line":113,"column":0},"end":{"line":113,"column":59}},"113":{"start":{"line":114,"column":0},"end":{"line":114,"column":14}},"114":{"start":{"line":115,"column":0},"end":{"line":115,"column":8}},"115":{"start":{"line":116,"column":0},"end":{"line":116,"column":8}},"116":{"start":{"line":117,"column":0},"end":{"line":117,"column":27}},"117":{"start":{"line":118,"column":0},"end":{"line":118,"column":36}},"118":{"start":{"line":119,"column":0},"end":{"line":119,"column":6}},"119":{"start":{"line":120,"column":0},"end":{"line":120,"column":6}},"120":{"start":{"line":121,"column":0},"end":{"line":121,"column":5}},"121":{"start":{"line":122,"column":0},"end":{"line":122,"column":3}},"122":{"start":{"line":123,"column":0},"end":{"line":123,"column":2}},"124":{"start":{"line":125,"column":0},"end":{"line":125,"column":67}},"125":{"start":{"line":126,"column":0},"end":{"line":126,"column":24}},"126":{"start":{"line":127,"column":0},"end":{"line":127,"column":28}},"127":{"start":{"line":128,"column":0},"end":{"line":128,"column":47}},"128":{"start":{"line":129,"column":0},"end":{"line":129,"column":3}},"129":{"start":{"line":130,"column":0},"end":{"line":130,"column":2}},"131":{"start":{"line":132,"column":0},"end":{"line":132,"column":69}},"132":{"start":{"line":133,"column":0},"end":{"line":133,"column":32}},"133":{"start":{"line":134,"column":0},"end":{"line":134,"column":32}},"135":{"start":{"line":136,"column":0},"end":{"line":136,"column":19}},"136":{"start":{"line":137,"column":0},"end":{"line":137,"column":2}},"138":{"start":{"line":139,"column":0},"end":{"line":139,"column":69}},"140":{"start":{"line":141,"column":0},"end":{"line":141,"column":38}},"141":{"start":{"line":142,"column":0},"end":{"line":142,"column":32}},"142":{"start":{"line":143,"column":0},"end":{"line":143,"column":23}},"143":{"start":{"line":144,"column":0},"end":{"line":144,"column":5}},"144":{"start":{"line":145,"column":0},"end":{"line":145,"column":10}},"145":{"start":{"line":146,"column":0},"end":{"line":146,"column":45}},"146":{"start":{"line":147,"column":0},"end":{"line":147,"column":3}},"149":{"start":{"line":150,"column":0},"end":{"line":150,"column":74}},"151":{"start":{"line":152,"column":0},"end":{"line":152,"column":20}},"152":{"start":{"line":153,"column":0},"end":{"line":153,"column":26}},"153":{"start":{"line":154,"column":0},"end":{"line":154,"column":26}},"154":{"start":{"line":155,"column":0},"end":{"line":155,"column":25}},"155":{"start":{"line":156,"column":0},"end":{"line":156,"column":29}},"156":{"start":{"line":157,"column":0},"end":{"line":157,"column":32}},"157":{"start":{"line":158,"column":0},"end":{"line":158,"column":32}},"159":{"start":{"line":160,"column":0},"end":{"line":160,"column":41}},"160":{"start":{"line":161,"column":0},"end":{"line":161,"column":31}},"161":{"start":{"line":162,"column":0},"end":{"line":162,"column":30}},"163":{"start":{"line":164,"column":0},"end":{"line":164,"column":48}},"164":{"start":{"line":165,"column":0},"end":{"line":165,"column":32}},"165":{"start":{"line":166,"column":0},"end":{"line":166,"column":3}},"166":{"start":{"line":167,"column":0},"end":{"line":167,"column":2}},"168":{"start":{"line":169,"column":0},"end":{"line":169,"column":30}},"169":{"start":{"line":170,"column":0},"end":{"line":170,"column":24}},"170":{"start":{"line":171,"column":0},"end":{"line":171,"column":2}},"172":{"start":{"line":173,"column":0},"end":{"line":173,"column":63}},"173":{"start":{"line":174,"column":0},"end":{"line":174,"column":1}}},"s":{"0":1,"1":1,"2":1,"7":1,"8":1,"9":1,"26":1,"32":1,"33":2,"34":2,"35":2,"36":2,"37":2,"39":2,"40":2,"41":2,"42":2,"43":0,"44":0,"45":0,"46":0,"48":0,"49":0,"50":0,"51":0,"52":0,"53":0,"54":0,"55":0,"56":0,"58":0,"59":0,"60":0,"61":0,"62":0,"63":2,"64":2,"66":1,"67":10,"68":10,"69":10,"70":10,"72":10,"73":10,"74":10,"75":10,"76":10,"77":10,"78":10,"80":10,"81":10,"82":10,"83":10,"84":10,"85":10,"86":10,"87":10,"88":10,"90":10,"92":10,"93":10,"94":10,"95":10,"96":10,"97":10,"98":10,"100":10,"101":7,"102":7,"103":5,"104":5,"105":7,"106":4,"107":4,"108":4,"110":4,"111":4,"112":4,"113":4,"114":4,"115":4,"116":4,"117":4,"118":4,"119":4,"120":4,"121":4,"122":7,"124":10,"125":6,"126":6,"127":6,"128":6,"129":6,"131":10,"132":3,"133":3,"135":3,"136":3,"138":10,"140":8,"141":8,"142":0,"143":0,"144":8,"145":0,"146":0,"149":8,"151":8,"152":8,"153":8,"154":8,"155":8,"156":8,"157":8,"159":8,"160":1,"161":1,"163":1,"164":1,"165":1,"166":8,"168":10,"169":0,"170":0,"172":10,"173":10},"branchMap":{"0":{"type":"branch","line":33,"loc":{"start":{"line":33,"column":7},"end":{"line":65,"column":1}},"locations":[{"start":{"line":33,"column":7},"end":{"line":65,"column":1}}]},"1":{"type":"branch","line":67,"loc":{"start":{"line":67,"column":32},"end":{"line":79,"column":2}},"locations":[{"start":{"line":67,"column":32},"end":{"line":79,"column":2}}]},"2":{"type":"branch","line":81,"loc":{"start":{"line":81,"column":0},"end":{"line":174,"column":1}},"locations":[{"start":{"line":81,"column":0},"end":{"line":174,"column":1}}]},"3":{"type":"branch","line":101,"loc":{"start":{"line":101,"column":1},"end":{"line":123,"column":2}},"locations":[{"start":{"line":101,"column":1},"end":{"line":123,"column":2}}]},"4":{"type":"branch","line":103,"loc":{"start":{"line":103,"column":43},"end":{"line":104,"column":52}},"locations":[{"start":{"line":103,"column":43},"end":{"line":104,"column":52}}]},"5":{"type":"branch","line":104,"loc":{"start":{"line":104,"column":43},"end":{"line":105,"column":48}},"locations":[{"start":{"line":104,"column":43},"end":{"line":105,"column":48}}]},"6":{"type":"branch","line":106,"loc":{"start":{"line":106,"column":4},"end":{"line":122,"column":3}},"locations":[{"start":{"line":106,"column":4},"end":{"line":122,"column":3}}]},"7":{"type":"branch","line":125,"loc":{"start":{"line":125,"column":1},"end":{"line":130,"column":2}},"locations":[{"start":{"line":125,"column":1},"end":{"line":130,"column":2}}]},"8":{"type":"branch","line":132,"loc":{"start":{"line":132,"column":1},"end":{"line":137,"column":2}},"locations":[{"start":{"line":132,"column":1},"end":{"line":137,"column":2}}]},"9":{"type":"branch","line":139,"loc":{"start":{"line":139,"column":1},"end":{"line":167,"column":2}},"locations":[{"start":{"line":139,"column":1},"end":{"line":167,"column":2}}]},"10":{"type":"branch","line":145,"loc":{"start":{"line":145,"column":2},"end":{"line":147,"column":3}},"locations":[{"start":{"line":145,"column":2},"end":{"line":147,"column":3}}]},"11":{"type":"branch","line":150,"loc":{"start":{"line":150,"column":58},"end":{"line":150,"column":74}},"locations":[{"start":{"line":150,"column":58},"end":{"line":150,"column":74}}]},"12":{"type":"branch","line":160,"loc":{"start":{"line":160,"column":40},"end":{"line":166,"column":3}},"locations":[{"start":{"line":160,"column":40},"end":{"line":166,"column":3}}]},"13":{"type":"branch","line":161,"loc":{"start":{"line":161,"column":24},"end":{"line":165,"column":6}},"locations":[{"start":{"line":161,"column":24},"end":{"line":165,"column":6}}]}},"b":{"0":[2],"1":[10],"2":[10],"3":[7],"4":[5],"5":[5],"6":[4],"7":[6],"8":[3],"9":[8],"10":[0],"11":[0],"12":[1],"13":[1]},"fnMap":{"0":{"name":"usePress","decl":{"start":{"line":33,"column":7},"end":{"line":65,"column":1}},"loc":{"start":{"line":33,"column":7},"end":{"line":65,"column":1}},"line":33},"1":{"name":"pressComposition","decl":{"start":{"line":67,"column":32},"end":{"line":79,"column":2}},"loc":{"start":{"line":67,"column":32},"end":{"line":79,"column":2}},"line":67},"2":{"name":"pressBase","decl":{"start":{"line":81,"column":0},"end":{"line":174,"column":1}},"loc":{"start":{"line":81,"column":0},"end":{"line":174,"column":1}},"line":81},"3":{"name":"onDone","decl":{"start":{"line":101,"column":1},"end":{"line":123,"column":2}},"loc":{"start":{"line":101,"column":1},"end":{"line":123,"column":2}},"line":101},"4":{"name":"onUp","decl":{"start":{"line":125,"column":1},"end":{"line":130,"column":2}},"loc":{"start":{"line":125,"column":1},"end":{"line":130,"column":2}},"line":125},"5":{"name":"onMove","decl":{"start":{"line":132,"column":1},"end":{"line":137,"column":2}},"loc":{"start":{"line":132,"column":1},"end":{"line":137,"column":2}},"line":132},"6":{"name":"onDown","decl":{"start":{"line":139,"column":1},"end":{"line":167,"column":2}},"loc":{"start":{"line":139,"column":1},"end":{"line":167,"column":2}},"line":139},"7":{"name":"node.oncontextmenu","decl":{"start":{"line":142,"column":24},"end":{"line":144,"column":5}},"loc":{"start":{"line":142,"column":24},"end":{"line":144,"column":5}},"line":142},"8":{"name":"clearTimeoutWrap","decl":{"start":{"line":169,"column":1},"end":{"line":171,"column":2}},"loc":{"start":{"line":169,"column":1},"end":{"line":171,"column":2}},"line":169}},"f":{"0":2,"1":10,"2":10,"3":7,"4":6,"5":3,"6":8,"7":0,"8":0}}
,"/home/rezi/svelte-gestures/src/gestures/rotate/rotate.svelte.ts": {"path":"/home/rezi/svelte-gestures/src/gestures/rotate/rotate.svelte.ts","all":false,"statementMap":{"0":{"start":{"line":1,"column":0},"end":{"line":1,"column":8}},"1":{"start":{"line":2,"column":0},"end":{"line":2,"column":23}},"2":{"start":{"line":3,"column":0},"end":{"line":3,"column":23}},"8":{"start":{"line":9,"column":0},"end":{"line":9,"column":24}},"9":{"start":{"line":10,"column":0},"end":{"line":10,"column":22}},"10":{"start":{"line":11,"column":0},"end":{"line":11,"column":57}},"22":{"start":{"line":23,"column":0},"end":{"line":23,"column":38}},"31":{"start":{"line":32,"column":0},"end":{"line":32,"column":60}},"32":{"start":{"line":33,"column":0},"end":{"line":33,"column":24}},"33":{"start":{"line":34,"column":0},"end":{"line":34,"column":36}},"34":{"start":{"line":35,"column":0},"end":{"line":35,"column":35}},"35":{"start":{"line":36,"column":0},"end":{"line":36,"column":4}},"37":{"start":{"line":38,"column":0},"end":{"line":38,"column":66}},"38":{"start":{"line":39,"column":0},"end":{"line":39,"column":67}},"51":{"start":{"line":52,"column":0},"end":{"line":52,"column":60}},"53":{"start":{"line":54,"column":0},"end":{"line":54,"column":74}},"54":{"start":{"line":55,"column":0},"end":{"line":55,"column":28}},"55":{"start":{"line":56,"column":0},"end":{"line":56,"column":57}},"57":{"start":{"line":58,"column":0},"end":{"line":58,"column":36}},"58":{"start":{"line":59,"column":0},"end":{"line":59,"column":1}},"60":{"start":{"line":61,"column":0},"end":{"line":61,"column":26}},"61":{"start":{"line":62,"column":0},"end":{"line":62,"column":42}},"62":{"start":{"line":63,"column":0},"end":{"line":63,"column":52}},"63":{"start":{"line":64,"column":0},"end":{"line":64,"column":25}},"66":{"start":{"line":67,"column":0},"end":{"line":67,"column":3}},"67":{"start":{"line":68,"column":0},"end":{"line":68,"column":57}},"69":{"start":{"line":70,"column":0},"end":{"line":70,"column":10}},"70":{"start":{"line":71,"column":0},"end":{"line":71,"column":20}},"71":{"start":{"line":72,"column":0},"end":{"line":72,"column":34}},"72":{"start":{"line":73,"column":0},"end":{"line":73,"column":53}},"73":{"start":{"line":74,"column":0},"end":{"line":74,"column":62}},"74":{"start":{"line":75,"column":0},"end":{"line":75,"column":13}},"75":{"start":{"line":76,"column":0},"end":{"line":76,"column":27}},"76":{"start":{"line":77,"column":0},"end":{"line":77,"column":8}},"77":{"start":{"line":78,"column":0},"end":{"line":78,"column":32}},"78":{"start":{"line":79,"column":0},"end":{"line":79,"column":20}},"79":{"start":{"line":80,"column":0},"end":{"line":80,"column":13}},"80":{"start":{"line":81,"column":0},"end":{"line":81,"column":15}},"81":{"start":{"line":82,"column":0},"end":{"line":82,"column":15}},"82":{"start":{"line":83,"column":0},"end":{"line":83,"column":13}},"83":{"start":{"line":84,"column":0},"end":{"line":84,"column":31}},"84":{"start":{"line":85,"column":0},"end":{"line":85,"column":26}},"85":{"start":{"line":86,"column":0},"end":{"line":86,"column":16}},"86":{"start":{"line":87,"column":0},"end":{"line":87,"column":6}},"87":{"start":{"line":88,"column":0},"end":{"line":88,"column":4}},"88":{"start":{"line":89,"column":0},"end":{"line":89,"column":1}},"90":{"start":{"line":91,"column":0},"end":{"line":91,"column":34}},"91":{"start":{"line":92,"column":0},"end":{"line":92,"column":20}},"92":{"start":{"line":93,"column":0},"end":{"line":93,"column":45}},"93":{"start":{"line":94,"column":0},"end":{"line":94,"column":27}},"94":{"start":{"line":95,"column":0},"end":{"line":95,"column":58}},"95":{"start":{"line":96,"column":0},"end":{"line":96,"column":9}},"96":{"start":{"line":97,"column":0},"end":{"line":97,"column":19}},"97":{"start":{"line":98,"column":0},"end":{"line":98,"column":4}},"99":{"start":{"line":100,"column":0},"end":{"line":100,"column":10}},"100":{"start":{"line":101,"column":0},"end":{"line":101,"column":11}},"101":{"start":{"line":102,"column":0},"end":{"line":102,"column":11}},"102":{"start":{"line":103,"column":0},"end":{"line":103,"column":9}},"103":{"start":{"line":104,"column":0},"end":{"line":104,"column":32}},"104":{"start":{"line":105,"column":0},"end":{"line":105,"column":4}},"105":{"start":{"line":106,"column":0},"end":{"line":106,"column":2}},"107":{"start":{"line":108,"column":0},"end":{"line":108,"column":20}},"108":{"start":{"line":109,"column":0},"end":{"line":109,"column":20}},"109":{"start":{"line":110,"column":0},"end":{"line":110,"column":45}},"110":{"start":{"line":111,"column":0},"end":{"line":111,"column":3}},"111":{"start":{"line":112,"column":0},"end":{"line":112,"column":40}},"112":{"start":{"line":113,"column":0},"end":{"line":113,"column":38}},"113":{"start":{"line":114,"column":0},"end":{"line":114,"column":20}},"114":{"start":{"line":115,"column":0},"end":{"line":115,"column":23}},"115":{"start":{"line":116,"column":0},"end":{"line":116,"column":4}},"117":{"start":{"line":118,"column":0},"end":{"line":118,"column":36}},"118":{"start":{"line":119,"column":0},"end":{"line":119,"column":20}},"119":{"start":{"line":120,"column":0},"end":{"line":120,"column":28}},"121":{"start":{"line":122,"column":0},"end":{"line":122,"column":47}},"122":{"start":{"line":123,"column":0},"end":{"line":123,"column":36}},"123":{"start":{"line":124,"column":0},"end":{"line":124,"column":28}},"124":{"start":{"line":125,"column":0},"end":{"line":125,"column":5}},"125":{"start":{"line":126,"column":0},"end":{"line":126,"column":3}},"127":{"start":{"line":128,"column":0},"end":{"line":128,"column":49}},"128":{"start":{"line":129,"column":0},"end":{"line":129,"column":36}},"129":{"start":{"line":130,"column":0},"end":{"line":130,"column":50}},"130":{"start":{"line":131,"column":0},"end":{"line":131,"column":37}},"131":{"start":{"line":132,"column":0},"end":{"line":132,"column":9}},"133":{"start":{"line":134,"column":0},"end":{"line":134,"column":64}},"135":{"start":{"line":136,"column":0},"end":{"line":136,"column":52}},"136":{"start":{"line":137,"column":0},"end":{"line":137,"column":5}},"137":{"start":{"line":138,"column":0},"end":{"line":138,"column":3}},"139":{"start":{"line":140,"column":0},"end":{"line":140,"column":70}},"140":{"start":{"line":141,"column":0},"end":{"line":141,"column":36}},"141":{"start":{"line":142,"column":0},"end":{"line":142,"column":57}},"143":{"start":{"line":144,"column":0},"end":{"line":144,"column":62}},"145":{"start":{"line":146,"column":0},"end":{"line":146,"column":44}},"148":{"start":{"line":149,"column":0},"end":{"line":149,"column":29}},"149":{"start":{"line":150,"column":0},"end":{"line":150,"column":26}},"150":{"start":{"line":151,"column":0},"end":{"line":151,"column":9}},"151":{"start":{"line":152,"column":0},"end":{"line":152,"column":45}},"153":{"start":{"line":154,"column":0},"end":{"line":154,"column":27}},"154":{"start":{"line":155,"column":0},"end":{"line":155,"column":66}},"155":{"start":{"line":156,"column":0},"end":{"line":156,"column":21}},"156":{"start":{"line":157,"column":0},"end":{"line":157,"column":23}},"157":{"start":{"line":158,"column":0},"end":{"line":158,"column":37}},"158":{"start":{"line":159,"column":0},"end":{"line":159,"column":45}},"159":{"start":{"line":160,"column":0},"end":{"line":160,"column":14}},"160":{"start":{"line":161,"column":0},"end":{"line":161,"column":12}},"161":{"start":{"line":162,"column":0},"end":{"line":162,"column":10}},"162":{"start":{"line":163,"column":0},"end":{"line":163,"column":7}},"163":{"start":{"line":164,"column":0},"end":{"line":164,"column":27}},"164":{"start":{"line":165,"column":0},"end":{"line":165,"column":5}},"166":{"start":{"line":167,"column":0},"end":{"line":167,"column":17}},"167":{"start":{"line":168,"column":0},"end":{"line":168,"column":3}},"169":{"start":{"line":170,"column":0},"end":{"line":170,"column":46}},"170":{"start":{"line":171,"column":0},"end":{"line":171,"column":1}}},"s":{"0":1,"1":1,"2":1,"8":1,"9":1,"10":1,"22":1,"31":13,"32":13,"33":13,"34":13,"35":13,"37":13,"38":13,"51":13,"53":13,"54":13,"55":13,"57":13,"58":13,"60":1,"61":2,"62":2,"63":2,"66":2,"67":2,"69":2,"70":2,"71":2,"72":2,"73":0,"74":0,"75":0,"76":0,"77":0,"78":0,"79":0,"80":0,"81":0,"82":0,"83":0,"84":0,"85":0,"86":0,"87":2,"88":2,"90":1,"91":8,"92":8,"93":8,"94":8,"95":8,"96":8,"97":8,"99":8,"100":8,"101":8,"102":8,"103":8,"104":8,"105":8,"107":8,"108":8,"109":8,"110":8,"111":8,"112":8,"113":8,"114":8,"115":8,"117":8,"118":8,"119":8,"121":8,"122":0,"123":0,"124":0,"125":0,"127":8,"128":6,"129":5,"130":5,"131":5,"133":5,"135":5,"136":5,"137":6,"139":8,"140":9,"141":8,"143":8,"145":4,"148":4,"149":0,"150":0,"151":4,"153":4,"154":4,"155":4,"156":4,"157":4,"158":4,"159":4,"160":4,"161":4,"162":4,"163":8,"164":8,"166":9,"167":9,"169":8,"170":8},"branchMap":{"0":{"type":"branch","line":32,"loc":{"start":{"line":32,"column":0},"end":{"line":59,"column":1}},"locations":[{"start":{"line":32,"column":0},"end":{"line":59,"column":1}}]},"1":{"type":"branch","line":54,"loc":{"start":{"line":54,"column":31},"end":{"line":54,"column":56}},"locations":[{"start":{"line":54,"column":31},"end":{"line":54,"column":56}}]},"2":{"type":"branch","line":54,"loc":{"start":{"line":54,"column":48},"end":{"line":54,"column":74}},"locations":[{"start":{"line":54,"column":48},"end":{"line":54,"column":74}}]},"3":{"type":"branch","line":56,"loc":{"start":{"line":56,"column":14},"end":{"line":56,"column":37}},"locations":[{"start":{"line":56,"column":14},"end":{"line":56,"column":37}}]},"4":{"type":"branch","line":56,"loc":{"start":{"line":56,"column":31},"end":{"line":56,"column":57}},"locations":[{"start":{"line":56,"column":31},"end":{"line":56,"column":57}}]},"5":{"type":"branch","line":61,"loc":{"start":{"line":61,"column":7},"end":{"line":89,"column":1}},"locations":[{"start":{"line":61,"column":7},"end":{"line":89,"column":1}}]},"6":{"type":"branch","line":91,"loc":{"start":{"line":91,"column":33},"end":{"line":106,"column":2}},"locations":[{"start":{"line":91,"column":33},"end":{"line":106,"column":2}}]},"7":{"type":"branch","line":108,"loc":{"start":{"line":108,"column":0},"end":{"line":171,"column":1}},"locations":[{"start":{"line":108,"column":0},"end":{"line":171,"column":1}}]},"8":{"type":"branch","line":128,"loc":{"start":{"line":128,"column":2},"end":{"line":138,"column":3}},"locations":[{"start":{"line":128,"column":2},"end":{"line":138,"column":3}}]},"9":{"type":"branch","line":129,"loc":{"start":{"line":129,"column":35},"end":{"line":137,"column":5}},"locations":[{"start":{"line":129,"column":35},"end":{"line":137,"column":5}}]},"10":{"type":"branch","line":130,"loc":{"start":{"line":130,"column":39},"end":{"line":132,"column":7}},"locations":[{"start":{"line":130,"column":39},"end":{"line":132,"column":7}}]},"11":{"type":"branch","line":140,"loc":{"start":{"line":140,"column":2},"end":{"line":168,"column":3}},"locations":[{"start":{"line":140,"column":2},"end":{"line":168,"column":3}}]},"12":{"type":"branch","line":141,"loc":{"start":{"line":141,"column":35},"end":{"line":165,"column":5}},"locations":[{"start":{"line":141,"column":35},"end":{"line":165,"column":5}}]},"13":{"type":"branch","line":144,"loc":{"start":{"line":144,"colum
[...]
ne":136,"column":47}},"136":{"start":{"line":137,"column":0},"end":{"line":137,"column":32}},"137":{"start":{"line":138,"column":0},"end":{"line":138,"column":26}},"138":{"start":{"line":139,"column":0},"end":{"line":139,"column":26}},"139":{"start":{"line":140,"column":0},"end":{"line":140,"column":17}},"140":{"start":{"line":141,"column":0},"end":{"line":141,"column":7}},"141":{"start":{"line":142,"column":0},"end":{"line":142,"column":6}},"142":{"start":{"line":143,"column":0},"end":{"line":143,"column":4}},"143":{"start":{"line":144,"column":0},"end":{"line":144,"column":2}}},"s":{"9":1,"10":13,"11":13,"12":13,"13":13,"14":13,"15":13,"17":13,"18":13,"19":13,"20":13,"21":13,"22":13,"24":13,"27":13,"29":13,"30":8,"31":8,"32":8,"34":8,"35":0,"36":0,"37":0,"38":0,"39":0,"40":0,"41":0,"42":0,"43":0,"44":0,"46":8,"47":8,"49":13,"50":10,"51":10,"52":10,"54":13,"55":8,"56":8,"57":8,"59":8,"60":8,"61":8,"62":8,"64":13,"65":3,"66":3,"67":3,"68":3,"69":3,"70":3,"71":3,"72":3,"73":3,"74":3,"75":0,"76":0,"78":3,"79":3,"80":3,"82":13,"84":8,"86":8,"87":8,"88":8,"90":8,"98":8,"100":8,"101":8,"103":8,"106":8,"108":8,"109":8,"110":8,"111":8,"112":8,"114":13,"115":10,"116":10,"117":10,"118":10,"119":10,"120":10,"122":13,"123":13,"124":3,"125":3,"126":13,"127":7,"128":7,"129":13,"130":2,"131":1,"132":1,"133":2,"134":13,"135":13,"136":2,"137":1,"138":1,"139":1,"140":1,"141":2,"142":13,"143":13},"branchMap":{"0":{"type":"branch","line":10,"loc":{"start":{"line":10,"column":50},"end":{"line":144,"column":2}},"locations":[{"start":{"line":10,"column":50},"end":{"line":144,"column":2}}]},"1":{"type":"branch","line":30,"loc":{"start":{"line":30,"column":2},"end":{"line":48,"column":3}},"locations":[{"start":{"line":30,"column":2},"end":{"line":48,"column":3}}]},"2":{"type":"branch","line":35,"loc":{"start":{"line":35,"column":35},"end":{"line":45,"column":5}},"locations":[{"start":{"line":35,"column":35},"end":{"line":45,"column":5}}]},"3":{"type":"branch","line":50,"loc":{"start":{"line":50,"column":2},"end":{"line":53,"column":3}},"locations":[{"start":{"line":50,"column":2},"end":{"line":53,"column":3}}]},"4":{"type":"branch","line":55,"loc":{"start":{"line":55,"column":2},"end":{"line":63,"column":3}},"locations":[{"start":{"line":55,"column":2},"end":{"line":63,"column":3}}]},"5":{"type":"branch","line":65,"loc":{"start":{"line":65,"column":2},"end":{"line":81,"column":3}},"locations":[{"start":{"line":65,"column":2},"end":{"line":81,"column":3}}]},"6":{"type":"branch","line":68,"loc":{"start":{"line":68,"column":30},"end":{"line":68,"column":63}},"locations":[{"start":{"line":68,"column":30},"end":{"line":68,"column":63}}]},"7":{"type":"branch","line":70,"loc":{"start":{"line":70,"column":32},"end":{"line":70,"column":57}},"locations":[{"start":{"line":70,"column":32},"end":{"line":70,"column":57}}]},"8":{"type":"branch","line":75,"loc":{"start":{"line":75,"column":6},"end":{"line":77,"column":7}},"locations":[{"start":{"line":75,"column":6},"end":{"line":77,"column":7}}]},"9":{"type":"branch","line":83,"loc":{"start":{"line":83,"column":2},"end":{"line":113,"column":3}},"locations":[{"start":{"line":83,"column":2},"end":{"line":113,"column":3}}]},"10":{"type":"branch","line":99,"loc":{"start":{"line":99,"column":19},"end":{"line":99,"column":45}},"locations":[{"start":{"line":99,"column":19},"end":{"line":99,"column":45}}]},"11":{"type":"branch","line":104,"loc":{"start":{"line":104,"column":4},"end":{"line":104,"column":54}},"locations":[{"start":{"line":104,"column":4},"end":{"line":104,"column":54}}]},"12":{"type":"branch","line":115,"loc":{"start":{"line":115,"column":2},"end":{"line":121,"column":3}},"locations":[{"start":{"line":115,"column":2},"end":{"line":121,"column":3}}]},"13":{"type":"branch","line":124,"loc":{"start":{"line":124,"column":12},"end":{"line":126,"column":6}},"locations":[{"start":{"line":124,"column":12},"end":{"line":126,"column":6}}]},"14":{"type":"branch","line":127,"loc":{"start":{"line":127,"column":12},"end":{"line":129,"column":6}},"locations":[{"start":{"line":127,"column":12},"end":{"line":129,"column":6}}]},"15":{"type":"branch","line":130,"loc":{"start":{"line":130,"column":10},"end":{"line":134,"column":6}},"locations":[{"start":{"line":130,"column":10},"end":{"line":134,"column":6}}]},"16":{"type":"branch","line":131,"loc":{"start":{"line":131,"column":37},"end":{"line":133,"column":7}},"locations":[{"start":{"line":131,"column":37},"end":{"line":133,"column":7}}]},"17":{"type":"branch","line":136,"loc":{"start":{"line":136,"column":12},"end":{"line":142,"column":6}},"locations":[{"start":{"line":136,"column":12},"end":{"line":142,"column":6}}]},"18":{"type":"branch","line":137,"loc":{"start":{"line":137,"column":31},"end":{"line":141,"column":7}},"locations":[{"start":{"line":137,"column":31},"end":{"line":141,"column":7}}]}},"b":{"0":[13],"1":[8],"2":[0],"3":[10],"4":[8],"5":[3],"6":[2],"7":[2],"8":[0],"9":[8],"10":[7],"11":[7],"12":[10],"13":[3],"14":[7],"15":[2],"16":[1],"17":[2],"18":[1]},"fnMap":{"0":{"name":"highlightPlugin","decl":{"start":{"line":10,"column":50},"end":{"line":144,"column":2}},"loc":{"start":{"line":10,"column":50},"end":{"line":144,"column":2}},"line":10},"1":{"name":"animate","decl":{"start":{"line":30,"column":2},"end":{"line":48,"column":3}},"loc":{"start":{"line":30,"column":2},"end":{"line":48,"column":3}},"line":30},"2":{"name":"setPosition","decl":{"start":{"line":50,"column":2},"end":{"line":53,"column":3}},"loc":{"start":{"line":50,"column":2},"end":{"line":53,"column":3}},"line":50},"3":{"name":"resize","decl":{"start":{"line":55,"column":2},"end":{"line":63,"column":3}},"loc":{"start":{"line":55,"column":2},"end":{"line":63,"column":3}},"line":55},"4":{"name":"draw","decl":{"start":{"line":65,"column":2},"end":{"line":81,"column":3}},"loc":{"start":{"line":65,"column":2},"end":{"line":81,"column":3}},"line":65},"5":{"name":"onInit","decl":{"start":{"line":83,"column":2},"end":{"line":113,"column":3}},"loc":{"start":{"line":83,"column":2},"end":{"line":113,"column":3}},"line":83},"6":{"name":"onDestroy","decl":{"start":{"line":115,"column":2},"end":{"line":121,"column":3}},"loc":{"start":{"line":115,"column":2},"end":{"line":121,"column":3}},"line":115},"7":{"name":"onMove","decl":{"start":{"line":124,"column":12},"end":{"line":126,"column":6}},"loc":{"start":{"line":124,"column":12},"end":{"line":126,"column":6}},"line":124},"8":{"name":"onDown","decl":{"start":{"line":127,"column":12},"end":{"line":129,"column":6}},"loc":{"start":{"line":127,"column":12},"end":{"line":129,"column":6}},"line":127},"9":{"name":"onUp","decl":{"start":{"line":130,"column":10},"end":{"line":134,"column":6}},"loc":{"start":{"line":130,"column":10},"end":{"line":134,"column":6}},"line":130},"10":{"name":"onInit","decl":{"start":{"line":136,"column":12},"end":{"line":142,"column":6}},"loc":{"start":{"line":136,"column":12},"end":{"line":142,"column":6}},"line":136}},"f":{"0":13,"1":8,"2":10,"3":8,"4":3,"5":8,"6":10,"7":3,"8":7,"9":2,"10":2}}
,"/home/rezi/svelte-gestures/src/plugins/plugin-touch-points.ts": {"path":"/home/rezi/svelte-gestures/src/plugins/plugin-touch-points.ts","all":false,"statementMap":{"8":{"start":{"line":9,"column":0},"end":{"line":9,"column":68}},"9":{"start":{"line":10,"column":0},"end":{"line":10,"column":21}},"10":{"start":{"line":11,"column":0},"end":{"line":11,"column":21}},"11":{"start":{"line":12,"column":0},"end":{"line":12,"column":20}},"12":{"start":{"line":13,"column":0},"end":{"line":13,"column":14}},"13":{"start":{"line":14,"column":0},"end":{"line":14,"column":4}},"15":{"start":{"line":16,"column":0},"end":{"line":16,"column":54}},"17":{"start":{"line":18,"column":0},"end":{"line":18,"column":24}},"18":{"start":{"line":19,"column":0},"end":{"line":19,"column":77}},"19":{"start":{"line":20,"column":0},"end":{"line":20,"column":3}},"21":{"start":{"line":22,"column":0},"end":{"line":22,"column":57}},"23":{"start":{"line":24,"column":0},"end":{"line":24,"column":16}},"25":{"start":{"line":26,"column":0},"end":{"line":26,"column":51}},"26":{"start":{"line":27,"column":0},"end":{"line":27,"column":48}},"28":{"start":{"line":29,"column":0},"end":{"line":29,"column":40}},"29":{"start":{"line":30,"column":0},"end":{"line":30,"column":57}},"30":{"start":{"line":31,"column":0},"end":{"line":31,"column":46}},"31":{"start":{"line":32,"column":0},"end":{"line":32,"column":29}},"33":{"start":{"line":34,"column":0},"end":{"line":34,"column":63}},"34":{"start":{"line":35,"column":0},"end":{"line":35,"column":64}},"35":{"start":{"line":36,"column":0},"end":{"line":36,"column":43}},"36":{"start":{"line":37,"column":0},"end":{"line":37,"column":44}},"38":{"start":{"line":39,"column":0},"end":{"line":39,"column":54}},"40":{"start":{"line":41,"column":0},"end":{"line":41,"column":34}},"41":{"start":{"line":42,"column":0},"end":{"line":42,"column":7}},"43":{"start":{"line":44,"column":0},"end":{"line":44,"column":29}},"51":{"start":{"line":52,"column":0},"end":{"line":52,"column":47}},"53":{"start":{"line":54,"column":0},"end":{"line":54,"column":46}},"54":{"start":{"line":55,"column":0},"end":{"line":55,"column":3}},"56":{"start":{"line":57,"column":0},"end":{"line":57,"column":10}},"57":{"start":{"line":58,"column":0},"end":{"line":58,"column":77}},"58":{"start":{"line":59,"column":0},"end":{"line":59,"column":42}},"59":{"start":{"line":60,"column":0},"end":{"line":60,"column":53}},"60":{"start":{"line":61,"column":0},"end":{"line":61,"column":38}},"61":{"start":{"line":62,"column":0},"end":{"line":62,"column":10}},"62":{"start":{"line":63,"column":0},"end":{"line":63,"column":20}},"63":{"start":{"line":64,"column":0},"end":{"line":64,"column":31}},"64":{"start":{"line":65,"column":0},"end":{"line":65,"column":64}},"65":{"start":{"line":66,"column":0},"end":{"line":66,"column":15}},"66":{"start":{"line":67,"column":0},"end":{"line":67,"column":32}},"67":{"start":{"line":68,"column":0},"end":{"line":68,"column":64}},"68":{"start":{"line":69,"column":0},"end":{"line":69,"column":15}},"69":{"start":{"line":70,"column":0},"end":{"line":70,"column":9}},"70":{"start":{"line":71,"column":0},"end":{"line":71,"column":9}},"71":{"start":{"line":72,"column":0},"end":{"line":72,"column":6}},"72":{"start":{"line":73,"column":0},"end":{"line":73,"column":77}},"73":{"start":{"line":74,"column":0},"end":{"line":74,"column":35}},"74":{"start":{"line":75,"column":0},"end":{"line":75,"column":6}},"75":{"start":{"line":76,"column":0},"end":{"line":76,"column":75}},"76":{"start":{"line":77,"column":0},"end":{"line":77,"column":38}},"77":{"start":{"line":78,"column":0},"end":{"line":78,"column":20}},"78":{"start":{"line":79,"column":0},"end":{"line":79,"column":14}},"79":{"start":{"line":80,"column":0},"end":{"line":80,"column":37}},"80":{"start":{"line":81,"column":0},"end":{"line":81,"column":7}},"81":{"start":{"line":82,"column":0},"end":{"line":82,"column":6}},"82":{"start":{"line":83,"column":0},"end":{"line":83,"column":25}},"83":{"start":{"line":84,"column":0},"end":{"line":84,"column":4}},"84":{"start":{"line":85,"column":0},"end":{"line":85,"column":2}}},"s":{"8":1,"9":14,"10":14,"11":14,"12":14,"13":14,"15":14,"17":14,"18":11,"19":11,"21":14,"23":9,"25":9,"26":9,"28":9,"29":10,"30":10,"31":10,"33":10,"34":10,"35":10,"36":10,"38":10,"40":10,"41":9,"43":9,"51":9,"53":9,"54":9,"56":14,"57":14,"58":3,"59":4,"60":4,"61":4,"62":4,"63":3,"64":3,"65":3,"66":3,"67":3,"68":3,"69":3,"70":3,"71":3,"72":14,"73":8,"74":8,"75":14,"76":2,"77":1,"78":1,"79":1,"80":1,"81":2,"82":14,"83":14,"84":14},"branchMap":{"0":{"type":"branch","line":9,"loc":{"start":{"line":9,"column":54},"end":{"line":85,"column":2}},"locations":[{"start":{"line":9,"column":54},"end":{"line":85,"column":2}}]},"1":{"type":"branch","line":18,"loc":{"start":{"line":18,"column":2},"end":{"line":20,"column":3}},"locations":[{"start":{"line":18,"column":2},"end":{"line":20,"column":3}}]},"2":{"type":"branch","line":22,"loc":{"start":{"line":22,"column":2},"end":{"line":55,"column":3}},"locations":[{"start":{"line":22,"column":2},"end":{"line":55,"column":3}}]},"3":{"type":"branch","line":52,"loc":{"start":{"line":52,"column":19},"end":{"line":52,"column":45}},"locations":[{"start":{"line":52,"column":19},"end":{"line":52,"column":45}}]},"4":{"type":"branch","line":29,"loc":{"start":{"line":29,"column":25},"end":{"line":42,"column":5}},"locations":[{"start":{"line":29,"column":25},"end":{"line":42,"column":5}}]},"5":{"type":"branch","line":34,"loc":{"start":{"line":34,"column":32},"end":{"line":34,"column":58}},"locations":[{"start":{"line":34,"column":32},"end":{"line":34,"column":58}}]},"6":{"type":"branch","line":35,"loc":{"start":{"line":35,"column":33},"end":{"line":35,"column":59}},"locations":[{"start":{"line":35,"column":33},"end":{"line":35,"column":59}}]},"7":{"type":"branch","line":36,"loc":{"start":{"line":36,"column":17},"end":{"line":36,"column":39}},"locations":[{"start":{"line":36,"column":17},"end":{"line":36,"column":39}}]},"8":{"type":"branch","line":37,"loc":{"start":{"line":37,"column":18},"end":{"line":37,"column":40}},"locations":[{"start":{"line":37,"column":18},"end":{"line":37,"column":40}}]},"9":{"type":"branch","line":39,"loc":{"start":{"line":39,"column":28},"end":{"line":39,"column":52}},"locations":[{"start":{"line":39,"column":28},"end":{"line":39,"column":52}}]},"10":{"type":"branch","line":58,"loc":{"start":{"line":58,"column":12},"end":{"line":72,"column":6}},"locations":[{"start":{"line":58,"column":12},"end":{"line":72,"column":6}}]},"11":{"type":"branch","line":59,"loc":{"start":{"line":59,"column":27},"end":{"line":71,"column":7}},"locations":[{"start":{"line":59,"column":27},"end":{"line":71,"column":7}}]},"12":{"type":"branch","line":63,"loc":{"start":{"line":63,"column":19},"end":{"line":70,"column":9}},"locations":[{"start":{"line":63,"column":19},"end":{"line":70,"column":9}}]},"13":{"type":"branch","line":65,"loc":{"start":{"line":65,"column":37},"end":{"line":65,"column":63}},"locations":[{"start":{"line":65,"column":37},"end":{"line":65,"column":63}}]},"14":{"type":"branch","line":68,"loc":{"start":{"line":68,"column":37},"end":{"line":68,"column":63}},"locations":[{"start":{"line":68,"column":37},"end":{"line":68,"column":63}}]},"15":{"type":"branch","line":73,"loc":{"start":{"line":73,"column":12},"end":{"line":75,"column":6}},"locations":[{"start":{"line":73,"column":12},"end":{"line":75,"column":6}}]},"16":{"type":"branch","line":76,"loc":{"start":{"line":76,"column":10},"end":{"line":82,"column":6}},"locations":[{"start":{"line":76,"column":10},"end":{"line":82,"column":6}}]},"17":{"type":"branch","line":77,"loc":{"start":{"line":77,"column":37},"end":{"line":81,"column":7}},"locations":[{"start":{"line":77,"column":37},"end":{"line":81,"column":7}}]}},"b":{"0":[14],"1":[11],"2":[9],"3":[8],"4":[10],"5":[7],"6":[7],"7":[7],"8":[7],"9":[9],"10":[3],"11":[4],"12":[3],"13":[0],"14":[0],"15":[8],"16":[2],"17":[1]},"fnMap":{"0":{"name":"touchPointsPlugin","decl":{"start":{"line":9,"column":54},"end":{"line":85,"column":2}},"loc":{"start":{"line":9,"column":54},"end":{"line":85,"column":2}},"line":9},"1":{"name":"onDestroy","decl":{"start":{"line":18,"column":2},"end":{"line":20,"column":3}},"loc":{"start":{"line":18,"column":2},"end":{"line":20,"column":3}},"line":18},"2":{"name":"rebuildWrapper","decl":{"start":{"line":22,"column":2},"end":{"line":55,"column":3}},"loc":{"start":{"line":22,"column":2},"end":{"line":55,"column":3}},"line":22},"3":{"name":"onMove","decl":{"start":{"line":58,"column":12},"end":{"line":72,"column":6}},"loc":{"start":{"line":58,"column":12},"end":{"line":72,"column":6}},"line":58},"4":{"name":"onDown","decl":{"start":{"line":73,"column":12},"end":{"line":75,"column":6}},"loc":{"start":{"line":73,"column":12},"end":{"line":75,"column":6}},"line":73},"5":{"name":"onUp","decl":{"start":{"line":76,"column":10},"end":{"line":82,"column":6}},"loc":{"start":{"line":76,"column":10},"end":{"line":82,"column":6}},"line":76}},"f":{"0":14,"1":11,"2":9,"3":3,"4":8,"5":2}}
,"/home/rezi/svelte-gestures/src/plugins/plugin-vibrate.ts": {"path":"/home/rezi/svelte-gestures/src/plugins/plugin-vibrate.ts","all":false,"statementMap":{"6":{"start":{"line":7,"column":0},"end":{"line":7,"column":60}},"7":{"start":{"line":8,"column":0},"end":{"line":8,"column":21}},"8":{"start":{"line":9,"column":0},"end":{"line":9,"column":75}},"9":{"start":{"line":10,"column":0},"end":{"line":10,"column":4}},"11":{"start":{"line":12,"column":0},"end":{"line":12,"column":41}},"13":{"start":{"line":14,"column":0},"end":{"line":14,"column":24}},"14":{"start":{"line":15,"column":0},"end":{"line":15,"column":29}},"15":{"start":{"line":16,"column":0},"end":{"line":16,"column":3}},"17":{"start":{"line":18,"column":0},"end":{"line":18,"column":10}},"18":{"start":{"line":19,"column":0},"end":{"line":19,"column":21}},"19":{"start":{"line":20,"column":0},"end":{"line":20,"column":19}},"20":{"start":{"line":21,"column":0},"end":{"line":21,"column":54}},"21":{"start":{"line":22,"column":0},"end":{"line":22,"column":6}},"22":{"start":{"line":23,"column":0},"end":{"line":23,"column":75}},"23":{"start":{"line":24,"column":0},"end":{"line":24,"column":38}},"24":{"start":{"line":25,"column":0},"end":{"line":25,"column":20}},"25":{"start":{"line":26,"column":0},"end":{"line":26,"column":7}},"26":{"start":{"line":27,"column":0},"end":{"line":27,"column":6}},"27":{"start":{"line":28,"column":0},"end":{"line":28,"column":25}},"28":{"start":{"line":29,"column":0},"end":{"line":29,"column":4}},"29":{"start":{"line":30,"column":0},"end":{"line":30,"column":2}}},"s":{"6":1,"7":20,"8":20,"9":20,"11":20,"13":20,"14":7,"15":7,"17":20,"18":20,"19":20,"20":15,"21":15,"22":20,"23":2,"24":1,"25":1,"26":2,"27":20,"28":20,"29":20},"branchMap":{"0":{"type":"branch","line":7,"loc":{"start":{"line":7,"column":46},"end":{"line":30,"column":2}},"locations":[{"start":{"line":7,"column":46},"end":{"line":30,"column":2}}]},"1":{"type":"branch","line":14,"loc":{"start":{"line":14,"column":2},"end":{"line":16,"column":3}},"locations":[{"start":{"line":14,"column":2},"end":{"line":16,"column":3}}]},"2":{"type":"branch","line":19,"loc":{"start":{"line":19,"column":12},"end":{"line":19,"column":21}},"locations":[{"start":{"line":19,"column":12},"end":{"line":19,"column":21}}]},"3":{"type":"branch","line":20,"loc":{"start":{"line":20,"column":12},"end":{"line":22,"column":6}},"locations":[{"start":{"line":20,"column":12},"end":{"line":22,"column":6}}]},"4":{"type":"branch","line":21,"loc":{"start":{"line":21,"column":17},"end":{"line":21,"column":54}},"locations":[{"start":{"line":21,"column":17},"end":{"line":21,"column":54}}]},"5":{"type":"branch","line":23,"loc":{"start":{"line":23,"column":10},"end":{"line":27,"column":6}},"locations":[{"start":{"line":23,"column":10},"end":{"line":27,"column":6}}]},"6":{"type":"branch","line":24,"loc":{"start":{"line":24,"column":37},"end":{"line":26,"column":7}},"locations":[{"start":{"line":24,"column":37},"end":{"line":26,"column":7}}]}},"b":{"0":[20],"1":[7],"2":[1],"3":[15],"4":[13],"5":[2],"6":[1]},"fnMap":{"0":{"name":"vibratePlugin","decl":{"start":{"line":7,"column":46},"end":{"line":30,"column":2}},"loc":{"start":{"line":7,"column":46},"end":{"line":30,"column":2}},"line":7},"1":{"name":"onDestroy","decl":{"start":{"line":14,"column":2},"end":{"line":16,"column":3}},"loc":{"start":{"line":14,"column":2},"end":{"line":16,"column":3}},"line":14},"2":{"name":"onMove","decl":{"start":{"line":19,"column":12},"end":{"line":19,"column":21}},"loc":{"start":{"line":19,"column":12},"end":{"line":19,"column":21}},"line":19},"3":{"name":"onDown","decl":{"start":{"line":20,"column":12},"end":{"line":22,"column":6}},"loc":{"start":{"line":20,"column":12},"end":{"line":22,"column":6}},"line":20},"4":{"name":"onUp","decl":{"start":{"line":23,"column":10},"end":{"line":27,"column":6}},"loc":{"start":{"line":23,"column":10},"end":{"line":27,"column":6}},"line":23}},"f":{"0":20,"1":7,"2":1,"3":15,"4":2}}
}
